{"/Users/calibraint_1/Documents/personal-tools/comp-copilot/backend/src/app.module.ts": {"path":"/Users/calibraint_1/Documents/personal-tools/comp-copilot/backend/src/app.module.ts","statementMap":{"0":{"start":{"line":1,"column":0},"end":{"line":1,"column":40}},"1":{"start":{"line":2,"column":0},"end":{"line":2,"column":61}},"2":{"start":{"line":3,"column":0},"end":{"line":3,"column":58}},"3":{"start":{"line":4,"column":0},"end":{"line":4,"column":50}},"4":{"start":{"line":5,"column":0},"end":{"line":5,"column":52}},"5":{"start":{"line":6,"column":0},"end":{"line":6,"column":65}},"6":{"start":{"line":7,"column":0},"end":{"line":7,"column":77}},"7":{"start":{"line":8,"column":0},"end":{"line":8,"column":95}},"8":{"start":{"line":9,"column":0},"end":{"line":9,"column":98}},"9":{"start":{"line":10,"column":0},"end":{"line":10,"column":66}},"10":{"start":{"line":11,"column":0},"end":{"line":11,"column":94}},"11":{"start":{"line":12,"column":0},"end":{"line":12,"column":60}},"12":{"start":{"line":13,"column":0},"end":{"line":13,"column":82}},"13":{"start":{"line":14,"column":0},"end":{"line":14,"column":62}},"14":{"start":{"line":42,"column":7},"end":{"line":42,"column":null}},"15":{"start":{"line":42,"column":13},"end":{"line":42,"column":22}},"16":{"start":{"line":42,"column":13},"end":{"line":42,"column":null}},"17":{"start":{"line":20,"column":46},"end":{"line":22,"column":8}}},"fnMap":{"0":{"name":"(anonymous_1)","decl":{"start":{"line":20,"column":18},"end":{"line":20,"column":19}},"loc":{"start":{"line":20,"column":46},"end":{"line":22,"column":8}}}},"branchMap":{},"s":{"0":0,"1":0,"2":0,"3":0,"4":0,"5":0,"6":0,"7":0,"8":0,"9":0,"10":0,"11":0,"12":0,"13":0,"14":0,"15":0,"16":0,"17":0},"f":{"0":0},"b":{}}
,"/Users/calibraint_1/Documents/personal-tools/comp-copilot/backend/src/main.ts": {"path":"/Users/calibraint_1/Documents/personal-tools/comp-copilot/backend/src/main.ts","statementMap":{"0":{"start":{"line":1,"column":0},"end":{"line":1,"column":27}},"1":{"start":{"line":2,"column":0},"end":{"line":2,"column":41}},"2":{"start":{"line":3,"column":0},"end":{"line":3,"column":43}},"3":{"start":{"line":4,"column":0},"end":{"line":4,"column":48}},"4":{"start":{"line":5,"column":0},"end":{"line":5,"column":65}},"5":{"start":{"line":6,"column":0},"end":{"line":6,"column":52}},"6":{"start":{"line":7,"column":0},"end":{"line":7,"column":60}},"7":{"start":{"line":8,"column":0},"end":{"line":8,"column":44}},"8":{"start":{"line":9,"column":0},"end":{"line":9,"column":76}},"9":{"start":{"line":10,"column":0},"end":{"line":10,"column":84}},"10":{"start":{"line":12,"column":0},"end":{"line":12,"column":51}},"11":{"start":{"line":15,"column":0},"end":{"line":28,"column":1}},"12":{"start":{"line":16,"column":20},"end":{"line":26,"column":10}},"13":{"start":{"line":17,"column":4},"end":{"line":25,"column":5}},"14":{"start":{"line":18,"column":6},"end":{"line":21,"column":7}},"15":{"start":{"line":19,"column":8},"end":{"line":19,"column":33}},"16":{"start":{"line":20,"column":8},"end":{"line":20,"column":24}},"17":{"start":{"line":23,"column":6},"end":{"line":23,"column":31}},"18":{"start":{"line":24,"column":6},"end":{"line":24,"column":22}},"19":{"start":{"line":27,"column":2},"end":{"line":27,"column":20}},"20":{"start":{"line":31,"column":2},"end":{"line":36,"column":5}},"21":{"start":{"line":32,"column":16},"end":{"line":32,"column":34}},"22":{"start":{"line":33,"column":4},"end":{"line":33,"column":44}},"23":{"start":{"line":33,"column":28},"end":{"line":33,"column":42}},"24":{"start":{"line":34,"column":4},"end":{"line":34,"column":64}},"25":{"start":{"line":34,"column":32},"end":{"line":34,"column":62}},"26":{"start":{"line":34,"column":48},"end":{"line":34,"column":61}},"27":{"start":{"line":35,"column":4},"end":{"line":35,"column":21}},"28":{"start":{"line":40,"column":16},"end":{"line":40,"column":26}},"29":{"start":{"line":41,"column":14},"end":{"line":41,"column":17}},"30":{"start":{"line":42,"column":2},"end":{"line":47,"column":3}},"31":{"start":{"line":43,"column":4},"end":{"line":43,"column":39}},"32":{"start":{"line":43,"column":32},"end":{"line":43,"column":39}},"33":{"start":{"line":44,"column":4},"end":{"line":44,"column":73}},"34":{"start":{"line":45,"column":4},"end":{"line":45,"column":51}},"35":{"start":{"line":45,"column":29},"end":{"line":45,"column":49}},"36":{"start":{"line":46,"column":4},"end":{"line":46,"column":38}},"37":{"start":{"line":48,"column":2},"end":{"line":48,"column":92}},"38":{"start":{"line":49,"column":2},"end":{"line":49,"column":18}},"39":{"start":{"line":57,"column":2},"end":{"line":57,"column":52}},"40":{"start":{"line":57,"column":45},"end":{"line":57,"column":52}},"41":{"start":{"line":58,"column":2},"end":{"line":58,"column":76}},"42":{"start":{"line":58,"column":69},"end":{"line":58,"column":76}},"43":{"start":{"line":59,"column":2},"end":{"line":73,"column":3}},"44":{"start":{"line":60,"column":19},"end":{"line":60,"column":84}},"45":{"start":{"line":61,"column":17},"end":{"line":64,"column":52}},"46":{"start":{"line":63,"column":18},"end":{"line":63,"column":26}},"47":{"start":{"line":64,"column":21},"end":{"line":64,"column":51}},"48":{"start":{"line":65,"column":4},"end":{"line":70,"column":5}},"49":{"start":{"line":66,"column":6},"end":{"line":66,"column":99}},"50":{"start":{"line":67,"column":6},"end":{"line":69,"column":7}},"51":{"start":{"line":68,"column":8},"end":{"line":68,"column":52}},"52":{"start":{"line":68,"column":14},"end":{"line":68,"column":41}},"53":{"start":{"line":82,"column":2},"end":{"line":82,"column":101}},"54":{"start":{"line":83,"column":2},"end":{"line":87,"column":12}},"55":{"start":{"line":84,"column":4},"end":{"line":86,"column":5}},"56":{"start":{"line":85,"column":7},"end":{"line":85,"column":44}},"57":{"start":{"line":88,"column":2},"end":{"line":88,"column":18}},"58":{"start":{"line":92,"column":15},"end":{"line":92,"column":47}},"59":{"start":{"line":95,"column":14},"end":{"line":99,"column":4}},"60":{"start":{"line":100,"column":2},"end":{"line":100,"column":55}},"61":{"start":{"line":102,"column":17},"end":{"line":102,"column":36}},"62":{"start":{"line":105,"column":2},"end":{"line":105,"column":30}},"63":{"start":{"line":106,"column":2},"end":{"line":106,"column":28}},"64":{"start":{"line":108,"column":2},"end":{"line":108,"column":28}},"65":{"start":{"line":111,"column":2},"end":{"line":113,"column":3}},"66":{"start":{"line":112,"column":4},"end":{"line":112,"column":56}},"67":{"start":{"line":112,"column":29},"end":{"line":112,"column":54}},"68":{"start":{"line":115,"column":2},"end":{"line":122,"column":5}},"69":{"start":{"line":116,"column":4},"end":{"line":121,"column":14}},"70":{"start":{"line":117,"column":6},"end":{"line":119,"column":7}},"71":{"start":{"line":118,"column":9},"end":{"line":118,"column":46}},"72":{"start":{"line":120,"column":6},"end":{"line":120,"column":21}},"73":{"start":{"line":124,"column":2},"end":{"line":127,"column":5}},"74":{"start":{"line":128,"column":2},"end":{"line":130,"column":4}},"75":{"start":{"line":131,"column":2},"end":{"line":131,"column":48}},"76":{"start":{"line":133,"column":17},"end":{"line":138,"column":12}},"77":{"start":{"line":139,"column":19},"end":{"line":139,"column":60}},"78":{"start":{"line":140,"column":2},"end":{"line":140,"column":49}},"79":{"start":{"line":147,"column":2},"end":{"line":147,"column":26}},"80":{"start":{"line":148,"column":2},"end":{"line":148,"column":32}},"81":{"start":{"line":150,"column":2},"end":{"line":156,"column":3}},"82":{"start":{"line":151,"column":4},"end":{"line":151,"column":27}},"83":{"start":{"line":152,"column":4},"end":{"line":152,"column":64}},"84":{"start":{"line":154,"column":4},"end":{"line":154,"column":72}},"85":{"start":{"line":155,"column":4},"end":{"line":155,"column":20}},"86":{"start":{"line":159,"column":22},"end":{"line":159,"column":54}},"87":{"start":{"line":160,"column":2},"end":{"line":162,"column":5}},"88":{"start":{"line":161,"column":4},"end":{"line":161,"column":68}},"89":{"start":{"line":164,"column":0},"end":{"line":164,"column":12}}},"fnMap":{"0":{"name":"(anonymous_9)","decl":{"start":{"line":16,"column":32},"end":{"line":16,"column":35}},"loc":{"start":{"line":16,"column":37},"end":{"line":26,"column":3}}},"1":{"name":"isPortFree","decl":{"start":{"line":30,"column":9},"end":{"line":30,"column":19}},"loc":{"start":{"line":30,"column":32},"end":{"line":37,"column":1}}},"2":{"name":"(anonymous_11)","decl":{"start":{"line":31,"column":21},"end":{"line":31,"column":22}},"loc":{"start":{"line":31,"column":33},"end":{"line":36,"column":3}}},"3":{"name":"(anonymous_12)","decl":{"start":{"line":33,"column":22},"end":{"line":33,"column":25}},"loc":{"start":{"line":33,"column":28},"end":{"line":33,"column":42}}},"4":{"name":"(anonymous_13)","decl":{"start":{"line":34,"column":26},"end":{"line":34,"column":29}},"loc":{"start":{"line":34,"column":32},"end":{"line":34,"column":62}}},"5":{"name":"(anonymous_14)","decl":{"start":{"line":34,"column":42},"end":{"line":34,"column":45}},"loc":{"start":{"line":34,"column":48},"end":{"line":34,"column":61}}},"6":{"name":"waitForPort","decl":{"start":{"line":39,"column":15},"end":{"line":39,"column":26}},"loc":{"start":{"line":39,"column":57},"end":{"line":50,"column":1}}},"7":{"name":"(anonymous_16)","decl":{"start":{"line":45,"column":22},"end":{"line":45,"column":23}},"loc":{"start":{"line":45,"column":29},"end":{"line":45,"column":49}}},"8":{"name":"killPortListeners","decl":{"start":{"line":56,"column":9},"end":{"line":56,"column":26}},"loc":{"start":{"line":56,"column":39},"end":{"line":74,"column":1}}},"9":{"name":"(anonymous_18)","decl":{"start":{"line":63,"column":11},"end":{"line":63,"column":12}},"loc":{"start":{"line":63,"column":18},"end":{"line":63,"column":26}}},"10":{"name":"(anonymous_19)","decl":{"start":{"line":64,"column":14},"end":{"line":64,"column":15}},"loc":{"start":{"line":64,"column":21},"end":{"line":64,"column":51}}},"11":{"name":"forceExit","decl":{"start":{"line":81,"column":9},"end":{"line":81,"column":18}},"loc":{"start":{"line":81,"column":53},"end":{"line":89,"column":1}}},"12":{"name":"bootstrap","decl":{"start":{"line":91,"column":15},"end":{"line":91,"column":24}},"loc":{"start":{"line":91,"column":24},"end":{"line":163,"column":1}}},"13":{"name":"(anonymous_22)","decl":{"start":{"line":112,"column":23},"end":{"line":112,"column":26}},"loc":{"start":{"line":112,"column":29},"end":{"line":112,"column":54}}},"14":{"name":"(anonymous_23)","decl":{"start":{"line":115,"column":21},"end":{"line":115,"column":24}},"loc":{"start":{"line":115,"column":26},"end":{"line":122,"column":3}}},"15":{"name":"(anonymous_24)","decl":{"start":{"line":160,"column":36},"end":{"line":160,"column":37}},"loc":{"start":{"line":160,"column":51},"end":{"line":162,"column":3}}}},"branchMap":{"0":{"loc":{"start":{"line":15,"column":0},"end":{"line":28,"column":1}},"type":"if","locations":[{"start":{"line":15,"column":0},"end":{"line":28,"column":1}},{"start":{},"end":{}}]},"1":{"loc":{"start":{"line":15,"column":4},"end":{"line":15,"column":31}},"type":"binary-expr","locations":[{"start":{"line":15,"column":4},"end":{"line":15,"column":15}},{"start":{"line":15,"column":19},"end":{"line":15,"column":31}}]},"2":{"loc":{"start":{"line":18,"column":6},"end":{"line":21,"column":7}},"type":"if","locations":[{"start":{"line":18,"column":6},"end":{"line":21,"column":7}},{"start":{},"end":{}}]},"3":{"loc":{"start":{"line":39,"column":41},"end":{"line":39,"column":57}},"type":"default-arg","locations":[{"start":{"line":39,"column":53},"end":{"line":39,"column":57}}]},"4":{"loc":{"start":{"line":43,"column":4},"end":{"line":43,"column":39}},"type":"if","locations":[{"start":{"line":43,"column":4},"end":{"line":43,"column":39}},{"start":{},"end":{}}]},"5":{"loc":{"start":{"line":57,"column":2},"end":{"line":57,"column":52}},"type":"if","locations":[{"start":{"line":57,"column":2},"end":{"line":57,"column":52}},{"start":{},"end":{}}]},"6":{"loc":{"start":{"line":58,"column":2},"end":{"line":58,"column":76}},"type":"if","locations":[{"start":{"line":58,"column":2},"end":{"line":58,"column":76}},{"start":{},"end":{}}]},"7":{"loc":{"start":{"line":58,"column":6},"end":{"line":58,"column":67}},"type":"binary-expr","locations":[{"start":{"line":58,"column":6},"end":{"line":58,"column":35}},{"start":{"line":58,"column":39},"end":{"line":58,"column":67}}]},"8":{"loc":{"start":{"line":64,"column":21},"end":{"line":64,"column":51}},"type":"binary-expr","locations":[{"start":{"line":64,"column":21},"end":{"line":64,"column":22}},{"start":{"line":64,"column":26},"end":{"line":64,"column":51}}]},"9":{"loc":{"start":{"line":65,"column":4},"end":{"line":70,"column":5}},"type":"if","locations":[{"start":{"line":65,"column":4},"end":{"line":70,"column":5}},{"start":{},"end":{}}]},"10":{"loc":{"start":{"line":82,"column":70},"end":{"line":82,"column":94}},"type":"binary-expr","locations":[{"start":{"line":82,"column":70},"end":{"line":82,"column":86}},{"start":{"line":82,"column":90},"end":{"line":82,"column":94}}]},"11":{"loc":{"start":{"line":84,"column":4},"end":{"line":86,"column":5}},"type":"if","locations":[{"start":{"line":84,"column":4},"end":{"line":86,"column":5}},{"start":{},"end":{}}]},"12":{"loc":{"start":{"line":92,"column":22},"end":{"line":92,"column":46}},"type":"binary-expr","locations":[{"start":{"line":92,"column":22},"end":{"line":92,"column":38}},{"start":{"line":92,"column":42},"end":{"line":92,"column":46}}]},"13":{"loc":{"start":{"line":117,"column":6},"end":{"line":119,"column":7}},"type":"if","locations":[{"start":{"line":117,"column":6},"end":{"line":119,"column":7}},{"start":{},"end":{}}]},"14":{"loc":{"start":{"line":125,"column":12},"end":{"line":125,"column":65}},"type":"binary-expr","locations":[{"start":{"line":125,"column":12},"end":{"line":125,"column":38}},{"start":{"line":125,"column":42},"end":{"line":125,"column":65}}]}},"s":{"0":0,"1":0,"2":0,"3":0,"4":0,"5":0,"6":0,"7":0,"8":0,"9":0,"10":0,"11":0,"12":0,"13":0,"14":0,"15":0,"16":0,"17":0,"18":0,"19":0,"20":0,"21":0,"22":0,"23":0,"24":0,"25":0,"26":0,"27":0,"28":0,"29":0,"30":0,"31":0,"32":0,"33":0,"34":0,"35":0,"36":0,"37":0,"38":0,"39":0,"40":0,"41":0,"42":0,"43":0,"44":0,"45":0,"46":0,"47":0,"48":0,"49":0,"50":0,"51":0,"52":0,"53":0,"54":0,"55":0,"56":0,"57":0,"58":0,"59":0,"60":0,"61":0,"62":0,"63":0,"64":0,"65":0,"66":0,"67":0,"68":0,"69":0,"70":0,"71":0,"72":0,"73":0,"74":0,"75":0,"76":0,"77":0,"78":0,"79":0,"80":0,"81":0,"82":0,"83":0,"84":0,"85":0,"86":0,"87":0,"88":0,"89":0},"f":{"0":0,"1":0,"2":0,"3":0,"4":0,"5":0,"6":0,"7":0,"8":0,"9":0,"10":0,"11":0,"12":0,"13":0,"14":0,"15":0},"b":{"0":[0,0],"1":[0,0],"2":[0,0],"3":[0],"4":[0,0],"5":[0,0],"6":[0,0],"7":[0,0],"8":[0,0],"9":[0,0],"10":[0,0],"11":[0,0],"12":[0,0],"13":[0,0],"14":[0,0]}}
,"/Users/calibraint_1/Documents/personal-tools/comp-copilot/backend/src/core/ai/ai-client.interface.ts": {"path":"/Users/calibraint_1/Documents/personal-tools/comp-copilot/backend/src/core/ai/ai-client.interface.ts","statementMap":{"0":{"start":{"line":1,"column":13},"end":{"line":1,"column":37}},"1":{"start":{"line":6,"column":13},"end":{"line":6,"column":63}},"2":{"start":{"line":7,"column":13},"end":{"line":7,"column":53}}},"fnMap":{},"branchMap":{},"s":{"0":5,"1":5,"2":5},"f":{},"b":{}}
,"/Users/calibraint_1/Documents/personal-tools/comp-copilot/backend/src/core/ai/ai-parse.error.ts": {"path":"/Users/calibraint_1/Documents/personal-tools/comp-copilot/backend/src/core/ai/ai-parse.error.ts","statementMap":{"0":{"start":{"line":3,"column":4},"end":{"line":3,"column":19}},"1":{"start":{"line":4,"column":4},"end":{"line":4,"column":31}},"2":{"start":{"line":1,"column":0},"end":{"line":1,"column":13}}},"fnMap":{"0":{"name":"(anonymous_0)","decl":{"start":{"line":2,"column":2},"end":{"line":2,"column":14}},"loc":{"start":{"line":2,"column":29},"end":{"line":5,"column":3}}}},"branchMap":{},"s":{"0":26,"1":26,"2":8},"f":{"0":26},"b":{}}
,"/Users/calibraint_1/Documents/personal-tools/comp-copilot/backend/src/core/ai/ai-response-parser.ts": {"path":"/Users/calibraint_1/Documents/personal-tools/comp-copilot/backend/src/core/ai/ai-response-parser.ts","statementMap":{"0":{"start":{"line":1,"column":0},"end":{"line":1,"column":51}},"1":{"start":{"line":7,"column":21},"end":{"line":11,"column":13}},"2":{"start":{"line":14,"column":4},"end":{"line":20,"column":5}},"3":{"start":{"line":15,"column":6},"end":{"line":15,"column":36}},"4":{"start":{"line":17,"column":6},"end":{"line":19,"column":8}},"5":{"start":{"line":22,"column":4},"end":{"line":24,"column":5}},"6":{"start":{"line":23,"column":6},"end":{"line":23,"column":76}},"7":{"start":{"line":26,"column":4},"end":{"line":26,"column":28}},"8":{"start":{"line":3,"column":0},"end":{"line":3,"column":22}}},"fnMap":{"0":{"name":"(anonymous_0)","decl":{"start":{"line":6,"column":9},"end":{"line":6,"column":18}},"loc":{"start":{"line":6,"column":30},"end":{"line":27,"column":3}}}},"branchMap":{"0":{"loc":{"start":{"line":22,"column":4},"end":{"line":24,"column":5}},"type":"if","locations":[{"start":{"line":22,"column":4},"end":{"line":24,"column":5}},{"start":{},"end":{}}]},"1":{"loc":{"start":{"line":22,"column":8},"end":{"line":22,"column":78}},"type":"binary-expr","locations":[{"start":{"line":22,"column":8},"end":{"line":22,"column":34}},{"start":{"line":22,"column":38},"end":{"line":22,"column":53}},{"start":{"line":22,"column":57},"end":{"line":22,"column":78}}]}},"s":{"0":3,"1":20,"2":20,"3":20,"4":5,"5":15,"6":4,"7":11,"8":3},"f":{"0":20},"b":{"0":[4,11],"1":[15,15,14]}}
,"/Users/calibraint_1/Documents/personal-tools/comp-copilot/backend/src/core/ai/ai.module.ts": {"path":"/Users/calibraint_1/Documents/personal-tools/comp-copilot/backend/src/core/ai/ai.module.ts","statementMap":{"0":{"start":{"line":1,"column":0},"end":{"line":1,"column":40}},"1":{"start":{"line":2,"column":0},"end":{"line":2,"column":47}},"2":{"start":{"line":3,"column":0},"end":{"line":3,"column":null}},"3":{"start":{"line":8,"column":0},"end":{"line":8,"column":55}},"4":{"start":{"line":9,"column":0},"end":{"line":9,"column":55}},"5":{"start":{"line":10,"column":0},"end":{"line":10,"column":55}},"6":{"start":{"line":11,"column":0},"end":{"line":11,"column":55}},"7":{"start":{"line":46,"column":7},"end":{"line":46,"column":null}},"8":{"start":{"line":46,"column":13},"end":{"line":46,"column":21}},"9":{"start":{"line":46,"column":13},"end":{"line":46,"column":null}},"10":{"start":{"line":29,"column":25},"end":{"line":29,"column":68}},"11":{"start":{"line":30,"column":8},"end":{"line":30,"column":49}},"12":{"start":{"line":30,"column":35},"end":{"line":30,"column":49}},"13":{"start":{"line":31,"column":8},"end":{"line":31,"column":49}},"14":{"start":{"line":31,"column":35},"end":{"line":31,"column":49}},"15":{"start":{"line":32,"column":8},"end":{"line":32,"column":49}},"16":{"start":{"line":32,"column":35},"end":{"line":32,"column":49}},"17":{"start":{"line":33,"column":8},"end":{"line":33,"column":49}},"18":{"start":{"line":33,"column":35},"end":{"line":33,"column":49}},"19":{"start":{"line":34,"column":8},"end":{"line":36,"column":10}}},"fnMap":{"0":{"name":"(anonymous_1)","decl":{"start":{"line":22,"column":18},"end":{"line":22,"column":null}},"loc":{"start":{"line":28,"column":10},"end":{"line":37,"column":7}}}},"branchMap":{"0":{"loc":{"start":{"line":30,"column":8},"end":{"line":30,"column":49}},"type":"if","locations":[{"start":{"line":30,"column":8},"end":{"line":30,"column":49}},{"start":{},"end":{}}]},"1":{"loc":{"start":{"line":31,"column":8},"end":{"line":31,"column":49}},"type":"if","locations":[{"start":{"line":31,"column":8},"end":{"line":31,"column":49}},{"start":{},"end":{}}]},"2":{"loc":{"start":{"line":32,"column":8},"end":{"line":32,"column":49}},"type":"if","locations":[{"start":{"line":32,"column":8},"end":{"line":32,"column":49}},{"start":{},"end":{}}]},"3":{"loc":{"start":{"line":33,"column":8},"end":{"line":33,"column":49}},"type":"if","locations":[{"start":{"line":33,"column":8},"end":{"line":33,"column":49}},{"start":{},"end":{}}]}},"s":{"0":0,"1":0,"2":0,"3":0,"4":0,"5":0,"6":0,"7":0,"8":0,"9":0,"10":0,"11":0,"12":0,"13":0,"14":0,"15":0,"16":0,"17":0,"18":0,"19":0},"f":{"0":0},"b":{"0":[0,0],"1":[0,0],"2":[0,0],"3":[0,0]}}
,"/Users/calibraint_1/Documents/personal-tools/comp-copilot/backend/src/core/ai/claude-ai-client.ts": {"path":"/Users/calibraint_1/Documents/personal-tools/comp-copilot/backend/src/core/ai/claude-ai-client.ts","statementMap":{"0":{"start":{"line":1,"column":0},"end":{"line":1,"column":44}},"1":{"start":{"line":2,"column":0},"end":{"line":2,"column":47}},"2":{"start":{"line":3,"column":0},"end":{"line":3,"column":51}},"3":{"start":{"line":4,"column":0},"end":{"line":4,"column":59}},"4":{"start":{"line":6,"column":26},"end":{"line":6,"column":65}},"5":{"start":{"line":9,"column":7},"end":{"line":58,"column":null}},"6":{"start":{"line":14,"column":4},"end":{"line":14,"column":12}},"7":{"start":{"line":13,"column":31},"end":{"line":13,"column":39}},"8":{"start":{"line":16,"column":4},"end":{"line":16,"column":67}},"9":{"start":{"line":17,"column":4},"end":{"line":17,"column":78}},"10":{"start":{"line":21,"column":4},"end":{"line":25,"column":5}},"11":{"start":{"line":22,"column":6},"end":{"line":24,"column":8}},"12":{"start":{"line":28,"column":4},"end":{"line":45,"column":5}},"13":{"start":{"line":29,"column":6},"end":{"line":42,"column":9}},"14":{"start":{"line":44,"column":6},"end":{"line":44,"column":83}},"15":{"start":{"line":47,"column":4},"end":{"line":51,"column":5}},"16":{"start":{"line":48,"column":6},"end":{"line":50,"column":8}},"17":{"start":{"line":53,"column":18},"end":{"line":53,"column":39}},"18":{"start":{"line":54,"column":28},"end":{"line":54,"column":58}},"19":{"start":{"line":56,"column":4},"end":{"line":56,"column":35}},"20":{"start":{"line":9,"column":13},"end":{"line":9,"column":27}},"21":{"start":{"line":9,"column":13},"end":{"line":58,"column":null}}},"fnMap":{"0":{"name":"(anonymous_2)","decl":{"start":{"line":13,"column":2},"end":{"line":13,"column":31}},"loc":{"start":{"line":13,"column":52},"end":{"line":18,"column":3}}},"1":{"name":"(anonymous_3)","decl":{"start":{"line":20,"column":2},"end":{"line":20,"column":7}},"loc":{"start":{"line":20,"column":53},"end":{"line":57,"column":3}}}},"branchMap":{"0":{"loc":{"start":{"line":21,"column":4},"end":{"line":25,"column":5}},"type":"if","locations":[{"start":{"line":21,"column":4},"end":{"line":25,"column":5}},{"start":{},"end":{}}]},"1":{"loc":{"start":{"line":44,"column":60},"end":{"line":44,"column":79}},"type":"binary-expr","locations":[{"start":{"line":44,"column":60},"end":{"line":44,"column":72}},{"start":{"line":44,"column":76},"end":{"line":44,"column":79}}]},"2":{"loc":{"start":{"line":47,"column":4},"end":{"line":51,"column":5}},"type":"if","locations":[{"start":{"line":47,"column":4},"end":{"line":51,"column":5}},{"start":{},"end":{}}]},"3":{"loc":{"start":{"line":54,"column":28},"end":{"line":54,"column":58}},"type":"binary-expr","locations":[{"start":{"line":54,"column":28},"end":{"line":54,"column":52}},{"start":{"line":54,"column":56},"end":{"line":54,"column":58}}]},"4":{"loc":{"start":{"line":13,"column":39},"end":{"line":13,"column":null}},"type":"cond-expr","locations":[{"start":{"line":13,"column":52},"end":{"line":13,"column":null}},{"start":{"line":13,"column":52},"end":{"line":13,"column":null}}]},"5":{"loc":{"start":{"line":13,"column":39},"end":{"line":13,"column":52}},"type":"binary-expr","locations":[{"start":{"line":13,"column":39},"end":{"line":13,"column":null}},{"start":{"line":13,"column":39},"end":{"line":13,"column":52}}]}},"s":{"0":1,"1":1,"2":1,"3":1,"4":1,"5":1,"6":8,"7":8,"8":8,"9":8,"10":2,"11":0,"12":2,"13":2,"14":0,"15":2,"16":1,"17":1,"18":1,"19":1,"20":1,"21":1},"f":{"0":8,"1":2},"b":{"0":[0,2],"1":[0,0],"2":[1,1],"3":[1,0],"4":[1,0],"5":[1,1]}}
,"/Users/calibraint_1/Documents/personal-tools/comp-copilot/backend/src/core/ai/gemini-ai-client.ts": {"path":"/Users/calibraint_1/Documents/personal-tools/comp-copilot/backend/src/core/ai/gemini-ai-client.ts","statementMap":{"0":{"start":{"line":1,"column":0},"end":{"line":1,"column":44}},"1":{"start":{"line":2,"column":0},"end":{"line":2,"column":47}},"2":{"start":{"line":3,"column":0},"end":{"line":3,"column":51}},"3":{"start":{"line":4,"column":0},"end":{"line":4,"column":59}},"4":{"start":{"line":7,"column":2},"end":{"line":7,"column":59}},"5":{"start":{"line":10,"column":20},"end":{"line":10,"column":21}},"6":{"start":{"line":11,"column":24},"end":{"line":11,"column":48}},"7":{"start":{"line":13,"column":14},"end":{"line":13,"column":73}},"8":{"start":{"line":13,"column":30},"end":{"line":13,"column":73}},"9":{"start":{"line":13,"column":55},"end":{"line":13,"column":72}},"10":{"start":{"line":19,"column":16},"end":{"line":19,"column":34}},"11":{"start":{"line":20,"column":2},"end":{"line":20,"column":72}},"12":{"start":{"line":24,"column":13},"end":{"line":24,"column":72}},"13":{"start":{"line":27,"column":7},"end":{"line":110,"column":null}},"14":{"start":{"line":32,"column":4},"end":{"line":32,"column":12}},"15":{"start":{"line":31,"column":31},"end":{"line":31,"column":39}},"16":{"start":{"line":34,"column":4},"end":{"line":34,"column":64}},"17":{"start":{"line":35,"column":4},"end":{"line":35,"column":77}},"18":{"start":{"line":39,"column":4},"end":{"line":43,"column":5}},"19":{"start":{"line":40,"column":6},"end":{"line":42,"column":8}},"20":{"start":{"line":45,"column":16},"end":{"line":45,"column":85}},"21":{"start":{"line":46,"column":20},"end":{"line":50,"column":6}},"22":{"start":{"line":53,"column":18},"end":{"line":53,"column":19}},"23":{"start":{"line":55,"column":4},"end":{"line":95,"column":5}},"24":{"start":{"line":56,"column":6},"end":{"line":64,"column":7}},"25":{"start":{"line":57,"column":8},"end":{"line":61,"column":11}},"26":{"start":{"line":63,"column":8},"end":{"line":63,"column":82}},"27":{"start":{"line":66,"column":6},"end":{"line":92,"column":7}},"28":{"start":{"line":67,"column":21},"end":{"line":67,"column":58}},"29":{"start":{"line":67,"column":55},"end":{"line":67,"column":57}},"30":{"start":{"line":70,"column":8},"end":{"line":76,"column":9}},"31":{"start":{"line":71,"column":10},"end":{"line":75,"column":12}},"32":{"start":{"line":79,"column":8},"end":{"line":85,"column":9}},"33":{"start":{"line":80,"column":32},"end":{"line":80,"column":88}},"34":{"start":{"line":81,"column":26},"end":{"line":81,"column":93}},"35":{"start":{"line":82,"column":10},"end":{"line":82,"column":20}},"36":{"start":{"line":83,"column":10},"end":{"line":83,"column":31}},"37":{"start":{"line":84,"column":10},"end":{"line":84,"column":19}},"38":{"start":{"line":88,"column":8},"end":{"line":91,"column":10}},"39":{"start":{"line":94,"column":6},"end":{"line":94,"column":12}},"40":{"start":{"line":97,"column":4},"end":{"line":102,"column":5}},"41":{"start":{"line":98,"column":19},"end":{"line":98,"column":57}},"42":{"start":{"line":98,"column":54},"end":{"line":98,"column":56}},"43":{"start":{"line":99,"column":6},"end":{"line":101,"column":8}},"44":{"start":{"line":104,"column":18},"end":{"line":104,"column":40}},"45":{"start":{"line":106,"column":6},"end":{"line":106,"column":60}},"46":{"start":{"line":108,"column":4},"end":{"line":108,"column":35}},"47":{"start":{"line":27,"column":13},"end":{"line":27,"column":27}},"48":{"start":{"line":27,"column":13},"end":{"line":110,"column":null}}},"fnMap":{"0":{"name":"(anonymous_2)","decl":{"start":{"line":13,"column":14},"end":{"line":13,"column":15}},"loc":{"start":{"line":13,"column":30},"end":{"line":13,"column":73}}},"1":{"name":"(anonymous_3)","decl":{"start":{"line":13,"column":48},"end":{"line":13,"column":49}},"loc":{"start":{"line":13,"column":55},"end":{"line":13,"column":72}}},"2":{"name":"isQuotaExhausted","decl":{"start":{"line":18,"column":9},"end":{"line":18,"column":25}},"loc":{"start":{"line":18,"column":38},"end":{"line":21,"column":1}}},"3":{"name":"(anonymous_5)","decl":{"start":{"line":31,"column":2},"end":{"line":31,"column":31}},"loc":{"start":{"line":31,"column":52},"end":{"line":36,"column":3}}},"4":{"name":"(anonymous_6)","decl":{"start":{"line":38,"column":2},"end":{"line":38,"column":7}},"loc":{"start":{"line":38,"column":53},"end":{"line":109,"column":3}}},"5":{"name":"(anonymous_7)","decl":{"start":{"line":67,"column":49},"end":{"line":67,"column":52}},"loc":{"start":{"line":67,"column":55},"end":{"line":67,"column":57}}},"6":{"name":"(anonymous_8)","decl":{"start":{"line":98,"column":48},"end":{"line":98,"column":51}},"loc":{"start":{"line":98,"column":54},"end":{"line":98,"column":56}}}},"branchMap":{"0":{"loc":{"start":{"line":20,"column":9},"end":{"line":20,"column":71}},"type":"binary-expr","locations":[{"start":{"line":20,"column":9},"end":{"line":20,"column":34}},{"start":{"line":20,"column":38},"end":{"line":20,"column":71}}]},"1":{"loc":{"start":{"line":39,"column":4},"end":{"line":43,"column":5}},"type":"if","locations":[{"start":{"line":39,"column":4},"end":{"line":43,"column":5}},{"start":{},"end":{}}]},"2":{"loc":{"start":{"line":63,"column":59},"end":{"line":63,"column":78}},"type":"binary-expr","locations":[{"start":{"line":63,"column":59},"end":{"line":63,"column":71}},{"start":{"line":63,"column":75},"end":{"line":63,"column":78}}]},"3":{"loc":{"start":{"line":66,"column":6},"end":{"line":92,"column":7}},"type":"if","locations":[{"start":{"line":66,"column":6},"end":{"line":92,"column":7}},{"start":{},"end":{}}]},"4":{"loc":{"start":{"line":70,"column":8},"end":{"line":76,"column":9}},"type":"if","locations":[{"start":{"line":70,"column":8},"end":{"line":76,"column":9}},{"start":{},"end":{}}]},"5":{"loc":{"start":{"line":79,"column":8},"end":{"line":85,"column":9}},"type":"if","locations":[{"start":{"line":79,"column":8},"end":{"line":85,"column":9}},{"start":{},"end":{}}]},"6":{"loc":{"start":{"line":80,"column":41},"end":{"line":80,"column":83}},"type":"binary-expr","locations":[{"start":{"line":80,"column":41},"end":{"line":80,"column":76}},{"start":{"line":80,"column":80},"end":{"line":80,"column":83}}]},"7":{"loc":{"start":{"line":81,"column":26},"end":{"line":81,"column":93}},"type":"cond-expr","locations":[{"start":{"line":81,"column":46},"end":{"line":81,"column":66}},{"start":{"line":81,"column":69},"end":{"line":81,"column":93}}]},"8":{"loc":{"start":{"line":97,"column":4},"end":{"line":102,"column":5}},"type":"if","locations":[{"start":{"line":97,"column":4},"end":{"line":102,"column":5}},{"start":{},"end":{}}]},"9":{"loc":{"start":{"line":100,"column":72},"end":{"line":100,"column":110}},"type":"cond-expr","locations":[{"start":{"line":100,"column":79},"end":{"line":100,"column":105}},{"start":{"line":100,"column":108},"end":{"line":100,"column":110}}]},"10":{"loc":{"start":{"line":106,"column":6},"end":{"line":106,"column":60}},"type":"binary-expr","locations":[{"start":{"line":106,"column":6},"end":{"line":106,"column":54}},{"start":{"line":106,"column":58},"end":{"line":106,"column":60}}]},"11":{"loc":{"start":{"line":31,"column":39},"end":{"line":31,"column":null}},"type":"cond-expr","locations":[{"start":{"line":31,"column":52},"end":{"line":31,"column":null}},{"start":{"line":31,"column":52},"end":{"line":31,"column":null}}]},"12":{"loc":{"start":{"line":31,"column":39},"end":{"line":31,"column":52}},"type":"binary-expr","locations":[{"start":{"line":31,"column":39},"end":{"line":31,"column":null}},{"start":{"line":31,"column":39},"end":{"line":31,"column":52}}]}},"s":{"0":1,"1":1,"2":1,"3":1,"4":1,"5":1,"6":1,"7":1,"8":0,"9":0,"10":0,"11":0,"12":1,"13":1,"14":10,"15":10,"16":10,"17":10,"18":10,"19":1,"20":9,"21":9,"22":9,"23":9,"24":9,"25":9,"26":1,"27":8,"28":0,"29":0,"30":0,"31":0,"32":0,"33":0,"34":0,"35":0,"36":0,"37":0,"38":0,"39":8,"40":8,"41":1,"42":0,"43":1,"44":7,"45":7,"46":7,"47":1,"48":1},"f":{"0":0,"1":0,"2":0,"3":10,"4":10,"5":0,"6":0},"b":{"0":[0,0],"1":[1,9],"2":[1,0],"3":[0,8],"4":[0,0],"5":[0,0],"6":[0,0],"7":[0,0],"8":[1,7],"9":[1,0],"10":[7,1],"11":[1,0],"12":[1,1]}}
,"/Users/calibraint_1/Documents/personal-tools/comp-copilot/backend/src/core/ai/google-ai-client.ts": {"path":"/Users/calibraint_1/Documents/personal-tools/comp-copilot/backend/src/core/ai/google-ai-client.ts","statementMap":{"0":{"start":{"line":1,"column":0},"end":{"line":1,"column":44}},"1":{"start":{"line":2,"column":0},"end":{"line":2,"column":47}},"2":{"start":{"line":3,"column":0},"end":{"line":3,"column":50}},"3":{"start":{"line":4,"column":0},"end":{"line":4,"column":51}},"4":{"start":{"line":5,"column":0},"end":{"line":5,"column":59}},"5":{"start":{"line":8,"column":7},"end":{"line":44,"column":null}},"6":{"start":{"line":14,"column":4},"end":{"line":14,"column":12}},"7":{"start":{"line":13,"column":31},"end":{"line":13,"column":39}},"8":{"start":{"line":16,"column":4},"end":{"line":16,"column":66}},"9":{"start":{"line":17,"column":4},"end":{"line":17,"column":78}},"10":{"start":{"line":18,"column":4},"end":{"line":18,"column":78}},"11":{"start":{"line":22,"column":4},"end":{"line":26,"column":5}},"12":{"start":{"line":23,"column":6},"end":{"line":25,"column":8}},"13":{"start":{"line":28,"column":19},"end":{"line":28,"column":83}},"14":{"start":{"line":29,"column":28},"end":{"line":29,"column":76}},"15":{"start":{"line":32,"column":4},"end":{"line":39,"column":5}},"16":{"start":{"line":33,"column":6},"end":{"line":36,"column":9}},"17":{"start":{"line":38,"column":6},"end":{"line":38,"column":83}},"18":{"start":{"line":41,"column":20},"end":{"line":41,"column":84}},"19":{"start":{"line":42,"column":4},"end":{"line":42,"column":35}},"20":{"start":{"line":8,"column":13},"end":{"line":8,"column":27}},"21":{"start":{"line":8,"column":13},"end":{"line":44,"column":null}}},"fnMap":{"0":{"name":"(anonymous_2)","decl":{"start":{"line":13,"column":2},"end":{"line":13,"column":31}},"loc":{"start":{"line":13,"column":52},"end":{"line":19,"column":3}}},"1":{"name":"(anonymous_3)","decl":{"start":{"line":21,"column":2},"end":{"line":21,"column":7}},"loc":{"start":{"line":21,"column":53},"end":{"line":43,"column":3}}}},"branchMap":{"0":{"loc":{"start":{"line":22,"column":4},"end":{"line":26,"column":5}},"type":"if","locations":[{"start":{"line":22,"column":4},"end":{"line":26,"column":5}},{"start":{},"end":{}}]},"1":{"loc":{"start":{"line":38,"column":60},"end":{"line":38,"column":79}},"type":"binary-expr","locations":[{"start":{"line":38,"column":60},"end":{"line":38,"column":72}},{"start":{"line":38,"column":76},"end":{"line":38,"column":79}}]},"2":{"loc":{"start":{"line":41,"column":20},"end":{"line":41,"column":84}},"type":"binary-expr","locations":[{"start":{"line":41,"column":20},"end":{"line":41,"column":78}},{"start":{"line":41,"column":82},"end":{"line":41,"column":84}}]},"3":{"loc":{"start":{"line":13,"column":39},"end":{"line":13,"column":null}},"type":"cond-expr","locations":[{"start":{"line":13,"column":52},"end":{"line":13,"column":null}},{"start":{"line":13,"column":52},"end":{"line":13,"column":null}}]},"4":{"loc":{"start":{"line":13,"column":39},"end":{"line":13,"column":52}},"type":"binary-expr","locations":[{"start":{"line":13,"column":39},"end":{"line":13,"column":null}},{"start":{"line":13,"column":39},"end":{"line":13,"column":52}}]}},"s":{"0":1,"1":1,"2":1,"3":1,"4":1,"5":1,"6":8,"7":8,"8":8,"9":8,"10":8,"11":8,"12":1,"13":7,"14":7,"15":7,"16":7,"17":1,"18":6,"19":6,"20":1,"21":1},"f":{"0":8,"1":8},"b":{"0":[1,7],"1":[1,0],"2":[6,1],"3":[1,0],"4":[1,1]}}
,"/Users/calibraint_1/Documents/personal-tools/comp-copilot/backend/src/core/ai/ollama-ai-client.ts": {"path":"/Users/calibraint_1/Documents/personal-tools/comp-copilot/backend/src/core/ai/ollama-ai-client.ts","statementMap":{"0":{"start":{"line":1,"column":0},"end":{"line":1,"column":44}},"1":{"start":{"line":2,"column":0},"end":{"line":2,"column":47}},"2":{"start":{"line":3,"column":0},"end":{"line":3,"column":51}},"3":{"start":{"line":4,"column":0},"end":{"line":4,"column":59}},"4":{"start":{"line":7,"column":7},"end":{"line":51,"column":null}},"5":{"start":{"line":12,"column":4},"end":{"line":12,"column":12}},"6":{"start":{"line":11,"column":31},"end":{"line":11,"column":39}},"7":{"start":{"line":13,"column":4},"end":{"line":16,"column":6}},"8":{"start":{"line":17,"column":4},"end":{"line":17,"column":69}},"9":{"start":{"line":22,"column":4},"end":{"line":38,"column":5}},"10":{"start":{"line":23,"column":6},"end":{"line":35,"column":9}},"11":{"start":{"line":37,"column":6},"end":{"line":37,"column":80}},"12":{"start":{"line":40,"column":4},"end":{"line":44,"column":5}},"13":{"start":{"line":41,"column":6},"end":{"line":43,"column":8}},"14":{"start":{"line":46,"column":18},"end":{"line":46,"column":39}},"15":{"start":{"line":47,"column":28},"end":{"line":47,"column":56}},"16":{"start":{"line":49,"column":4},"end":{"line":49,"column":35}},"17":{"start":{"line":7,"column":13},"end":{"line":7,"column":27}},"18":{"start":{"line":7,"column":13},"end":{"line":51,"column":null}}},"fnMap":{"0":{"name":"(anonymous_2)","decl":{"start":{"line":11,"column":2},"end":{"line":11,"column":31}},"loc":{"start":{"line":11,"column":52},"end":{"line":18,"column":3}}},"1":{"name":"(anonymous_3)","decl":{"start":{"line":20,"column":2},"end":{"line":20,"column":7}},"loc":{"start":{"line":20,"column":53},"end":{"line":50,"column":3}}}},"branchMap":{"0":{"loc":{"start":{"line":37,"column":57},"end":{"line":37,"column":76}},"type":"binary-expr","locations":[{"start":{"line":37,"column":57},"end":{"line":37,"column":69}},{"start":{"line":37,"column":73},"end":{"line":37,"column":76}}]},"1":{"loc":{"start":{"line":40,"column":4},"end":{"line":44,"column":5}},"type":"if","locations":[{"start":{"line":40,"column":4},"end":{"line":44,"column":5}},{"start":{},"end":{}}]},"2":{"loc":{"start":{"line":47,"column":28},"end":{"line":47,"column":56}},"type":"binary-expr","locations":[{"start":{"line":47,"column":28},"end":{"line":47,"column":50}},{"start":{"line":47,"column":54},"end":{"line":47,"column":56}}]},"3":{"loc":{"start":{"line":11,"column":39},"end":{"line":11,"column":null}},"type":"cond-expr","locations":[{"start":{"line":11,"column":52},"end":{"line":11,"column":null}},{"start":{"line":11,"column":52},"end":{"line":11,"column":null}}]},"4":{"loc":{"start":{"line":11,"column":39},"end":{"line":11,"column":52}},"type":"binary-expr","locations":[{"start":{"line":11,"column":39},"end":{"line":11,"column":null}},{"start":{"line":11,"column":39},"end":{"line":11,"column":52}}]}},"s":{"0":0,"1":0,"2":0,"3":0,"4":0,"5":0,"6":0,"7":0,"8":0,"9":0,"10":0,"11":0,"12":0,"13":0,"14":0,"15":0,"16":0,"17":0,"18":0},"f":{"0":0,"1":0},"b":{"0":[0,0],"1":[0,0],"2":[0,0],"3":[0,0],"4":[0,0]}}
,"/Users/calibraint_1/Documents/personal-tools/comp-copilot/backend/src/core/city-expense/city-expense-cache.service.ts": {"path":"/Users/calibraint_1/Documents/personal-tools/comp-copilot/backend/src/core/city-expense/city-expense-cache.service.ts","statementMap":{"0":{"start":{"line":1,"column":0},"end":{"line":1,"column":77}},"1":{"start":{"line":5,"column":13},"end":{"line":5,"column":43}},"2":{"start":{"line":6,"column":18},"end":{"line":7,"column":38}},"3":{"start":{"line":7,"column":2},"end":{"line":7,"column":38}},"4":{"start":{"line":8,"column":20},"end":{"line":8,"column":27}},"5":{"start":{"line":11,"column":36},"end":{"line":49,"column":null}},"6":{"start":{"line":12,"column":28},"end":{"line":12,"column":68}},"7":{"start":{"line":14,"column":53},"end":{"line":14,"column":65}},"8":{"start":{"line":17,"column":4},"end":{"line":17,"column":51}},"9":{"start":{"line":18,"column":4},"end":{"line":18,"column":28}},"10":{"start":{"line":22,"column":4},"end":{"line":31,"column":5}},"11":{"start":{"line":23,"column":18},"end":{"line":23,"column":55}},"12":{"start":{"line":24,"column":6},"end":{"line":24,"column":28}},"13":{"start":{"line":24,"column":16},"end":{"line":24,"column":28}},"14":{"start":{"line":25,"column":21},"end":{"line":25,"column":51}},"15":{"start":{"line":26,"column":6},"end":{"line":26,"column":77}},"16":{"start":{"line":27,"column":6},"end":{"line":27,"column":20}},"17":{"start":{"line":29,"column":6},"end":{"line":29,"column":82}},"18":{"start":{"line":30,"column":6},"end":{"line":30,"column":18}},"19":{"start":{"line":35,"column":4},"end":{"line":39,"column":5}},"20":{"start":{"line":36,"column":6},"end":{"line":36,"column":85}},"21":{"start":{"line":38,"column":6},"end":{"line":38,"column":82}},"22":{"start":{"line":43,"column":4},"end":{"line":47,"column":5}},"23":{"start":{"line":44,"column":6},"end":{"line":44,"column":44}},"24":{"start":{"line":46,"column":6},"end":{"line":46,"column":82}},"25":{"start":{"line":11,"column":13},"end":{"line":11,"column":36}},"26":{"start":{"line":11,"column":13},"end":{"line":49,"column":null}}},"fnMap":{"0":{"name":"(anonymous_4)","decl":{"start":{"line":6,"column":18},"end":{"line":6,"column":19}},"loc":{"start":{"line":7,"column":2},"end":{"line":7,"column":38}}},"1":{"name":"(anonymous_5)","decl":{"start":{"line":14,"column":2},"end":{"line":14,"column":15}},"loc":{"start":{"line":14,"column":65},"end":{"line":14,"column":69}}},"2":{"name":"(anonymous_6)","decl":{"start":{"line":16,"column":2},"end":{"line":16,"column":17}},"loc":{"start":{"line":16,"column":17},"end":{"line":19,"column":3}}},"3":{"name":"(anonymous_7)","decl":{"start":{"line":21,"column":2},"end":{"line":21,"column":7}},"loc":{"start":{"line":21,"column":24},"end":{"line":32,"column":3}}},"4":{"name":"(anonymous_8)","decl":{"start":{"line":34,"column":2},"end":{"line":34,"column":7}},"loc":{"start":{"line":34,"column":43},"end":{"line":40,"column":3}}},"5":{"name":"(anonymous_9)","decl":{"start":{"line":42,"column":2},"end":{"line":42,"column":7}},"loc":{"start":{"line":42,"column":24},"end":{"line":48,"column":3}}}},"branchMap":{"0":{"loc":{"start":{"line":24,"column":6},"end":{"line":24,"column":28}},"type":"if","locations":[{"start":{"line":24,"column":6},"end":{"line":24,"column":28}},{"start":{},"end":{}}]}},"s":{"0":5,"1":5,"2":5,"3":5,"4":5,"5":5,"6":5,"7":5,"8":0,"9":0,"10":3,"11":3,"12":3,"13":2,"14":1,"15":1,"16":1,"17":0,"18":0,"19":1,"20":1,"21":0,"22":1,"23":1,"24":0,"25":5,"26":5},"f":{"0":5,"1":5,"2":0,"3":3,"4":1,"5":1},"b":{"0":[2,1]}}
,"/Users/calibraint_1/Documents/personal-tools/comp-copilot/backend/src/core/city-expense/city-expense-fetch.service.ts": {"path":"/Users/calibraint_1/Documents/personal-tools/comp-copilot/backend/src/core/city-expense/city-expense-fetch.service.ts","statementMap":{"0":{"start":{"line":1,"column":0},"end":{"line":1,"column":52}},"1":{"start":{"line":2,"column":0},"end":{"line":2,"column":89}},"2":{"start":{"line":4,"column":0},"end":{"line":4,"column":55}},"3":{"start":{"line":7,"column":56},"end":{"line":10,"column":2}},"4":{"start":{"line":12,"column":15},"end":{"line":17,"column":50}},"5":{"start":{"line":20,"column":7},"end":{"line":109,"column":null}},"6":{"start":{"line":21,"column":63},"end":{"line":21,"column":75}},"7":{"start":{"line":24,"column":23},"end":{"line":41,"column":121}},"8":{"start":{"line":43,"column":16},"end":{"line":43,"column":77}},"9":{"start":{"line":45,"column":4},"end":{"line":47,"column":5}},"10":{"start":{"line":46,"column":6},"end":{"line":46,"column":95}},"11":{"start":{"line":49,"column":26},"end":{"line":49,"column":94}},"12":{"start":{"line":51,"column":4},"end":{"line":70,"column":5}},"13":{"start":{"line":52,"column":19},"end":{"line":52,"column":27}},"14":{"start":{"line":53,"column":6},"end":{"line":55,"column":7}},"15":{"start":{"line":54,"column":8},"end":{"line":54,"column":81}},"16":{"start":{"line":57,"column":6},"end":{"line":65,"column":7}},"17":{"start":{"line":58,"column":18},"end":{"line":58,"column":29}},"18":{"start":{"line":59,"column":8},"end":{"line":61,"column":9}},"19":{"start":{"line":60,"column":10},"end":{"line":60,"column":92}},"20":{"start":{"line":62,"column":8},"end":{"line":64,"column":9}},"21":{"start":{"line":63,"column":10},"end":{"line":63,"column":114}},"22":{"start":{"line":67,"column":6},"end":{"line":69,"column":7}},"23":{"start":{"line":68,"column":8},"end":{"line":68,"column":110}},"24":{"start":{"line":73,"column":6},"end":{"line":75,"column":133}},"25":{"start":{"line":77,"column":34},"end":{"line":77,"column":36}},"26":{"start":{"line":78,"column":4},"end":{"line":93,"column":5}},"27":{"start":{"line":79,"column":19},"end":{"line":79,"column":27}},"28":{"start":{"line":80,"column":28},"end":{"line":80,"column":89}},"29":{"start":{"line":80,"column":62},"end":{"line":80,"column":85}},"30":{"start":{"line":81,"column":28},"end":{"line":81,"column":97}},"31":{"start":{"line":83,"column":6},"end":{"line":92,"column":8}},"32":{"start":{"line":95,"column":4},"end":{"line":107,"column":6}},"33":{"start":{"line":20,"column":13},"end":{"line":20,"column":36}},"34":{"start":{"line":20,"column":13},"end":{"line":109,"column":null}}},"fnMap":{"0":{"name":"(anonymous_4)","decl":{"start":{"line":21,"column":2},"end":{"line":21,"column":15}},"loc":{"start":{"line":21,"column":75},"end":{"line":21,"column":79}}},"1":{"name":"(anonymous_5)","decl":{"start":{"line":23,"column":2},"end":{"line":23,"column":7}},"loc":{"start":{"line":23,"column":33},"end":{"line":108,"column":3}}},"2":{"name":"(anonymous_6)","decl":{"start":{"line":80,"column":52},"end":{"line":80,"column":53}},"loc":{"start":{"line":80,"column":62},"end":{"line":80,"column":85}}}},"branchMap":{"0":{"loc":{"start":{"line":45,"column":4},"end":{"line":47,"column":5}},"type":"if","locations":[{"start":{"line":45,"column":4},"end":{"line":47,"column":5}},{"start":{},"end":{}}]},"1":{"loc":{"start":{"line":45,"column":8},"end":{"line":45,"column":39}},"type":"binary-expr","locations":[{"start":{"line":45,"column":8},"end":{"line":45,"column":12}},{"start":{"line":45,"column":16},"end":{"line":45,"column":39}}]},"2":{"loc":{"start":{"line":53,"column":6},"end":{"line":55,"column":7}},"type":"if","locations":[{"start":{"line":53,"column":6},"end":{"line":55,"column":7}},{"start":{},"end":{}}]},"3":{"loc":{"start":{"line":53,"column":10},"end":{"line":53,"column":43}},"type":"binary-expr","locations":[{"start":{"line":53,"column":10},"end":{"line":53,"column":15}},{"start":{"line":53,"column":19},"end":{"line":53,"column":43}}]},"4":{"loc":{"start":{"line":59,"column":8},"end":{"line":61,"column":9}},"type":"if","locations":[{"start":{"line":59,"column":8},"end":{"line":61,"column":9}},{"start":{},"end":{}}]},"5":{"loc":{"start":{"line":59,"column":12},"end":{"line":59,"column":41}},"type":"binary-expr","locations":[{"start":{"line":59,"column":12},"end":{"line":59,"column":27}},{"start":{"line":59,"column":31},"end":{"line":59,"column":41}}]},"6":{"loc":{"start":{"line":62,"column":8},"end":{"line":64,"column":9}},"type":"if","locations":[{"start":{"line":62,"column":8},"end":{"line":64,"column":9}},{"start":{},"end":{}}]},"7":{"loc":{"start":{"line":62,"column":12},"end":{"line":62,"column":66}},"type":"binary-expr","locations":[{"start":{"line":62,"column":12},"end":{"line":62,"column":33}},{"start":{"line":62,"column":37},"end":{"line":62,"column":57}},{"start":{"line":62,"column":61},"end":{"line":62,"column":66}}]},"8":{"loc":{"start":{"line":67,"column":6},"end":{"line":69,"column":7}},"type":"if","locations":[{"start":{"line":67,"column":6},"end":{"line":69,"column":7}},{"start":{},"end":{}}]},"9":{"loc":{"start":{"line":67,"column":10},"end":{"line":67,"column":121}},"type":"binary-expr","locations":[{"start":{"line":67,"column":10},"end":{"line":67,"column":34}},{"start":{"line":67,"column":39},"end":{"line":67,"column":69}},{"start":{"line":67,"column":73},"end":{"line":67,"column":102}},{"start":{"line":67,"column":106},"end":{"line":67,"column":120}}]},"10":{"loc":{"start":{"line":73,"column":6},"end":{"line":75,"column":133}},"type":"cond-expr","locations":[{"start":{"line":74,"column":10},"end":{"line":74,"column":31}},{"start":{"line":75,"column":10},"end":{"line":75,"column":133}}]},"11":{"loc":{"start":{"line":73,"column":6},"end":{"line":73,"column":65}},"type":"binary-expr","locations":[{"start":{"line":73,"column":6},"end":{"line":73,"column":40}},{"start":{"line":73,"column":44},"end":{"line":73,"column":65}}]},"12":{"loc":{"start":{"line":81,"column":28},"end":{"line":81,"column":97}},"type":"cond-expr","locations":[{"start":{"line":81,"column":60},"end":{"line":81,"column":81}},{"start":{"line":81,"column":84},"end":{"line":81,"column":97}}]}},"s":{"0":5,"1":5,"2":5,"3":5,"4":5,"5":5,"6":5,"7":5,"8":5,"9":5,"10":0,"11":5,"12":5,"13":20,"14":20,"15":0,"16":20,"17":128,"18":128,"19":0,"20":128,"21":2,"22":18,"23":0,"24":3,"25":3,"26":3,"27":18,"28":18,"29":126,"30":18,"31":18,"32":3,"33":5,"34":5},"f":{"0":5,"1":5,"2":126},"b":{"0":[0,5],"1":[5,5],"2":[0,20],"3":[20,20],"4":[0,128],"5":[128,128],"6":[2,126],"7":[128,128,127],"8":[0,18],"9":[18,18,18,18],"10":[2,1],"11":[3,3],"12":[17,1]}}
,"/Users/calibraint_1/Documents/personal-tools/comp-copilot/backend/src/core/city-expense/city-expense.module.ts": {"path":"/Users/calibraint_1/Documents/personal-tools/comp-copilot/backend/src/core/city-expense/city-expense.module.ts","statementMap":{"0":{"start":{"line":1,"column":0},"end":{"line":1,"column":40}},"1":{"start":{"line":2,"column":0},"end":{"line":2,"column":47}},"2":{"start":{"line":3,"column":0},"end":{"line":3,"column":50}},"3":{"start":{"line":4,"column":0},"end":{"line":4,"column":28}},"4":{"start":{"line":5,"column":0},"end":{"line":5,"column":46}},"5":{"start":{"line":6,"column":0},"end":{"line":6,"column":null}},"6":{"start":{"line":10,"column":0},"end":{"line":10,"column":null}},"7":{"start":{"line":14,"column":0},"end":{"line":14,"column":74}},"8":{"start":{"line":15,"column":0},"end":{"line":15,"column":63}},"9":{"start":{"line":43,"column":7},"end":{"line":43,"column":null}},"10":{"start":{"line":43,"column":13},"end":{"line":43,"column":30}},"11":{"start":{"line":43,"column":13},"end":{"line":43,"column":null}},"12":{"start":{"line":28,"column":20},"end":{"line":28,"column":77}},"13":{"start":{"line":29,"column":23},"end":{"line":29,"column":37}},"14":{"start":{"line":30,"column":8},"end":{"line":32,"column":11}},"15":{"start":{"line":31,"column":10},"end":{"line":31,"column":65}},"16":{"start":{"line":33,"column":8},"end":{"line":33,"column":22}}},"fnMap":{"0":{"name":"(anonymous_2)","decl":{"start":{"line":27,"column":18},"end":{"line":27,"column":19}},"loc":{"start":{"line":27,"column":44},"end":{"line":34,"column":7}}},"1":{"name":"(anonymous_3)","decl":{"start":{"line":30,"column":27},"end":{"line":30,"column":28}},"loc":{"start":{"line":30,"column":42},"end":{"line":32,"column":9}}}},"branchMap":{},"s":{"0":0,"1":0,"2":0,"3":0,"4":0,"5":0,"6":0,"7":0,"8":0,"9":0,"10":0,"11":0,"12":0,"13":0,"14":0,"15":0,"16":0},"f":{"0":0,"1":0},"b":{}}
,"/Users/calibraint_1/Documents/personal-tools/comp-copilot/backend/src/core/city-expense/city-expense.service.ts": {"path":"/Users/calibraint_1/Documents/personal-tools/comp-copilot/backend/src/core/city-expense/city-expense.service.ts","statementMap":{"0":{"start":{"line":1,"column":0},"end":{"line":1,"column":null}},"1":{"start":{"line":7,"column":0},"end":{"line":7,"column":47}},"2":{"start":{"line":8,"column":0},"end":{"line":8,"column":33}},"3":{"start":{"line":9,"column":0},"end":{"line":9,"column":null}},"4":{"start":{"line":15,"column":0},"end":{"line":15,"column":74}},"5":{"start":{"line":16,"column":0},"end":{"line":16,"column":74}},"6":{"start":{"line":18,"column":27},"end":{"line":18,"column":48}},"7":{"start":{"line":20,"column":40},"end":{"line":20,"column":48}},"8":{"start":{"line":21,"column":29},"end":{"line":21,"column":30}},"9":{"start":{"line":24,"column":2},"end":{"line":24,"column":50}},"10":{"start":{"line":29,"column":4},"end":{"line":29,"column":55}},"11":{"start":{"line":30,"column":4},"end":{"line":30,"column":46}},"12":{"start":{"line":27,"column":0},"end":{"line":27,"column":13}},"13":{"start":{"line":35,"column":31},"end":{"line":277,"column":null}},"14":{"start":{"line":36,"column":28},"end":{"line":36,"column":63}},"15":{"start":{"line":41,"column":21},"end":{"line":41,"column":28}},"16":{"start":{"line":42,"column":21},"end":{"line":42,"column":28}},"17":{"start":{"line":43,"column":21},"end":{"line":43,"column":28}},"18":{"start":{"line":47,"column":4},"end":{"line":47,"column":35}},"19":{"start":{"line":48,"column":4},"end":{"line":48,"column":41}},"20":{"start":{"line":52,"column":4},"end":{"line":55,"column":5}},"21":{"start":{"line":53,"column":6},"end":{"line":53,"column":40}},"22":{"start":{"line":54,"column":6},"end":{"line":54,"column":77}},"23":{"start":{"line":59,"column":4},"end":{"line":59,"column":82}},"24":{"start":{"line":61,"column":4},"end":{"line":77,"column":5}},"25":{"start":{"line":62,"column":19},"end":{"line":65,"column":15}},"26":{"start":{"line":66,"column":6},"end":{"line":73,"column":7}},"27":{"start":{"line":67,"column":21},"end":{"line":67,"column":29}},"28":{"start":{"line":68,"column":30},"end":{"line":68,"column":56}},"29":{"start":{"line":69,"column":8},"end":{"line":71,"column":9}},"30":{"start":{"line":70,"column":10},"end":{"line":70,"column":68}},"31":{"start":{"line":72,"column":8},"end":{"line":72,"column":70}},"32":{"start":{"line":74,"column":6},"end":{"line":74,"column":64}},"33":{"start":{"line":76,"column":6},"end":{"line":76,"column":70}},"34":{"start":{"line":80,"column":23},"end":{"line":80,"column":28}},"35":{"start":{"line":83,"column":4},"end":{"line":83,"column":98}},"36":{"start":{"line":85,"column":4},"end":{"line":115,"column":14}},"37":{"start":{"line":86,"column":6},"end":{"line":86,"column":34}},"38":{"start":{"line":86,"column":27},"end":{"line":86,"column":34}},"39":{"start":{"line":88,"column":6},"end":{"line":114,"column":7}},"40":{"start":{"line":89,"column":24},"end":{"line":96,"column":17}},"41":{"start":{"line":98,"column":8},"end":{"line":110,"column":9}},"42":{"start":{"line":99,"column":10},"end":{"line":99,"column":33}},"43":{"start":{"line":100,"column":23},"end":{"line":100,"column":35}},"44":{"start":{"line":101,"column":10},"end":{"line":101,"column":80}},"45":{"start":{"line":102,"column":10},"end":{"line":109,"column":11}},"46":{"start":{"line":103,"column":12},"end":{"line":103,"column":43}},"47":{"start":{"line":104,"column":12},"end":{"line":104,"column":90}},"48":{"start":{"line":106,"column":12},"end":{"line":106,"column":86}},"49":{"start":{"line":108,"column":12},"end":{"line":108,"column":36}},"50":{"start":{"line":112,"column":8},"end":{"line":112,"column":90}},"51":{"start":{"line":113,"column":8},"end":{"line":113,"column":32}},"52":{"start":{"line":119,"column":17},"end":{"line":122,"column":13}},"53":{"start":{"line":123,"column":4},"end":{"line":123,"column":44}},"54":{"start":{"line":127,"column":17},"end":{"line":130,"column":13}},"55":{"start":{"line":131,"column":4},"end":{"line":133,"column":42}},"56":{"start":{"line":132,"column":18},"end":{"line":132,"column":24}},"57":{"start":{"line":133,"column":22},"end":{"line":133,"column":40}},"58":{"start":{"line":139,"column":23},"end":{"line":139,"column":66}},"59":{"start":{"line":139,"column":41},"end":{"line":139,"column":49}},"60":{"start":{"line":140,"column":4},"end":{"line":140,"column":57}},"61":{"start":{"line":140,"column":28},"end":{"line":140,"column":57}},"62":{"start":{"line":142,"column":17},"end":{"line":148,"column":13}},"63":{"start":{"line":144,"column":43},"end":{"line":144,"column":81}},"64":{"start":{"line":150,"column":18},"end":{"line":150,"column":92}},"65":{"start":{"line":150,"column":43},"end":{"line":150,"column":90}},"66":{"start":{"line":151,"column":20},"end":{"line":151,"column":73}},"67":{"start":{"line":151,"column":45},"end":{"line":151,"column":72}},"68":{"start":{"line":153,"column":20},"end":{"line":159,"column":null}},"69":{"start":{"line":155,"column":8},"end":{"line":158,"column":10}},"70":{"start":{"line":156,"column":10},"end":{"line":156,"column":76}},"71":{"start":{"line":157,"column":10},"end":{"line":157,"column":22}},"72":{"start":{"line":162,"column":18},"end":{"line":164,"column":50}},"73":{"start":{"line":163,"column":19},"end":{"line":163,"column":60}},"74":{"start":{"line":164,"column":39},"end":{"line":164,"column":49}},"75":{"start":{"line":166,"column":4},"end":{"line":166,"column":61}},"76":{"start":{"line":175,"column":19},"end":{"line":175,"column":45}},"77":{"start":{"line":176,"column":4},"end":{"line":176,"column":106}},"78":{"start":{"line":176,"column":37},"end":{"line":176,"column":106}},"79":{"start":{"line":179,"column":16},"end":{"line":184,"column":13}},"80":{"start":{"line":186,"column":4},"end":{"line":198,"column":5}},"81":{"start":{"line":187,"column":20},"end":{"line":187,"column":49}},"82":{"start":{"line":188,"column":6},"end":{"line":188,"column":40}},"83":{"start":{"line":190,"column":20},"end":{"line":190,"column":69}},"84":{"start":{"line":191,"column":6},"end":{"line":195,"column":7}},"85":{"start":{"line":192,"column":8},"end":{"line":194,"column":10}},"86":{"start":{"line":193,"column":10},"end":{"line":193,"column":84}},"87":{"start":{"line":197,"column":6},"end":{"line":197,"column":74}},"88":{"start":{"line":201,"column":4},"end":{"line":201,"column":87}},"89":{"start":{"line":202,"column":4},"end":{"line":207,"column":5}},"90":{"start":{"line":203,"column":20},"end":{"line":203,"column":50}},"91":{"start":{"line":204,"column":6},"end":{"line":204,"column":74}},"92":{"start":{"line":206,"column":6},"end":{"line":206,"column":50}},"93":{"start":{"line":213,"column":4},"end":{"line":213,"column":31}},"94":{"start":{"line":214,"column":4},"end":{"line":214,"column":36}},"95":{"start":{"line":220,"column":19},"end":{"line":220,"column":54}},"96":{"start":{"line":221,"column":4},"end":{"line":229,"column":14}},"97":{"start":{"line":230,"column":4},"end":{"line":230,"column":39}},"98":{"start":{"line":231,"column":4},"end":{"line":231,"column":18}},"99":{"start":{"line":240,"column":4},"end":{"line":264,"column":5}},"100":{"start":{"line":241,"column":6},"end":{"line":241,"column":34}},"101":{"start":{"line":243,"column":6},"end":{"line":263,"column":7}},"102":{"start":{"line":245,"column":10},"end":{"line":245,"column":38}},"103":{"start":{"line":246,"column":10},"end":{"line":246,"column":16}},"104":{"start":{"line":248,"column":10},"end":{"line":248,"column":34}},"105":{"start":{"line":249,"column":10},"end":{"line":249,"column":16}},"106":{"start":{"line":251,"column":10},"end":{"line":251,"column":35}},"107":{"start":{"line":252,"column":10},"end":{"line":252,"column":16}},"108":{"start":{"line":254,"column":10},"end":{"line":254,"column":35}},"109":{"start":{"line":255,"column":10},"end":{"line":255,"column":16}},"110":{"start":{"line":257,"column":10},"end":{"line":257,"column":35}},"111":{"start":{"line":258,"column":10},"end":{"line":258,"column":16}},"112":{"start":{"line":261,"column":10},"end":{"line":261,"column":35}},"113":{"start":{"line":262,"column":10},"end":{"line":262,"column":16}},"114":{"start":{"line":266,"column":4},"end":{"line":275,"column":6}},"115":{"start":{"line":35,"column":13},"end":{"line":35,"column":31}},"116":{"start":{"line":35,"column":13},"end":{"line":277,"column":null}}},"fnMap":{"0":{"name":"escapeRegex","decl":{"start":{"line":23,"column":9},"end":{"line":23,"column":20}},"loc":{"start":{"line":23,"column":30},"end":{"line":25,"column":1}}},"1":{"name":"(anonymous_5)","decl":{"start":{"line":28,"column":2},"end":{"line":28,"column":14}},"loc":{"start":{"line":28,"column":26},"end":{"line":31,"column":3}}},"2":{"name":"(anonymous_6)","decl":{"start":{"line":39,"column":2},"end":{"line":39,"column":null}},"loc":{"start":{"line":43,"column":51},"end":{"line":44,"column":7}}},"3":{"name":"(anonymous_7)","decl":{"start":{"line":46,"column":2},"end":{"line":46,"column":7}},"loc":{"start":{"line":46,"column":30},"end":{"line":49,"column":3}}},"4":{"name":"(anonymous_8)","decl":{"start":{"line":51,"column":2},"end":{"line":51,"column":17}},"loc":{"start":{"line":51,"column":17},"end":{"line":56,"column":3}}},"5":{"name":"(anonymous_9)","decl":{"start":{"line":58,"column":10},"end":{"line":58,"column":15}},"loc":{"start":{"line":58,"column":33},"end":{"line":78,"column":3}}},"6":{"name":"(anonymous_10)","decl":{"start":{"line":82,"column":10},"end":{"line":82,"column":15}},"loc":{"start":{"line":82,"column":40},"end":{"line":116,"column":3}}},"7":{"name":"(anonymous_11)","decl":{"start":{"line":85,"column":37},"end":{"line":85,"column":42}},"loc":{"start":{"line":85,"column":48},"end":{"line":115,"column":5}}},"8":{"name":"(anonymous_12)","decl":{"start":{"line":118,"column":2},"end":{"line":118,"column":7}},"loc":{"start":{"line":118,"column":22},"end":{"line":124,"column":3}}},"9":{"name":"(anonymous_13)","decl":{"start":{"line":126,"column":2},"end":{"line":126,"column":7}},"loc":{"start":{"line":126,"column":20},"end":{"line":134,"column":3}}},"10":{"name":"(anonymous_14)","decl":{"start":{"line":132,"column":11},"end":{"line":132,"column":12}},"loc":{"start":{"line":132,"column":18},"end":{"line":132,"column":24}}},"11":{"name":"(anonymous_15)","decl":{"start":{"line":133,"column":12},"end":{"line":133,"column":13}},"loc":{"start":{"line":133,"column":22},"end":{"line":133,"column":40}}},"12":{"name":"(anonymous_16)","decl":{"start":{"line":136,"column":2},"end":{"line":136,"column":7}},"loc":{"start":{"line":137,"column":20},"end":{"line":167,"column":3}}},"13":{"name":"(anonymous_17)","decl":{"start":{"line":139,"column":34},"end":{"line":139,"column":35}},"loc":{"start":{"line":139,"column":41},"end":{"line":139,"column":49}}},"14":{"name":"(anonymous_18)","decl":{"start":{"line":144,"column":36},"end":{"line":144,"column":37}},"loc":{"start":{"line":144,"column":43},"end":{"line":144,"column":81}}},"15":{"name":"(anonymous_19)","decl":{"start":{"line":150,"column":35},"end":{"line":150,"column":36}},"loc":{"start":{"line":150,"column":43},"end":{"line":150,"column":90}}},"16":{"name":"(anonymous_20)","decl":{"start":{"line":151,"column":38},"end":{"line":151,"column":39}},"loc":{"start":{"line":151,"column":45},"end":{"line":151,"column":72}}},"17":{"name":"(anonymous_21)","decl":{"start":{"line":154,"column":18},"end":{"line":154,"column":19}},"loc":{"start":{"line":155,"column":8},"end":{"line":158,"column":10}}},"18":{"name":"(anonymous_22)","decl":{"start":{"line":155,"column":36},"end":{"line":155,"column":37}},"loc":{"start":{"line":155,"column":51},"end":{"line":158,"column":9}}},"19":{"name":"(anonymous_23)","decl":{"start":{"line":163,"column":11},"end":{"line":163,"column":12}},"loc":{"start":{"line":163,"column":19},"end":{"line":163,"column":60}}},"20":{"name":"(anonymous_24)","decl":{"start":{"line":164,"column":14},"end":{"line":164,"column":15}},"loc":{"start":{"line":164,"column":39},"end":{"line":164,"column":49}}},"21":{"name":"(anonymous_25)","decl":{"start":{"line":169,"column":2},"end":{"line":169,"column":7}},"loc":{"start":{"line":172,"column":46},"end":{"line":208,"column":3}}},"22":{"name":"(anonymous_26)","decl":{"start":{"line":192,"column":44},"end":{"line":192,"column":45}},"loc":{"start":{"line":193,"column":10},"end":{"line":193,"column":84}}},"23":{"name":"(anonymous_27)","decl":{"start":{"line":210,"column":2},"end":{"line":210,"column":7}},"loc":{"start":{"line":211,"column":16},"end":{"line":215,"column":3}}},"24":{"name":"(anonymous_28)","decl":{"start":{"line":217,"column":10},"end":{"line":217,"column":15}},"loc":{"start":{"line":218,"column":16},"end":{"line":232,"column":3}}},"25":{"name":"(anonymous_29)","decl":{"start":{"line":234,"column":10},"end":{"line":234,"column":33}},"loc":{"start":{"line":237,"column":23},"end":{"line":276,"column":3}}}},"branchMap":{"0":{"loc":{"start":{"line":52,"column":4},"end":{"line":55,"column":5}},"type":"if","locations":[{"start":{"line":52,"column":4},"end":{"line":55,"column":5}},{"start":{},"end":{}}]},"1":{"loc":{"start":{"line":69,"column":8},"end":{"line":71,"column":9}},"type":"if","locations":[{"start":{"line":69,"column":8},"end":{"line":71,"column":9}},{"start":{},"end":{}}]},"2":{"loc":{"start":{"line":86,"column":6},"end":{"line":86,"column":34}},"type":"if","locations":[{"start":{"line":86,"column":6},"end":{"line":86,"column":34}},{"start":{},"end":{}}]},"3":{"loc":{"start":{"line":98,"column":8},"end":{"line":110,"column":9}},"type":"if","locations":[{"start":{"line":98,"column":8},"end":{"line":110,"column":9}},{"start":{},"end":{}}]},"4":{"loc":{"start":{"line":140,"column":4},"end":{"line":140,"column":57}},"type":"if","locations":[{"start":{"line":140,"column":4},"end":{"line":140,"column":57}},{"start":{},"end":{}}]},"5":{"loc":{"start":{"line":163,"column":19},"end":{"line":163,"column":60}},"type":"cond-expr","locations":[{"start":{"line":163,"column":46},"end":{"line":163,"column":53}},{"start":{"line":163,"column":56},"end":{"line":163,"column":60}}]},"6":{"loc":{"start":{"line":171,"column":4},"end":{"line":171,"column":48}},"type":"default-arg","locations":[{"start":{"line":171,"column":29},"end":{"line":171,"column":48}}]},"7":{"loc":{"start":{"line":172,"column":4},"end":{"line":172,"column":46}},"type":"default-arg","locations":[{"start":{"line":172,"column":26},"end":{"line":172,"column":46}}]},"8":{"loc":{"start":{"line":176,"column":4},"end":{"line":176,"column":106}},"type":"if","locations":[{"start":{"line":176,"column":4},"end":{"line":176,"column":106}},{"start":{},"end":{}}]},"9":{"loc":{"start":{"line":176,"column":8},"end":{"line":176,"column":35}},"type":"binary-expr","locations":[{"start":{"line":176,"column":8},"end":{"line":176,"column":14}},{"start":{"line":176,"column":18},"end":{"line":176,"column":35}}]},"10":{"loc":{"start":{"line":186,"column":4},"end":{"line":198,"column":5}},"type":"if","locations":[{"start":{"line":186,"column":4},"end":{"line":198,"column":5}},{"start":{},"end":{}}]},"11":{"loc":{"start":{"line":186,"column":8},"end":{"line":186,"column":29}},"type":"binary-expr","locations":[{"start":{"line":186,"column":8},"end":{"line":186,"column":11}},{"start":{"line":186,"column":15},"end":{"line":186,"column":29}}]},"12":{"loc":{"start":{"line":191,"column":6},"end":{"line":195,"column":7}},"type":"if","locations":[{"start":{"line":191,"column":6},"end":{"line":195,"column":7}},{"start":{},"end":{}}]},"13":{"loc":{"start":{"line":240,"column":4},"end":{"line":264,"column":5}},"type":"if","locations":[{"start":{"line":240,"column":4},"end":{"line":264,"column":5}},{"start":{"line":242,"column":11},"end":{"line":264,"column":5}}]},"14":{"loc":{"start":{"line":243,"column":6},"end":{"line":263,"column":7}},"type":"switch","locations":[{"start":{"line":244,"column":8},"end":{"line":246,"column":16}},{"start":{"line":247,"column":8},"end":{"line":249,"column":16}},{"start":{"line":250,"column":8},"end":{"line":252,"column":16}},{"start":{"line":253,"column":8},"end":{"line":255,"column":16}},{"start":{"line":256,"column":8},"end":{"line":258,"column":16}},{"start":{"line":259,"column":8},"end":{"line":259,"column":15}},{"start":{"line":260,"column":8},"end":{"line":262,"column":16}}]},"15":{"loc":{"start":{"line":41,"column":28},"end":{"line":41,"column":54}},"type":"cond-expr","locations":[{"start":{"line":41,"column":33},"end":{"line":41,"column":54}},{"start":{"line":41,"column":33},"end":{"line":41,"column":54}}]},"16":{"loc":{"start":{"line":41,"column":28},"end":{"line":41,"column":33}},"type":"binary-expr","locations":[{"start":{"line":41,"column":28},"end":{"line":41,"column":54}},{"start":{"line":41,"column":28},"end":{"line":41,"column":33}}]},"17":{"loc":{"start":{"line":41,"column":33},"end":{"line":42,"column":null}},"type":"cond-expr","locations":[{"start":{"line":42,"column":51},"end":{"line":42,"column":null}},{"start":{"line":42,"column":51},"end":{"line":42,"column":null}}]},"18":{"loc":{"start":{"line":41,"column":33},"end":{"line":42,"column":51}},"type":"binary-expr","locations":[{"start":{"line":41,"column":33},"end":{"line":42,"column":null}},{"start":{"line":42,"column":28},"end":{"line":42,"column":51}}]},"19":{"loc":{"start":{"line":42,"column":51},"end":{"line":43,"column":null}},"type":"cond-expr","locations":[{"start":{"line":43,"column":51},"end":{"line":43,"column":null}},{"start":{"line":43,"column":51},"end":{"line":43,"column":null}}]},"20":{"loc":{"start":{"line":42,"column":51},"end":{"line":43,"column":51}},"type":"binary-expr","locations":[{"start":{"line":42,"column":51},"end":{"line":43,"column":null}},{"start":{"line":43,"column":28},"end":{"line":43,"column":51}}]}},"s":{"0":4,"1":4,"2":4,"3":4,"4":4,"5":4,"6":4,"7":4,"8":4,"9":8,"10":1,"11":1,"12":4,"13":4,"14":7,"15":7,"16":7,"17":7,"18":0,"19":0,"20":0,"21":0,"22":0,"23":0,"24":0,"25":0,"26":0,"27":0,"28":0,"29":0,"30":0,"31":0,"32":0,"33":0,"34":7,"35":0,"36":0,"37":0,"38":0,"39":0,"40":0,"41":0,"42":0,"43":0,"44":0,"45":0,"46":0,"47":0,"48":0,"49":0,"50":0,"51":0,"52":0,"53":0,"54":0,"55":0,"56":0,"57":0,"58":0,"59":0,"60":0,"61":0,"62":0,"63":0,"64":0,"65":0,"66":0,"67":0,"68":0,"69":0,"70":0,"71":0,"72":0,"73":0,"74":0,"75":0,"76":6,"77":6,"78":1,"79":5,"80":5,"81":3,"82":3,"83":3,"84":3,"85":2,"86":1,"87":3,"88":2,"89":2,"90":2,"91":1,"92":1,"93":1,"94":1,"95":5,"96":3,"97":3,"98":3,"99":5,"100":0,"101":5,"102":0,"103":0,"104":0,"105":0,"106":0,"107":0,"108":5,"109":5,"110":0,"111":0,"112":0,"113":0,"114":5,"115":4,"116":4},"f":{"0":8,"1":1,"2":7,"3":0,"4":0,"5":0,"6":0,"7":0,"8":0,"9":0,"10":0,"11":0,"12":0,"13":0,"14":0,"15":0,"16":0,"17":0,"18":0,"19":0,"20":0,"21":6,"22":1,"23":1,"24":5,"25":5},"b":{"0":[0,0],"1":[0,0],"2":[0,0],"3":[0,0],"4":[0,0],"5":[0,0],"6":[6],"7":[6],"8":[1,5],"9":[6,1],"10":[3,2],"11":[5,3],"12":[2,1],"13":[0,5],"14":[0,0,0,5,0,0,0],"15":[4,0],"16":[4,4],"17":[4,0],"18":[4,4],"19":[4,0],"20":[4,4]}}
,"/Users/calibraint_1/Documents/personal-tools/comp-copilot/backend/src/core/compensation/compensation.module.ts": {"path":"/Users/calibraint_1/Documents/personal-tools/comp-copilot/backend/src/core/compensation/compensation.module.ts","statementMap":{"0":{"start":{"line":1,"column":0},"end":{"line":1,"column":40}},"1":{"start":{"line":2,"column":0},"end":{"line":2,"column":64}},"2":{"start":{"line":8,"column":7},"end":{"line":8,"column":null}},"3":{"start":{"line":8,"column":13},"end":{"line":8,"column":31}},"4":{"start":{"line":8,"column":13},"end":{"line":8,"column":null}}},"fnMap":{},"branchMap":{},"s":{"0":0,"1":0,"2":0,"3":0,"4":0},"f":{},"b":{}}
,"/Users/calibraint_1/Documents/personal-tools/comp-copilot/backend/src/core/compensation/compensation.service.ts": {"path":"/Users/calibraint_1/Documents/personal-tools/comp-copilot/backend/src/core/compensation/compensation.service.ts","statementMap":{"0":{"start":{"line":1,"column":0},"end":{"line":1,"column":44}},"1":{"start":{"line":4,"column":14},"end":{"line":12,"column":11}},"2":{"start":{"line":14,"column":27},"end":{"line":14,"column":33}},"3":{"start":{"line":15,"column":19},"end":{"line":15,"column":25}},"4":{"start":{"line":16,"column":25},"end":{"line":16,"column":34}},"5":{"start":{"line":17,"column":18},"end":{"line":17,"column":22}},"6":{"start":{"line":18,"column":32},"end":{"line":18,"column":38}},"7":{"start":{"line":19,"column":25},"end":{"line":19,"column":29}},"8":{"start":{"line":102,"column":7},"end":{"line":306,"column":null}},"9":{"start":{"line":105,"column":14},"end":{"line":105,"column":15}},"10":{"start":{"line":106,"column":20},"end":{"line":106,"column":33}},"11":{"start":{"line":107,"column":20},"end":{"line":107,"column":21}},"12":{"start":{"line":109,"column":4},"end":{"line":116,"column":5}},"13":{"start":{"line":110,"column":19},"end":{"line":110,"column":62}},"14":{"start":{"line":111,"column":6},"end":{"line":111,"column":27}},"15":{"start":{"line":111,"column":21},"end":{"line":111,"column":27}},"16":{"start":{"line":112,"column":6},"end":{"line":112,"column":30}},"17":{"start":{"line":113,"column":6},"end":{"line":113,"column":24}},"18":{"start":{"line":114,"column":6},"end":{"line":114,"column":29}},"19":{"start":{"line":115,"column":6},"end":{"line":115,"column":32}},"20":{"start":{"line":115,"column":26},"end":{"line":115,"column":32}},"21":{"start":{"line":118,"column":4},"end":{"line":120,"column":5}},"22":{"start":{"line":119,"column":6},"end":{"line":119,"column":42}},"23":{"start":{"line":122,"column":4},"end":{"line":122,"column":45}},"24":{"start":{"line":126,"column":26},"end":{"line":126,"column":77}},"25":{"start":{"line":127,"column":4},"end":{"line":127,"column":45}},"26":{"start":{"line":131,"column":25},"end":{"line":131,"column":47}},"27":{"start":{"line":132,"column":29},"end":{"line":132,"column":76}},"28":{"start":{"line":133,"column":4},"end":{"line":133,"column":64}},"29":{"start":{"line":137,"column":25},"end":{"line":137,"column":47}},"30":{"start":{"line":138,"column":4},"end":{"line":138,"column":65}},"31":{"start":{"line":161,"column":30},"end":{"line":161,"column":57}},"32":{"start":{"line":162,"column":31},"end":{"line":162,"column":62}},"33":{"start":{"line":165,"column":27},"end":{"line":165,"column":79}},"34":{"start":{"line":169,"column":25},"end":{"line":169,"column":97}},"35":{"start":{"line":170,"column":25},"end":{"line":170,"column":53}},"36":{"start":{"line":173,"column":30},"end":{"line":173,"column":108}},"37":{"start":{"line":174,"column":30},"end":{"line":174,"column":52}},"38":{"start":{"line":177,"column":29},"end":{"line":177,"column":84}},"39":{"start":{"line":180,"column":34},"end":{"line":180,"column":70}},"40":{"start":{"line":183,"column":27},"end":{"line":187,"column":26}},"41":{"start":{"line":190,"column":31},"end":{"line":192,"column":22}},"42":{"start":{"line":195,"column":26},"end":{"line":195,"column":78}},"43":{"start":{"line":198,"column":28},"end":{"line":198,"column":61}},"44":{"start":{"line":201,"column":26},"end":{"line":201,"column":100}},"45":{"start":{"line":202,"column":26},"end":{"line":202,"column":44}},"46":{"start":{"line":205,"column":28},"end":{"line":205,"column":50}},"47":{"start":{"line":206,"column":28},"end":{"line":206,"column":59}},"48":{"start":{"line":207,"column":28},"end":{"line":207,"column":47}},"49":{"start":{"line":209,"column":4},"end":{"line":237,"column":6}},"50":{"start":{"line":246,"column":34},"end":{"line":246,"column":55}},"51":{"start":{"line":247,"column":34},"end":{"line":247,"column":73}},"52":{"start":{"line":248,"column":34},"end":{"line":248,"column":112}},"53":{"start":{"line":249,"column":34},"end":{"line":249,"column":56}},"54":{"start":{"line":250,"column":34},"end":{"line":250,"column":50}},"55":{"start":{"line":251,"column":34},"end":{"line":251,"column":70}},"56":{"start":{"line":252,"column":34},"end":{"line":252,"column":91}},"57":{"start":{"line":253,"column":34},"end":{"line":253,"column":82}},"58":{"start":{"line":254,"column":34},"end":{"line":254,"column":67}},"59":{"start":{"line":255,"column":4},"end":{"line":255,"column":70}},"60":{"start":{"line":260,"column":6},"end":{"line":260,"column":67}},"61":{"start":{"line":261,"column":30},"end":{"line":261,"column":71}},"62":{"start":{"line":263,"column":17},"end":{"line":263,"column":61}},"63":{"start":{"line":265,"column":4},"end":{"line":267,"column":5}},"64":{"start":{"line":266,"column":6},"end":{"line":266,"column":71}},"65":{"start":{"line":269,"column":25},"end":{"line":269,"column":50}},"66":{"start":{"line":270,"column":20},"end":{"line":270,"column":45}},"67":{"start":{"line":271,"column":4},"end":{"line":271,"column":32}},"68":{"start":{"line":273,"column":4},"end":{"line":273,"column":45}},"69":{"start":{"line":277,"column":23},"end":{"line":277,"column":25}},"70":{"start":{"line":279,"column":4},"end":{"line":281,"column":5}},"71":{"start":{"line":280,"column":6},"end":{"line":280,"column":78}},"72":{"start":{"line":283,"column":4},"end":{"line":288,"column":5}},"73":{"start":{"line":284,"column":6},"end":{"line":287,"column":8}},"74":{"start":{"line":290,"column":4},"end":{"line":295,"column":5}},"75":{"start":{"line":291,"column":6},"end":{"line":294,"column":8}},"76":{"start":{"line":297,"column":4},"end":{"line":302,"column":5}},"77":{"start":{"line":298,"column":6},"end":{"line":301,"column":8}},"78":{"start":{"line":304,"column":4},"end":{"line":304,"column":43}},"79":{"start":{"line":102,"column":13},"end":{"line":102,"column":32}},"80":{"start":{"line":102,"column":13},"end":{"line":306,"column":null}}},"fnMap":{"0":{"name":"(anonymous_1)","decl":{"start":{"line":104,"column":10},"end":{"line":104,"column":23}},"loc":{"start":{"line":104,"column":45},"end":{"line":123,"column":3}}},"1":{"name":"(anonymous_2)","decl":{"start":{"line":125,"column":2},"end":{"line":125,"column":12}},"loc":{"start":{"line":125,"column":38},"end":{"line":128,"column":3}}},"2":{"name":"(anonymous_3)","decl":{"start":{"line":130,"column":2},"end":{"line":130,"column":19}},"loc":{"start":{"line":130,"column":37},"end":{"line":134,"column":3}}},"3":{"name":"(anonymous_4)","decl":{"start":{"line":136,"column":2},"end":{"line":136,"column":24}},"loc":{"start":{"line":136,"column":66},"end":{"line":139,"column":3}}},"4":{"name":"(anonymous_5)","decl":{"start":{"line":155,"column":2},"end":{"line":155,"column":22}},"loc":{"start":{"line":158,"column":24},"end":{"line":238,"column":3}}},"5":{"name":"(anonymous_6)","decl":{"start":{"line":245,"column":2},"end":{"line":245,"column":29}},"loc":{"start":{"line":245,"column":49},"end":{"line":256,"column":3}}},"6":{"name":"(anonymous_7)","decl":{"start":{"line":258,"column":2},"end":{"line":258,"column":20}},"loc":{"start":{"line":258,"column":44},"end":{"line":274,"column":3}}},"7":{"name":"(anonymous_8)","decl":{"start":{"line":276,"column":2},"end":{"line":276,"column":19}},"loc":{"start":{"line":276,"column":42},"end":{"line":305,"column":3}}}},"branchMap":{"0":{"loc":{"start":{"line":111,"column":6},"end":{"line":111,"column":27}},"type":"if","locations":[{"start":{"line":111,"column":6},"end":{"line":111,"column":27}},{"start":{},"end":{}}]},"1":{"loc":{"start":{"line":115,"column":6},"end":{"line":115,"column":32}},"type":"if","locations":[{"start":{"line":115,"column":6},"end":{"line":115,"column":32}},{"start":{},"end":{}}]},"2":{"loc":{"start":{"line":118,"column":4},"end":{"line":120,"column":5}},"type":"if","locations":[{"start":{"line":118,"column":4},"end":{"line":120,"column":5}},{"start":{},"end":{}}]},"3":{"loc":{"start":{"line":177,"column":29},"end":{"line":177,"column":84}},"type":"cond-expr","locations":[{"start":{"line":177,"column":64},"end":{"line":177,"column":80}},{"start":{"line":177,"column":83},"end":{"line":177,"column":84}}]},"4":{"loc":{"start":{"line":190,"column":31},"end":{"line":192,"column":22}},"type":"cond-expr","locations":[{"start":{"line":191,"column":8},"end":{"line":191,"column":39}},{"start":{"line":192,"column":8},"end":{"line":192,"column":22}}]},"5":{"loc":{"start":{"line":265,"column":4},"end":{"line":267,"column":5}},"type":"if","locations":[{"start":{"line":265,"column":4},"end":{"line":267,"column":5}},{"start":{},"end":{}}]},"6":{"loc":{"start":{"line":279,"column":4},"end":{"line":281,"column":5}},"type":"if","locations":[{"start":{"line":279,"column":4},"end":{"line":281,"column":5}},{"start":{},"end":{}}]},"7":{"loc":{"start":{"line":283,"column":4},"end":{"line":288,"column":5}},"type":"if","locations":[{"start":{"line":283,"column":4},"end":{"line":288,"column":5}},{"start":{},"end":{}}]},"8":{"loc":{"start":{"line":290,"column":4},"end":{"line":295,"column":5}},"type":"if","locations":[{"start":{"line":290,"column":4},"end":{"line":295,"column":5}},{"start":{},"end":{}}]},"9":{"loc":{"start":{"line":297,"column":4},"end":{"line":302,"column":5}},"type":"if","locations":[{"start":{"line":297,"column":4},"end":{"line":302,"column":5}},{"start":{},"end":{}}]}},"s":{"0":4,"1":4,"2":4,"3":4,"4":4,"5":4,"6":4,"7":4,"8":4,"9":29,"10":29,"11":29,"12":29,"13":137,"14":137,"15":0,"16":137,"17":137,"18":137,"19":137,
[...]
,"/Users/calibraint_1/Documents/personal-tools/comp-copilot/backend/src/shared/guards/ai-throttler.guard.ts": {"path":"/Users/calibraint_1/Documents/personal-tools/comp-copilot/backend/src/shared/guards/ai-throttler.guard.ts","statementMap":{"0":{"start":{"line":1,"column":0},"end":{"line":1,"column":62}},"1":{"start":{"line":2,"column":0},"end":{"line":2,"column":51}},"2":{"start":{"line":8,"column":7},"end":{"line":16,"column":null}},"3":{"start":{"line":10,"column":4},"end":{"line":10,"column":50}},"4":{"start":{"line":14,"column":4},"end":{"line":14,"column":90}},"5":{"start":{"line":8,"column":13},"end":{"line":8,"column":29}},"6":{"start":{"line":8,"column":13},"end":{"line":16,"column":null}}},"fnMap":{"0":{"name":"(anonymous_1)","decl":{"start":{"line":9,"column":12},"end":{"line":9,"column":17}},"loc":{"start":{"line":9,"column":53},"end":{"line":11,"column":3}}},"1":{"name":"(anonymous_2)","decl":{"start":{"line":13,"column":12},"end":{"line":13,"column":17}},"loc":{"start":{"line":13,"column":33},"end":{"line":15,"column":3}}}},"branchMap":{"0":{"loc":{"start":{"line":10,"column":11},"end":{"line":10,"column":49}},"type":"binary-expr","locations":[{"start":{"line":10,"column":11},"end":{"line":10,"column":24}},{"start":{"line":10,"column":28},"end":{"line":10,"column":34}},{"start":{"line":10,"column":38},"end":{"line":10,"column":49}}]}},"s":{"0":0,"1":0,"2":0,"3":0,"4":0,"5":0,"6":0},"f":{"0":0,"1":0},"b":{"0":[0,0,0]}}
,"/Users/calibraint_1/Documents/personal-tools/comp-copilot/backend/src/shared/guards/jwt-auth.guard.ts": {"path":"/Users/calibraint_1/Documents/personal-tools/comp-copilot/backend/src/shared/guards/jwt-auth.guard.ts","statementMap":{"0":{"start":{"line":1,"column":0},"end":{"line":1,"column":null}},"1":{"start":{"line":7,"column":0},"end":{"line":7,"column":47}},"2":{"start":{"line":8,"column":0},"end":{"line":8,"column":41}},"3":{"start":{"line":9,"column":0},"end":{"line":9,"column":41}},"4":{"start":{"line":12,"column":0},"end":{"line":12,"column":66}},"5":{"start":{"line":15,"column":7},"end":{"line":49,"column":null}},"6":{"start":{"line":17,"column":21},"end":{"line":17,"column":26}},"7":{"start":{"line":18,"column":21},"end":{"line":18,"column":32}},"8":{"start":{"line":19,"column":21},"end":{"line":19,"column":29}},"9":{"start":{"line":23,"column":21},"end":{"line":26,"column":6}},"10":{"start":{"line":27,"column":4},"end":{"line":27,"column":30}},"11":{"start":{"line":27,"column":18},"end":{"line":27,"column":30}},"12":{"start":{"line":29,"column":20},"end":{"line":29,"column":84}},"13":{"start":{"line":30,"column":18},"end":{"line":30,"column":44}},"14":{"start":{"line":31,"column":4},"end":{"line":31,"column":72}},"15":{"start":{"line":31,"column":16},"end":{"line":31,"column":72}},"16":{"start":{"line":33,"column":4},"end":{"line":39,"column":5}},"17":{"start":{"line":34,"column":6},"end":{"line":36,"column":9}},"18":{"start":{"line":38,"column":6},"end":{"line":38,"column":66}},"19":{"start":{"line":41,"column":4},"end":{"line":41,"column":16}},"20":{"start":{"line":45,"column":17},"end":{"line":45,"column":48}},"21":{"start":{"line":46,"column":26},"end":{"line":46,"column":41}},"22":{"start":{"line":47,"column":4},"end":{"line":47,"column":53}},"23":{"start":{"line":15,"column":13},"end":{"line":15,"column":25}},"24":{"start":{"line":15,"column":13},"end":{"line":49,"column":null}}},"fnMap":{"0":{"name":"(anonymous_2)","decl":{"start":{"line":16,"column":2},"end":{"line":16,"column":null}},"loc":{"start":{"line":19,"column":42},"end":{"line":20,"column":6}}},"1":{"name":"(anonymous_3)","decl":{"start":{"line":22,"column":2},"end":{"line":22,"column":13}},"loc":{"start":{"line":22,"column":35},"end":{"line":42,"column":3}}},"2":{"name":"(anonymous_4)","decl":{"start":{"line":44,"column":10},"end":{"line":44,"column":22}},"loc":{"start":{"line":44,"column":35},"end":{"line":48,"column":3}}}},"branchMap":{"0":{"loc":{"start":{"line":27,"column":4},"end":{"line":27,"column":30}},"type":"if","locations":[{"start":{"line":27,"column":4},"end":{"line":27,"column":30}},{"start":{},"end":{}}]},"1":{"loc":{"start":{"line":31,"column":4},"end":{"line":31,"column":72}},"type":"if","locations":[{"start":{"line":31,"column":4},"end":{"line":31,"column":72}},{"start":{},"end":{}}]},"2":{"loc":{"start":{"line":45,"column":17},"end":{"line":45,"column":48}},"type":"binary-expr","locations":[{"start":{"line":45,"column":17},"end":{"line":45,"column":42}},{"start":{"line":45,"column":46},"end":{"line":45,"column":48}}]},"3":{"loc":{"start":{"line":47,"column":11},"end":{"line":47,"column":52}},"type":"cond-expr","locations":[{"start":{"line":47,"column":40},"end":{"line":47,"column":45}},{"start":{"line":47,"column":48},"end":{"line":47,"column":52}}]},"4":{"loc":{"start":{"line":47,"column":11},"end":{"line":47,"column":37}},"type":"binary-expr","locations":[{"start":{"line":47,"column":11},"end":{"line":47,"column":28}},{"start":{"line":47,"column":32},"end":{"line":47,"column":37}}]},"5":{"loc":{"start":{"line":17,"column":26},"end":{"line":17,"column":null}},"type":"cond-expr","locations":[{"start":{"line":17,"column":36},"end":{"line":17,"column":null}},{"start":{"line":17,"column":36},"end":{"line":17,"column":null}}]},"6":{"loc":{"start":{"line":17,"column":26},"end":{"line":17,"column":36}},"type":"binary-expr","locations":[{"start":{"line":17,"column":26},"end":{"line":17,"column":null}},{"start":{"line":17,"column":26},"end":{"line":17,"column":36}}]},"7":{"loc":{"start":{"line":17,"column":36},"end":{"line":18,"column":null}},"type":"cond-expr","locations":[{"start":{"line":18,"column":41},"end":{"line":18,"column":null}},{"start":{"line":18,"column":41},"end":{"line":18,"column":null}}]},"8":{"loc":{"start":{"line":17,"column":36},"end":{"line":18,"column":41}},"type":"binary-expr","locations":[{"start":{"line":17,"column":36},"end":{"line":18,"column":null}},{"start":{"line":18,"column":32},"end":{"line":18,"column":41}}]},"9":{"loc":{"start":{"line":18,"column":41},"end":{"line":19,"column":null}},"type":"cond-expr","locations":[{"start":{"line":19,"column":42},"end":{"line":19,"column":null}},{"start":{"line":19,"column":42},"end":{"line":19,"column":null}}]},"10":{"loc":{"start":{"line":18,"column":41},"end":{"line":19,"column":42}},"type":"binary-expr","locations":[{"start":{"line":18,"column":41},"end":{"line":19,"column":null}},{"start":{"line":19,"column":29},"end":{"line":19,"column":42}}]}},"s":{"0":0,"1":0,"2":0,"3":0,"4":0,"5":0,"6":0,"7":0,"8":0,"9":0,"10":0,"11":0,"12":0,"13":0,"14":0,"15":0,"16":0,"17":0,"18":0,"19":0,"20":0,"21":0,"22":0,"23":0,"24":0},"f":{"0":0,"1":0,"2":0},"b":{"0":[0,0],"1":[0,0],"2":[0,0],"3":[0,0],"4":[0,0],"5":[0,0],"6":[0,0],"7":[0,0],"8":[0,0],"9":[0,0],"10":[0,0]}}
,"/Users/calibraint_1/Documents/personal-tools/comp-copilot/backend/src/shared/interceptors/logging.interceptor.ts": {"path":"/Users/calibraint_1/Documents/personal-tools/comp-copilot/backend/src/shared/interceptors/logging.interceptor.ts","statementMap":{"0":{"start":{"line":1,"column":0},"end":{"line":1,"column":null}},"1":{"start":{"line":7,"column":0},"end":{"line":7,"column":49}},"2":{"start":{"line":9,"column":0},"end":{"line":9,"column":42}},"3":{"start":{"line":11,"column":21},"end":{"line":15,"column":2}},"4":{"start":{"line":17,"column":21},"end":{"line":22,"column":2}},"5":{"start":{"line":25,"column":7},"end":{"line":39,"column":null}},"6":{"start":{"line":27,"column":16},"end":{"line":27,"column":110}},"7":{"start":{"line":28,"column":18},"end":{"line":28,"column":44}},"8":{"start":{"line":29,"column":22},"end":{"line":29,"column":76}},"9":{"start":{"line":31,"column":4},"end":{"line":37,"column":6}},"10":{"start":{"line":33,"column":20},"end":{"line":33,"column":80}},"11":{"start":{"line":34,"column":8},"end":{"line":34,"column":80}},"12":{"start":{"line":35,"column":8},"end":{"line":35,"column":20}},"13":{"start":{"line":25,"column":13},"end":{"line":25,"column":31}},"14":{"start":{"line":25,"column":13},"end":{"line":39,"column":null}}},"fnMap":{"0":{"name":"(anonymous_1)","decl":{"start":{"line":26,"column":2},"end":{"line":26,"column":11}},"loc":{"start":{"line":26,"column":56},"end":{"line":38,"column":3}}},"1":{"name":"(anonymous_2)","decl":{"start":{"line":32,"column":15},"end":{"line":32,"column":18}},"loc":{"start":{"line":32,"column":20},"end":{"line":36,"column":7}}}},"branchMap":{"0":{"loc":{"start":{"line":28,"column":18},"end":{"line":28,"column":44}},"type":"binary-expr","locations":[{"start":{"line":28,"column":18},"end":{"line":28,"column":33}},{"start":{"line":28,"column":37},"end":{"line":28,"column":44}}]}},"s":{"0":0,"1":0,"2":0,"3":0,"4":0,"5":0,"6":0,"7":0,"8":0,"9":0,"10":0,"11":0,"12":0,"13":0,"14":0},"f":{"0":0,"1":0},"b":{"0":[0,0]}}
,"/Users/calibraint_1/Documents/personal-tools/comp-copilot/backend/src/shared/schemas/city-expense.schema.ts": {"path":"/Users/calibraint_1/Documents/personal-tools/comp-copilot/backend/src/shared/schemas/city-expense.schema.ts","statementMap":{"0":{"start":{"line":1,"column":0},"end":{"line":1,"column":63}},"1":{"start":{"line":6,"column":0},"end":{"line":6,"column":13}},"2":{"start":{"line":18,"column":7},"end":{"line":30,"column":null}},"3":{"start":{"line":18,"column":13},"end":{"line":18,"column":24}},"4":{"start":{"line":19,"column":55},"end":{"line":19,"column":null}},"5":{"start":{"line":20,"column":43},"end":{"line":20,"column":null}},"6":{"start":{"line":21,"column":43},"end":{"line":21,"column":70}},"7":{"start":{"line":22,"column":43},"end":{"line":22,"column":71}},"8":{"start":{"line":23,"column":43},"end":{"line":23,"column":71}},"9":{"start":{"line":24,"column":43},"end":{"line":24,"column":71}},"10":{"start":{"line":25,"column":43},"end":{"line":25,"column":71}},"11":{"start":{"line":26,"column":29},"end":{"line":26,"column":null}},"12":{"start":{"line":27,"column":29},"end":{"line":27,"column":null}},"13":{"start":{"line":28,"column":29},"end":{"line":28,"column":null}},"14":{"start":{"line":29,"column":29},"end":{"line":29,"column":null}},"15":{"start":{"line":18,"column":13},"end":{"line":30,"column":null}},"16":{"start":{"line":33,"column":13},"end":{"line":33,"column":75}}},"fnMap":{},"branchMap":{"0":{"loc":{"start":{"line":27,"column":43},"end":{"line":27,"column":48}},"type":"cond-expr","locations":[{"start":{"line":27,"column":47},"end":{"line":27,"column":48}},{"start":{"line":27,"column":47},"end":{"line":27,"column":48}}]},"1":{"loc":{"start":{"line":27,"column":43},"end":{"line":27,"column":47}},"type":"binary-expr","locations":[{"start":{"line":27,"column":43},"end":{"line":27,"column":48}},{"start":{"line":27,"column":43},"end":{"line":27,"column":47}}]}},"s":{"0":4,"1":4,"2":4,"3":4,"4":4,"5":4,"6":4,"7":4,"8":4,"9":4,"10":4,"11":4,"12":4,"13":4,"14":4,"15":4,"16":4},"f":{},"b":{"0":[4,0],"1":[4,4]}}
,"/Users/calibraint_1/Documents/personal-tools/comp-copilot/backend/src/shared/schemas/company.schema.ts": {"path":"/Users/calibraint_1/Documents/personal-tools/comp-copilot/backend/src/shared/schemas/company.schema.ts","statementMap":{"0":{"start":{"line":1,"column":0},"end":{"line":1,"column":63}},"1":{"start":{"line":5,"column":7},"end":{"line":15,"column":null}},"2":{"start":{"line":5,"column":13},"end":{"line":5,"column":22}},"3":{"start":{"line":6,"column":28},"end":{"line":6,"column":null}},"4":{"start":{"line":7,"column":28},"end":{"line":7,"column":null}},"5":{"start":{"line":8,"column":18},"end":{"line":8,"column":null}},"6":{"start":{"line":9,"column":18},"end":{"line":9,"column":null}},"7":{"start":{"line":10,"column":18},"end":{"line":10,"column":null}},"8":{"start":{"line":11,"column":28},"end":{"line":11,"column":null}},"9":{"start":{"line":12,"column":18},"end":{"line":12,"column":null}},"10":{"start":{"line":13,"column":28},"end":{"line":13,"column":null}},"11":{"start":{"line":14,"column":28},"end":{"line":14,"column":null}},"12":{"start":{"line":5,"column":13},"end":{"line":15,"column":null}},"13":{"start":{"line":17,"column":13},"end":{"line":17,"column":71}},"14":{"start":{"line":20,"column":7},"end":{"line":25,"column":null}},"15":{"start":{"line":20,"column":13},"end":{"line":20,"column":26}},"16":{"start":{"line":21,"column":28},"end":{"line":21,"column":null}},"17":{"start":{"line":22,"column":28},"end":{"line":22,"column":null}},"18":{"start":{"line":23,"column":28},"end":{"line":23,"column":null}},"19":{"start":{"line":24,"column":28},"end":{"line":24,"column":null}},"20":{"start":{"line":20,"column":13},"end":{"line":25,"column":null}},"21":{"start":{"line":27,"column":13},"end":{"line":27,"column":79}},"22":{"start":{"line":30,"column":7},"end":{"line":36,"column":null}},"23":{"start":{"line":30,"column":13},"end":{"line":30,"column":22}},"24":{"start":{"line":31,"column":28},"end":{"line":31,"column":null}},"25":{"start":{"line":32,"column":28},"end":{"line":32,"column":null}},"26":{"start":{"line":33,"column":28},"end":{"line":33,"column":null}},"27":{"start":{"line":34,"column":28},"end":{"line":34,"column":null}},"28":{"start":{"line":35,"column":28},"end":{"line":35,"column":null}},"29":{"start":{"line":30,"column":13},"end":{"line":36,"column":null}},"30":{"start":{"line":38,"column":13},"end":{"line":38,"column":71}},"31":{"start":{"line":41,"column":7},"end":{"line":47,"column":null}},"32":{"start":{"line":41,"column":13},"end":{"line":41,"column":26}},"33":{"start":{"line":42,"column":28},"end":{"line":42,"column":null}},"34":{"start":{"line":43,"column":28},"end":{"line":43,"column":null}},"35":{"start":{"line":44,"column":28},"end":{"line":44,"column":null}},"36":{"start":{"line":45,"column":28},"end":{"line":45,"column":null}},"37":{"start":{"line":46,"column":28},"end":{"line":46,"column":null}},"38":{"start":{"line":41,"column":13},"end":{"line":47,"column":null}},"39":{"start":{"line":49,"column":13},"end":{"line":49,"column":79}},"40":{"start":{"line":52,"column":7},"end":{"line":60,"column":null}},"41":{"start":{"line":52,"column":13},"end":{"line":52,"column":20}},"42":{"start":{"line":53,"column":42},"end":{"line":53,"column":null}},"43":{"start":{"line":54,"column":41},"end":{"line":54,"column":null}},"44":{"start":{"line":55,"column":41},"end":{"line":55,"column":null}},"45":{"start":{"line":56,"column":37},"end":{"line":56,"column":null}},"46":{"start":{"line":57,"column":41},"end":{"line":57,"column":null}},"47":{"start":{"line":58,"column":28},"end":{"line":58,"column":null}},"48":{"start":{"line":59,"column":50},"end":{"line":59,"column":null}},"49":{"start":{"line":52,"column":13},"end":{"line":60,"column":null}},"50":{"start":{"line":63,"column":13},"end":{"line":63,"column":67}}},"fnMap":{},"branchMap":{"0":{"loc":{"start":{"line":14,"column":41},"end":{"line":14,"column":46}},"type":"cond-expr","locations":[{"start":{"line":14,"column":45},"end":{"line":14,"column":46}},{"start":{"line":14,"column":45},"end":{"line":14,"column":46}}]},"1":{"loc":{"start":{"line":14,"column":41},"end":{"line":14,"column":45}},"type":"binary-expr","locations":[{"start":{"line":14,"column":41},"end":{"line":14,"column":46}},{"start":{"line":14,"column":41},"end":{"line":14,"column":45}}]},"2":{"loc":{"start":{"line":58,"column":38},"end":{"line":58,"column":43}},"type":"cond-expr","locations":[{"start":{"line":58,"column":42},"end":{"line":58,"column":43}},{"start":{"line":58,"column":42},"end":{"line":58,"column":43}}]},"3":{"loc":{"start":{"line":58,"column":38},"end":{"line":58,"column":42}},"type":"binary-expr","locations":[{"start":{"line":58,"column":38},"end":{"line":58,"column":43}},{"start":{"line":58,"column":38},"end":{"line":58,"column":42}}]}},"s":{"0":1,"1":1,"2":1,"3":1,"4":1,"5":1,"6":1,"7":1,"8":1,"9":1,"10":1,"11":1,"12":1,"13":1,"14":1,"15":1,"16":1,"17":1,"18":1,"19":1,"20":1,"21":1,"22":1,"23":1,"24":1,"25":1,"26":1,"27":1,"28":1,"29":1,"30":1,"31":1,"32":1,"33":1,"34":1,"35":1,"36":1,"37":1,"38":1,"39":1,"40":1,"41":1,"42":1,"43":1,"44":1,"45":1,"46":1,"47":1,"48":1,"49":1,"50":1},"f":{},"b":{"0":[1,0],"1":[1,1],"2":[1,0],"3":[1,1]}}
,"/Users/calibraint_1/Documents/personal-tools/comp-copilot/backend/src/shared/schemas/offer.schema.ts": {"path":"/Users/calibraint_1/Documents/personal-tools/comp-copilot/backend/src/shared/schemas/offer.schema.ts","statementMap":{"0":{"start":{"line":1,"column":0},"end":{"line":1,"column":63}},"1":{"start":{"line":2,"column":0},"end":{"line":2,"column":69}},"2":{"start":{"line":5,"column":7},"end":{"line":14,"column":null}},"3":{"start":{"line":5,"column":13},"end":{"line":5,"column":18}},"4":{"start":{"line":7,"column":2},"end":{"line":7,"column":null}},"5":{"start":{"line":10,"column":2},"end":{"line":10,"column":null}},"6":{"start":{"line":13,"column":2},"end":{"line":13,"column":null}},"7":{"start":{"line":5,"column":13},"end":{"line":14,"column":null}},"8":{"start":{"line":17,"column":13},"end":{"line":17,"column":63}}},"fnMap":{},"branchMap":{"0":{"loc":{"start":{"line":7,"column":10},"end":{"line":7,"column":25}},"type":"cond-expr","locations":[{"start":{"line":7,"column":24},"end":{"line":7,"column":25}},{"start":{"line":7,"column":24},"end":{"line":7,"column":25}}]},"1":{"loc":{"start":{"line":7,"column":10},"end":{"line":7,"column":24}},"type":"binary-expr","locations":[{"start":{"line":7,"column":10},"end":{"line":7,"column":16}},{"start":{"line":7,"column":10},"end":{"line":7,"column":24}}]},"2":{"loc":{"start":{"line":10,"column":10},"end":{"line":10,"column":34}},"type":"cond-expr","locations":[{"start":{"line":10,"column":16},"end":{"line":10,"column":34}},{"start":{"line":10,"column":16},"end":{"line":10,"column":34}}]},"3":{"loc":{"start":{"line":10,"column":10},"end":{"line":10,"column":16}},"type":"binary-expr","locations":[{"start":{"line":10,"column":10},"end":{"line":10,"column":34}},{"start":{"line":10,"column":10},"end":{"line":10,"column":16}}]},"4":{"loc":{"start":{"line":13,"column":12},"end":{"line":13,"column":36}},"type":"cond-expr","locations":[{"start":{"line":13,"column":18},"end":{"line":13,"column":36}},{"start":{"line":13,"column":18},"end":{"line":13,"column":36}}]},"5":{"loc":{"start":{"line":13,"column":12},"end":{"line":13,"column":18}},"type":"binary-expr","locations":[{"start":{"line":13,"column":12},"end":{"line":13,"column":36}},{"start":{"line":13,"column":12},"end":{"line":13,"column":18}}]}},"s":{"0":1,"1":1,"2":1,"3":1,"4":1,"5":1,"6":1,"7":1,"8":1},"f":{},"b":{"0":[1,0],"1":[1,1],"2":[0,1],"3":[1,0],"4":[0,1],"5":[1,0]}}
,"/Users/calibraint_1/Documents/personal-tools/comp-copilot/backend/src/shared/schemas/user.schema.ts": {"path":"/Users/calibraint_1/Documents/personal-tools/comp-copilot/backend/src/shared/schemas/user.schema.ts","statementMap":{"0":{"start":{"line":1,"column":0},"end":{"line":1,"column":63}},"1":{"start":{"line":5,"column":7},"end":{"line":40,"column":null}},"2":{"start":{"line":5,"column":13},"end":{"line":5,"column":17}},"3":{"start":{"line":7,"column":2},"end":{"line":7,"column":null}},"4":{"start":{"line":10,"column":2},"end":{"line":10,"column":null}},"5":{"start":{"line":13,"column":2},"end":{"line":13,"column":null}},"6":{"start":{"line":17,"column":2},"end":{"line":17,"column":null}},"7":{"start":{"line":21,"column":2},"end":{"line":21,"column":null}},"8":{"start":{"line":25,"column":2},"end":{"line":25,"column":null}},"9":{"start":{"line":29,"column":2},"end":{"line":29,"column":null}},"10":{"start":{"line":32,"column":2},"end":{"line":32,"column":null}},"11":{"start":{"line":35,"column":2},"end":{"line":35,"column":null}},"12":{"start":{"line":39,"column":2},"end":{"line":39,"column":null}},"13":{"start":{"line":5,"column":13},"end":{"line":40,"column":null}},"14":{"start":{"line":43,"column":13},"end":{"line":43,"column":61}}},"fnMap":{},"branchMap":{},"s":{"0":2,"1":2,"2":2,"3":2,"4":2,"5":2,"6":2,"7":2,"8":2,"9":2,"10":2,"11":2,"12":2,"13":2,"14":2},"f":{},"b":{}}
}
