TN:
SF:src/app.module.ts
FN:20,(anonymous_1)
FNF:1
FNH:0
FNDA:0,(anonymous_1)
DA:1,0
DA:2,0
DA:3,0
DA:4,0
DA:5,0
DA:6,0
DA:7,0
DA:8,0
DA:9,0
DA:10,0
DA:11,0
DA:12,0
DA:13,0
DA:14,0
DA:20,0
DA:42,0
LF:16
LH:0
BRF:0
BRH:0
end_of_record
TN:
SF:src/main.ts
FN:16,(anonymous_9)
FN:30,isPortFree
FN:31,(anonymous_11)
FN:33,(anonymous_12)
FN:34,(anonymous_13)
FN:34,(anonymous_14)
FN:39,waitForPort
FN:45,(anonymous_16)
FN:56,killPortListeners
FN:63,(anonymous_18)
FN:64,(anonymous_19)
FN:81,forceExit
FN:91,bootstrap
FN:112,(anonymous_22)
FN:115,(anonymous_23)
FN:160,(anonymous_24)
FNF:16
FNH:0
FNDA:0,(anonymous_9)
FNDA:0,isPortFree
FNDA:0,(anonymous_11)
FNDA:0,(anonymous_12)
FNDA:0,(anonymous_13)
FNDA:0,(anonymous_14)
FNDA:0,waitForPort
FNDA:0,(anonymous_16)
FNDA:0,killPortListeners
FNDA:0,(anonymous_18)
FNDA:0,(anonymous_19)
FNDA:0,forceExit
FNDA:0,bootstrap
FNDA:0,(anonymous_22)
FNDA:0,(anonymous_23)
FNDA:0,(anonymous_24)
DA:1,0
DA:2,0
DA:3,0
DA:4,0
DA:5,0
DA:6,0
DA:7,0
DA:8,0
DA:9,0
DA:10,0
DA:12,0
DA:15,0
DA:16,0
DA:17,0
DA:18,0
DA:19,0
DA:20,0
DA:23,0
DA:24,0
DA:27,0
DA:31,0
DA:32,0
DA:33,0
DA:34,0
DA:35,0
DA:40,0
DA:41,0
DA:42,0
DA:43,0
DA:44,0
DA:45,0
DA:46,0
DA:48,0
DA:49,0
DA:57,0
DA:58,0
DA:59,0
DA:60,0
DA:61,0
DA:63,0
DA:64,0
DA:65,0
DA:66,0
DA:67,0
DA:68,0
DA:82,0
DA:83,0
DA:84,0
DA:85,0
DA:88,0
DA:92,0
DA:95,0
DA:100,0
DA:102,0
DA:105,0
DA:106,0
DA:108,0
DA:111,0
DA:112,0
DA:115,0
DA:116,0
DA:117,0
DA:118,0
DA:120,0
DA:124,0
DA:128,0
DA:131,0
DA:133,0
DA:139,0
DA:140,0
DA:147,0
DA:148,0
DA:150,0
DA:151,0
DA:152,0
DA:154,0
DA:155,0
DA:159,0
DA:160,0
DA:161,0
DA:164,0
LF:81
LH:0
BRDA:15,0,0,0
BRDA:15,0,1,0
BRDA:15,1,0,0
BRDA:15,1,1,0
BRDA:18,2,0,0
BRDA:18,2,1,0
BRDA:39,3,0,0
BRDA:43,4,0,0
BRDA:43,4,1,0
BRDA:57,5,0,0
BRDA:57,5,1,0
BRDA:58,6,0,0
BRDA:58,6,1,0
BRDA:58,7,0,0
BRDA:58,7,1,0
BRDA:64,8,0,0
BRDA:64,8,1,0
BRDA:65,9,0,0
BRDA:65,9,1,0
BRDA:82,10,0,0
BRDA:82,10,1,0
BRDA:84,11,0,0
BRDA:84,11,1,0
BRDA:92,12,0,0
BRDA:92,12,1,0
BRDA:117,13,0,0
BRDA:117,13,1,0
BRDA:125,14,0,0
BRDA:125,14,1,0
BRF:29
BRH:0
end_of_record
TN:
SF:src/core/ai/ai-client.interface.ts
FNF:0
FNH:0
DA:1,5
DA:6,5
DA:7,5
LF:3
LH:3
BRF:0
BRH:0
end_of_record
TN:
SF:src/core/ai/ai-parse.error.ts
FN:2,(anonymous_0)
FNF:1
FNH:1
FNDA:26,(anonymous_0)
DA:1,8
DA:3,26
DA:4,26
LF:3
LH:3
BRF:0
BRH:0
end_of_record
TN:
SF:src/core/ai/ai-response-parser.ts
FN:6,(anonymous_0)
FNF:1
FNH:1
FNDA:20,(anonymous_0)
DA:1,3
DA:3,3
DA:7,20
DA:14,20
DA:15,20
DA:17,5
DA:22,15
DA:23,4
DA:26,11
LF:9
LH:9
BRDA:22,0,0,4
BRDA:22,0,1,11
BRDA:22,1,0,15
BRDA:22,1,1,15
BRDA:22,1,2,14
BRF:5
BRH:5
end_of_record
TN:
SF:src/core/ai/ai.module.ts
FN:22,(anonymous_1)
FNF:1
FNH:0
FNDA:0,(anonymous_1)
DA:1,0
DA:2,0
DA:3,0
DA:8,0
DA:9,0
DA:10,0
DA:11,0
DA:29,0
DA:30,0
DA:31,0
DA:32,0
DA:33,0
DA:34,0
DA:46,0
LF:14
LH:0
BRDA:30,0,0,0
BRDA:30,0,1,0
BRDA:31,1,0,0
BRDA:31,1,1,0
BRDA:32,2,0,0
BRDA:32,2,1,0
BRDA:33,3,0,0
BRDA:33,3,1,0
BRF:8
BRH:0
end_of_record
TN:
SF:src/core/ai/claude-ai-client.ts
FN:13,(anonymous_2)
FN:20,(anonymous_3)
FNF:2
FNH:2
FNDA:8,(anonymous_2)
FNDA:2,(anonymous_3)
DA:1,1
DA:2,1
DA:3,1
DA:4,1
DA:6,1
DA:9,1
DA:13,8
DA:14,8
DA:16,8
DA:17,8
DA:21,2
DA:22,0
DA:28,2
DA:29,2
DA:44,0
DA:47,2
DA:48,1
DA:53,1
DA:54,1
DA:56,1
LF:20
LH:18
BRDA:21,0,0,0
BRDA:21,0,1,2
BRDA:44,1,0,0
BRDA:44,1,1,0
BRDA:47,2,0,1
BRDA:47,2,1,1
BRDA:54,3,0,1
BRDA:54,3,1,0
BRDA:13,4,0,1
BRDA:13,4,1,0
BRDA:13,5,0,1
BRDA:13,5,1,1
BRF:12
BRH:7
end_of_record
TN:
SF:src/core/ai/gemini-ai-client.ts
FN:13,(anonymous_2)
FN:13,(anonymous_3)
FN:18,isQuotaExhausted
FN:31,(anonymous_5)
FN:38,(anonymous_6)
FN:67,(anonymous_7)
FN:98,(anonymous_8)
FNF:7
FNH:2
FNDA:0,(anonymous_2)
FNDA:0,(anonymous_3)
FNDA:0,isQuotaExhausted
FNDA:10,(anonymous_5)
FNDA:10,(anonymous_6)
FNDA:0,(anonymous_7)
FNDA:0,(anonymous_8)
DA:1,1
DA:2,1
DA:3,1
DA:4,1
DA:7,1
DA:10,1
DA:11,1
DA:13,1
DA:19,0
DA:20,0
DA:24,1
DA:27,1
DA:31,10
DA:32,10
DA:34,10
DA:35,10
DA:39,10
DA:40,1
DA:45,9
DA:46,9
DA:53,9
DA:55,9
DA:56,9
DA:57,9
DA:63,1
DA:66,8
DA:67,0
DA:70,0
DA:71,0
DA:79,0
DA:80,0
DA:81,0
DA:82,0
DA:83,0
DA:84,0
DA:88,0
DA:94,8
DA:97,8
DA:98,1
DA:99,1
DA:104,7
DA:106,7
DA:108,7
LF:43
LH:31
BRDA:20,0,0,0
BRDA:20,0,1,0
BRDA:39,1,0,1
BRDA:39,1,1,9
BRDA:63,2,0,1
BRDA:63,2,1,0
BRDA:66,3,0,0
BRDA:66,3,1,8
BRDA:70,4,0,0
BRDA:70,4,1,0
BRDA:79,5,0,0
BRDA:79,5,1,0
BRDA:80,6,0,0
BRDA:80,6,1,0
BRDA:81,7,0,0
BRDA:81,7,1,0
BRDA:97,8,0,1
BRDA:97,8,1,7
BRDA:100,9,0,1
BRDA:100,9,1,0
BRDA:106,10,0,7
BRDA:106,10,1,1
BRDA:31,11,0,1
BRDA:31,11,1,0
BRDA:31,12,0,1
BRDA:31,12,1,1
BRF:26
BRH:12
end_of_record
TN:
SF:src/core/ai/google-ai-client.ts
FN:13,(anonymous_2)
FN:21,(anonymous_3)
FNF:2
FNH:2
FNDA:8,(anonymous_2)
FNDA:8,(anonymous_3)
DA:1,1
DA:2,1
DA:3,1
DA:4,1
DA:5,1
DA:8,1
DA:13,8
DA:14,8
DA:16,8
DA:17,8
DA:18,8
DA:22,8
DA:23,1
DA:28,7
DA:29,7
DA:32,7
DA:33,7
DA:38,1
DA:41,6
DA:42,6
LF:20
LH:20
BRDA:22,0,0,1
BRDA:22,0,1,7
BRDA:38,1,0,1
BRDA:38,1,1,0
BRDA:41,2,0,6
BRDA:41,2,1,1
BRDA:13,3,0,1
BRDA:13,3,1,0
BRDA:13,4,0,1
BRDA:13,4,1,1
BRF:10
BRH:8
end_of_record
TN:
SF:src/core/ai/ollama-ai-client.ts
FN:11,(anonymous_2)
FN:20,(anonymous_3)
FNF:2
FNH:0
FNDA:0,(anonymous_2)
FNDA:0,(anonymous_3)
DA:1,0
DA:2,0
DA:3,0
DA:4,0
DA:7,0
DA:11,0
DA:12,0
DA:13,0
DA:17,0
DA:22,0
DA:23,0
DA:37,0
DA:40,0
DA:41,0
DA:46,0
DA:47,0
DA:49,0
LF:17
LH:0
BRDA:37,0,0,0
BRDA:37,0,1,0
BRDA:40,1,0,0
BRDA:40,1,1,0
BRDA:47,2,0,0
BRDA:47,2,1,0
BRDA:11,3,0,0
BRDA:11,3,1,0
BRDA:11,4,0,0
BRDA:11,4,1,0
BRF:10
BRH:0
end_of_record
TN:
SF:src/core/city-expense/city-expense-cache.service.ts
FN:6,(anonymous_4)
FN:14,(anonymous_5)
FN:16,(anonymous_6)
FN:21,(anonymous_7)
FN:34,(anonymous_8)
FN:42,(anonymous_9)
FNF:6
FNH:5
FNDA:5,(anonymous_4)
FNDA:5,(anonymous_5)
FNDA:0,(anonymous_6)
FNDA:3,(anonymous_7)
FNDA:1,(anonymous_8)
FNDA:1,(anonymous_9)
DA:1,5
DA:5,5
DA:6,5
DA:7,5
DA:8,5
DA:11,5
DA:12,5
DA:14,5
DA:17,0
DA:18,0
DA:22,3
DA:23,3
DA:24,3
DA:25,1
DA:26,1
DA:27,1
DA:29,0
DA:30,0
DA:35,1
DA:36,1
DA:38,0
DA:43,1
DA:44,1
DA:46,0
LF:24
LH:18
BRDA:24,0,0,2
BRDA:24,0,1,1
BRF:2
BRH:2
end_of_record
TN:
SF:src/core/city-expense/city-expense-fetch.service.ts
FN:21,(anonymous_4)
FN:23,(anonymous_5)
FN:80,(anonymous_6)
FNF:3
FNH:3
FNDA:5,(anonymous_4)
FNDA:5,(anonymous_5)
FNDA:126,(anonymous_6)
DA:1,5
DA:2,5
DA:4,5
DA:7,5
DA:12,5
DA:20,5
DA:21,5
DA:24,5
DA:43,5
DA:45,5
DA:46,0
DA:49,5
DA:51,5
DA:52,20
DA:53,20
DA:54,0
DA:57,20
DA:58,128
DA:59,128
DA:60,0
DA:62,128
DA:63,2
DA:67,18
DA:68,0
DA:73,3
DA:77,3
DA:78,3
DA:79,18
DA:80,126
DA:81,18
DA:83,18
DA:95,3
LF:32
LH:28
BRDA:45,0,0,0
BRDA:45,0,1,5
BRDA:45,1,0,5
BRDA:45,1,1,5
BRDA:53,2,0,0
BRDA:53,2,1,20
BRDA:53,3,0,20
BRDA:53,3,1,20
BRDA:59,4,0,0
BRDA:59,4,1,128
BRDA:59,5,0,128
BRDA:59,5,1,128
BRDA:62,6,0,2
BRDA:62,6,1,126
BRDA:62,7,0,128
BRDA:62,7,1,128
BRDA:62,7,2,127
BRDA:67,8,0,0
BRDA:67,8,1,18
BRDA:67,9,0,18
BRDA:67,9,1,18
BRDA:67,9,2,18
BRDA:67,9,3,18
BRDA:73,10,0,2
BRDA:73,10,1,1
BRDA:73,11,0,3
BRDA:73,11,1,3
BRDA:81,12,0,17
BRDA:81,12,1,1
BRF:29
BRH:25
end_of_record
TN:
SF:src/core/city-expense/city-expense.module.ts
FN:27,(anonymous_2)
FN:30,(anonymous_3)
FNF:2
FNH:0
FNDA:0,(anonymous_2)
FNDA:0,(anonymous_3)
DA:1,0
DA:2,0
DA:3,0
DA:4,0
DA:5,0
DA:6,0
DA:10,0
DA:14,0
DA:15,0
DA:28,0
DA:29,0
DA:30,0
DA:31,0
DA:33,0
DA:43,0
LF:15
LH:0
BRF:0
BRH:0
end_of_record
TN:
SF:src/core/city-expense/city-expense.service.ts
FN:23,escapeRegex
FN:28,(anonymous_5)
FN:39,(anonymous_6)
FN:46,(anonymous_7)
FN:51,(anonymous_8)
FN:58,(anonymous_9)
FN:82,(anonymous_10)
FN:85,(anonymous_11)
FN:118,(anonymous_12)
FN:126,(anonymous_13)
FN:132,(anonymous_14)
FN:133,(anonymous_15)
FN:136,(anonymous_16)
FN:139,(anonymous_17)
FN:144,(anonymous_18)
FN:150,(anonymous_19)
FN:151,(anonymous_20)
FN:154,(anonymous_21)
FN:155,(anonymous_22)
FN:163,(anonymous_23)
FN:164,(anonymous_24)
FN:169,(anonymous_25)
FN:192,(anonymous_26)
FN:210,(anonymous_27)
FN:217,(anonymous_28)
FN:234,(anonymous_29)
FNF:26
FNH:8
FNDA:8,escapeRegex
FNDA:1,(anonymous_5)
FNDA:7,(anonymous_6)
FNDA:0,(anonymous_7)
FNDA:0,(anonymous_8)
FNDA:0,(anonymous_9)
FNDA:0,(anonymous_10)
FNDA:0,(anonymous_11)
FNDA:0,(anonymous_12)
FNDA:0,(anonymous_13)
FNDA:0,(anonymous_14)
FNDA:0,(anonymous_15)
FNDA:0,(anonymous_16)
FNDA:0,(anonymous_17)
FNDA:0,(anonymous_18)
FNDA:0,(anonymous_19)
FNDA:0,(anonymous_20)
FNDA:0,(anonymous_21)
FNDA:0,(anonymous_22)
FNDA:0,(anonymous_23)
FNDA:0,(anonymous_24)
FNDA:6,(anonymous_25)
FNDA:1,(anonymous_26)
FNDA:1,(anonymous_27)
FNDA:5,(anonymous_28)
FNDA:5,(anonymous_29)
DA:1,4
DA:7,4
DA:8,4
DA:9,4
DA:15,4
DA:16,4
DA:18,4
DA:20,4
DA:21,4
DA:24,8
DA:27,4
DA:29,1
DA:30,1
DA:35,4
DA:36,7
DA:41,7
DA:42,7
DA:43,7
DA:47,0
DA:48,0
DA:52,0
DA:53,0
DA:54,0
DA:59,0
DA:61,0
DA:62,0
DA:66,0
DA:67,0
DA:68,0
DA:69,0
DA:70,0
DA:72,0
DA:74,0
DA:76,0
DA:80,7
DA:83,0
DA:85,0
DA:86,0
DA:88,0
DA:89,0
DA:98,0
DA:99,0
DA:100,0
DA:101,0
DA:102,0
DA:103,0
DA:104,0
DA:106,0
DA:108,0
DA:112,0
DA:113,0
DA:119,0
DA:123,0
DA:127,0
DA:131,0
DA:132,0
DA:133,0
DA:139,0
DA:140,0
DA:142,0
DA:144,0
DA:150,0
DA:151,0
DA:153,0
DA:155,0
DA:156,0
DA:157,0
DA:162,0
DA:163,0
DA:164,0
DA:166,0
DA:175,6
DA:176,6
DA:179,5
DA:186,5
DA:187,3
DA:188,3
DA:190,3
DA:191,3
DA:192,2
DA:193,1
DA:197,3
DA:201,2
DA:202,2
DA:203,2
DA:204,1
DA:206,1
DA:213,1
DA:214,1
DA:220,5
DA:221,3
DA:230,3
DA:231,3
DA:240,5
DA:241,0
DA:243,5
DA:245,0
DA:246,0
DA:248,0
DA:249,0
DA:251,0
DA:252,0
DA:254,5
DA:255,5
DA:257,0
DA:258,0
DA:261,0
DA:262,0
DA:266,5
LF:109
LH:46
BRDA:52,0,0,0
BRDA:52,0,1,0
BRDA:69,1,0,0
BRDA:69,1,1,0
BRDA:86,2,0,0
BRDA:86,2,1,0
BRDA:98,3,0,0
BRDA:98,3,1,0
BRDA:140,4,0,0
BRDA:140,4,1,0
BRDA:163,5,0,0
BRDA:163,5,1,0
BRDA:171,6,0,6
BRDA:172,7,0,6
BRDA:176,8,0,1
BRDA:176,8,1,5
BRDA:176,9,0,6
BRDA:176,9,1,1
BRDA:186,10,0,3
BRDA:186,10,1,2
BRDA:186,11,0,5
BRDA:186,11,1,3
BRDA:191,12,0,2
BRDA:191,12,1,1
BRDA:240,13,0,0
BRDA:240,13,1,5
BRDA:243,14,0,0
BRDA:243,14,1,0
BRDA:243,14,2,0
BRDA:243,14,3,5
BRDA:243,14,4,0
BRDA:243,14,5,0
BRDA:243,14,6,0
BRDA:41,15,0,4
BRDA:41,15,1,0
BRDA:41,16,0,4
BRDA:41,16,1,4
BRDA:41,17,0,4
BRDA:41,17,1,0
BRDA:41,18,0,4
BRDA:41,18,1,4
BRDA:42,19,0,4
BRDA:42,19,1,0
BRDA:42,20,0,4
BRDA:42,20,1,4
BRF:45
BRH:23
end_of_record
TN:
SF:src/core/compensation/compensation.module.ts
FNF:0
FNH:0
DA:1,0
DA:2,0
DA:8,0
LF:3
LH:0
BRF:0
BRH:0
end_of_record
TN:
SF:src/core/compensation/compensation.service.ts
FN:104,(anonymous_1)
FN:125,(anonymous_2)
FN:130,(anonymous_3)
FN:136,(anonymous_4)
FN:155,(anonymous_5)
FN:245,(anonymous_6)
FN:258,(anonymous_7)
FN:276,(anonymous_8)
FNF:8
FNH:7
FNDA:29,(anonymous_1)
FNDA:4,(anonymous_2)
FNDA:3,(anonymous_3)
FNDA:2,(anonymous_4)
FNDA:25,(anonymous_5)
FNDA:0,(anonymous_6)
FNDA:7,(anonymous_7)
FNDA:5,(anonymous_8)
DA:1,4
DA:4,4
DA:14,4
DA:15,4
DA:16,4
DA:17,4
DA:18,4
DA:19,4
DA:102,4
DA:105,29
DA:106,29
DA:107,29
DA:109,29
DA:110,137
DA:111,137
DA:112,137
DA:113,137
DA:114,137
DA:115,137
DA:118,29
DA:119,2
DA:122,29
DA:126,4
DA:127,4
DA:131,3
DA:132,3
DA:133,3
DA:137,2
DA:138,2
DA:161,25
DA:162,25
DA:165,25
DA:169,25
DA:170,25
DA:173,25
DA:174,25
DA:177,25
DA:180,25
DA:183,25
DA:190,25
DA:195,25
DA:198,25
DA:201,25
DA:202,25
DA:205,25
DA:206,25
DA:207,25
DA:209,25
DA:246,0
DA:247,0
DA:248,0
DA:249,0
DA:250,0
DA:251,0
DA:252,0
DA:253,0
DA:254,0
DA:255,0
DA:260,7
DA:261,7
DA:263,7
DA:265,7
DA:266,1
DA:269,7
DA:270,7
DA:271,7
DA:273,7
DA:277,5
DA:279,5
DA:280,1
DA:283,4
DA:284,1
DA:290,3
DA:291,0
DA:297,3
DA:298,1
DA:304,2
LF:77
LH:66
BRDA:111,0,0,0
BRDA:111,0,1,137
BRDA:115,1,0,29
BRDA:115,1,1,108
BRDA:118,2,0,2
BRDA:118,2,1,27
BRDA:177,3,0,22
BRDA:177,3,1,3
BRDA:190,4,0,6
BRDA:190,4,1,19
BRDA:265,5,0,1
BRDA:265,5,1,6
BRDA:279,6,0,1
BRDA:279,6,1,4
BRDA:283,7,0,1
BRDA:283,7,1,3
BRDA:290,8,0,0
BRDA:290,8,1,3
BRDA:297,9,0,1
BRDA:297,9,1,2
BRF:20
BRH:18
end_of_record
TN:
SF:src/core/data/cached-data-source.ts
FN:73,(anonymous_4)
FN:77,(anonymous_5)
FN:84,(anonymous_6)
FN:104,(anonymous_7)
FN:121,(anonymous_8)
FN:137,(anonymous_9)
FN:143,(anonymous_10)
FN:147,escapeRegex
FNF:8
FNH:6
FNDA:11,(anonymous_4)
FNDA:4,(anonymous_5)
FNDA:3,(anonymous_6)
FNDA:4,(anonymous_7)
FNDA:5,(anonymous_8)
FNDA:0,(anonymous_9)
FNDA:0,(anonymous_10)
FNDA:10,escapeRegex
DA:2,1
DA:3,1
DA:4,1
DA:13,1
DA:72,1
DA:74,11
DA:78,4
DA:79,4
DA:80,4
DA:81,3
DA:85,3
DA:86,3
DA:93,3
DA:95,2
DA:109,4
DA:110,4
DA:117,4
DA:119,3
DA:120,3
DA:122,5
DA:127,3
DA:129,1
DA:138,0
DA:143,0
DA:148,10
LF:25
LH:23
BRDA:78,0,0,0
BRDA:78,0,1,4
BRDA:80,1,0,1
BRDA:80,1,1,3
BRDA:80,2,0,4
BRDA:80,2,1,3
BRDA:81,3,0,3
BRDA:81,3,1,1
BRDA:93,4,0,1
BRDA:93,4,1,2
BRDA:97,5,0,2
BRDA:97,5,1,0
BRDA:98,6,0,2
BRDA:98,6,1,0
BRDA:100,7,0,2
BRDA:100,7,1,2
BRDA:117,8,0,1
BRDA:117,8,1,3
BRDA:120,9,0,3
BRDA:120,9,1,0
BRDA:122,10,0,5
BRDA:122,10,1,5
BRDA:122,10,2,3
BRDA:127,11,0,2
BRDA:127,11,1,1
BRDA:74,12,0,1
BRDA:74,12,1,0
BRDA:74,13,0,1
BRDA:74,13,1,1
BRF:29
BRH:24
end_of_record
TN:
SF:src/core/data/company-ai-profile.service.ts
FN:33,isQuotaExhausted
FN:43,(anonymous_5)
FN:49,(anonymous_6)
FN:51,(anonymous_7)
FN:52,(anonymous_8)
FN:60,(anonymous_9)
FN:71,(anonymous_10)
FN:82,(anonymous_11)
FN:98,(anonymous_12)
FN:100,(anonymous_13)
FN:140,(anonymous_14)
FN:159,(anonymous_15)
FN:169,(anonymous_16)
FN:219,(anonymous_17)
FN:248,(anonymous_18)
FNF:15
FNH:0
FNDA:0,isQuotaExhausted
FNDA:0,(anonymous_5)
FNDA:0,(anonymous_6)
FNDA:0,(anonymous_7)
FNDA:0,(anonymous_8)
FNDA:0,(anonymous_9)
FNDA:0,(anonymous_10)
FNDA:0,(anonymous_11)
FNDA:0,(anonymous_12)
FNDA:0,(anonymous_13)
FNDA:0,(anonymous_14)
FNDA:0,(anonymous_15)
FNDA:0,(anonymous_16)
FNDA:0,(anonymous_17)
FNDA:0,(anonymous_18)
DA:1,0
DA:2,0
DA:3,0
DA:4,0
DA:6,0
DA:7,0
DA:8,0
DA:10,0
DA:24,0
DA:29,0
DA:31,0
DA:34,0
DA:38,0
DA:39,0
DA:40,0
DA:41,0
DA:44,0
DA:45,0
DA:46,0
DA:50,0
DA:51,0
DA:52,0
DA:53,0
DA:54,0
DA:56,0
DA:61,0
DA:62,0
DA:63,0
DA:65,0
DA:66,0
DA:72,0
DA:73,0
DA:74,0
DA:75,0
DA:76,0
DA:83,0
DA:88,0
DA:89,0
DA:90,0
DA:93,0
DA:98,0
DA:100,0
DA:101,0
DA:103,0
DA:108,0
DA:109,0
DA:110,0
DA:111,0
DA:113,0
DA:114,0
DA:115,0
DA:116,0
DA:117,0
DA:119,0
DA:120,0
DA:125,0
DA:127,0
DA:128,0
DA:130,0
DA:131,0
DA:135,0
DA:141,0
DA:142,0
DA:160,0
DA:161,0
DA:162,0
DA:163,0
DA:169,0
DA:170,0
DA:173,0
DA:176,0
DA:179,0
DA:180,0
DA:181,0
DA:182,0
DA:184,0
DA:185,0
DA:186,0
DA:187,0
DA:191,0
DA:192,0
DA:194,0
DA:195,0
DA:200,0
DA:202,0
DA:206,0
DA:207,0
DA:211,0
DA:215,0
DA:222,0
DA:244,0
DA:245,0
DA:252,0
DA:254,0
DA:255,0
DA:257,0
DA:258,0
DA:260,0
DA:261,0
DA:263,0
DA:264,0
DA:266,0
DA:267,0
DA:269,0
DA:270,0
DA:272,0
DA:273,0
DA:275,0
DA:276,0
DA:279,0
LF:110
LH:0
BRDA:34,0,0,0
BRDA:34,0,1,0
BRDA:50,1,0,0
BRDA:50,1,1,0
BRDA:109,2,0,0
BRDA:109,2,1,0
BRDA:119,3,0,0
BRDA:119,3,1,0
BRDA:130,4,0,0
BRDA:130,4,1,0
BRDA:170,5,0,0
BRDA:170,5,1,0
BRDA:173,6,0,0
BRDA:173,6,1,0
BRDA:180,7,0,0
BRDA:180,7,1,0
BRDA:194,8,0,0
BRDA:194,8,1,0
BRDA:206,9,0,0
BRDA:206,9,1,0
BRDA:225,10,0,0
BRDA:225,10,1,0
BRDA:228,11,0,0
BRDA:228,11,1,0
BRDA:254,12,0,0
BRDA:254,12,1,0
BRDA:254,13,0,0
BRDA:254,13,1,0
BRDA:257,14,0,0
BRDA:257,14,1,0
BRDA:257,15,0,0
BRDA:257,15,1,0
BRDA:260,16,0,0
BRDA:260,16,1,0
BRDA:260,17,0,0
BRDA:260,17,1,0
BRDA:263,18,0,0
BRDA:263,18,1,0
BRDA:263,19,0,0
BRDA:263,19,1,0
BRDA:266,20,0,0
BRDA:266,20,1,0
BRDA:266,21,0,0
BRDA:266,21,1,0
BRDA:269,22,0,0
BRDA:269,22,1,0
BRDA:272,23,0,0
BRDA:272,23,1,0
BRDA:272,24,0,0
BRDA:272,24,1,0
BRDA:275,25,0,0
BRDA:275,25,1,0
BRDA:275,26,0,0
BRDA:275,26,1,0
BRDA:44,27,0,0
BRDA:44,27,1,0
BRDA:44,28,0,0
BRDA:44,28,1,0
BRDA:44,29,0,0
BRDA:44,29,1,0
BRDA:44,30,0,0
BRDA:44,30,1,0
BRF:62
BRH:0
end_of_record
TN:
SF:src/core/data/company-fetch.service.ts
FN:43,(anonymous_4)
FN:45,(anonymous_5)
FN:97,(anonymous_6)
FNF:3
FNH:0
FNDA:0,(anonymous_4)
FNDA:0,(anonymous_5)
FNDA:0,(anonymous_6)
DA:1,0
DA:3,0
DA:4,0
DA:30,0
DA:36,0
DA:37,0
DA:40,0
DA:41,0
DA:43,0
DA:46,0
DA:93,0
DA:94,0
DA:99,0
DA:100,0
DA:104,0
DA:105,0
DA:107,0
DA:108,0
DA:109,0
DA:111,0
DA:112,0
DA:114,0
DA:115,0
DA:120,0
DA:121,0
DA:123,0
DA:124,0
DA:125,0
DA:126,0
DA:127,0
DA:133,0
DA:134,0
DA:136,0
DA:137,0
DA:138,0
DA:140,0
DA:141,0
DA:143,0
DA:144,0
DA:146,0
DA:147,0
DA:151,0
LF:42
LH:0
BRDA:99,0,0,0
BRDA:99,0,1,0
BRDA:104,1,0,0
BRDA:104,1,1,0
BRDA:104,2,0,0
BRDA:104,2,1,0
BRDA:104,2,2,0
BRDA:105,3,0,0
BRDA:105,3,1,0
BRDA:108,4,0,0
BRDA:108,4,1,0
BRDA:108,5,0,0
BRDA:108,5,1,0
BRDA:111,6,0,0
BRDA:111,6,1,0
BRDA:111,7,0,0
BRDA:111,7,1,0
BRDA:111,7,2,0
BRDA:114,8,0,0
BRDA:114,8,1,0
BRDA:114,9,0,0
BRDA:114,9,1,0
BRDA:114,9,2,0
BRDA:120,10,0,0
BRDA:120,10,1,0
BRDA:120,11,0,0
BRDA:120,11,1,0
BRDA:126,12,0,0
BRDA:126,12,1,0
BRDA:126,13,0,0
BRDA:126,13,1,0
BRDA:126,13,2,0
BRDA:133,14,0,0
BRDA:133,14,1,0
BRDA:133,15,0,0
BRDA:133,15,1,0
BRDA:137,16,0,0
BRDA:137,16,1,0
BRDA:137,17,0,0
BRDA:137,17,1,0
BRDA:140,18,0,0
BRDA:140,18,1,0
BRDA:143,19,0,0
BRDA:143,19,1,0
BRDA:146,20,0,0
BRDA:146,20,1,0
BRDA:146,21,0,0
BRDA:146,21,1,0
BRF:48
BRH:0
end_of_record
TN:
SF:src/core/data/data-source.interface.ts
FNF:0
FNH:0
DA:1,3
LF:1
LH:1
BRF:0
BRH:0
end_of_record
TN:
SF:src/core/data/data.module.ts
FN:23,(anonymous_1)
FNF:1
FNH:0
FNDA:0,(anonymous_1)
DA:1,0
DA:2,0
DA:3,0
DA:4,0
DA:5,0
DA:6,0
DA:7,0
DA:8,0
DA:9,0
DA:10,0
DA:24,0
DA:25,0
DA:32,0
LF:13
LH:0
BRDA:25,0,0,0
BRDA:25,0,1,0
BRF:2
BRH:0
end_of_record
TN:
SF:src/core/data/live-data-source.ts
FN:5,(anonymous_0)
FN:9,(anonymous_1)
FN:17,(anonymous_2)
FN:21,(anonymous_3)
FNF:4
FNH:3
FNDA:1,(anonymous_0)
FNDA:1,(anonymous_1)
FNDA:1,(anonymous_2)
FNDA:0,(anonymous_3)
DA:1,1
DA:4,1
DA:6,1
DA:14,1
DA:18,1
DA:22,0
LF:6
LH:5
BRF:0
BRH:0
end_of_record
TN:
SF:src/core/logger/logger.module.ts
FN:10,(anonymous_11)
FN:21,(anonymous_12)
FN:37,(anonymous_13)
FNF:3
FNH:0
FNDA:0,(anonymous_11)
FNDA:0,(anonymous_12)
FNDA:0,(anonymous_13)
DA:1,0
DA:2,0
DA:3,0
DA:4,0
DA:5,0
DA:7,0
DA:11,0
DA:12,0
DA:13,0
DA:22,0
DA:26,0
DA:27,0
DA:28,0
DA:38,0
DA:43,0
DA:50,0
LF:16
LH:0
BRDA:11,0,0,0
BRDA:11,0,1,0
BRDA:12,1,0,0
BRDA:12,1,1,0
BRDA:27,2,0,0
BRDA:27,2,1,0
BRF:6
BRH:0
end_of_record
TN:
SF:src/features/auth/auth.controller.ts
FN:10,(anonymous_4)
FN:13,(anonymous_5)
FN:19,(anonymous_6)
FNF:3
FNH:0
FNDA:0,(anonymous_4)
FNDA:0,(anonymous_5)
FNDA:0,(anonymous_6)
DA:1,0
DA:2,0
DA:3,0
DA:4,0
DA:5,0
DA:9,0
DA:10,0
DA:13,0
DA:14,0
DA:19,0
DA:20,0
LF:11
LH:0
BRDA:13,0,0,0
BRDA:13,0,1,0
BRDA:13,1,0,0
BRDA:13,1,1,0
BRDA:19,2,0,0
BRDA:19,2,1,0
BRDA:19,3,0,0
BRDA:19,3,1,0
BRDA:10,4,0,0
BRDA:10,4,1,0
BRDA:10,5,0,0
BRDA:10,5,1,0
BRF:12
BRH:0
end_of_record
TN:
SF:src/features/auth/auth.module.ts
FN:13,(anonymous_1)
FNF:1
FNH:0
FNDA:0,(anonymous_1)
DA:1,0
DA:2,0
DA:3,0
DA:4,0
DA:5,0
DA:6,0
DA:7,0
DA:13,0
DA:24,0
LF:9
LH:0
BRF:0
BRH:0
end_of_record
TN:
SF:src/features/auth/auth.service.ts
FN:41,(anonymous_13)
FN:46,(anonymous_14)
FN:79,(anonymous_15)
FN:96,(anonymous_16)
FNF:4
FNH:0
FNDA:0,(anonymous_13)
FNDA:0,(anonymous_14)
FNDA:0,(anonymous_15)
FNDA:0,(anonymous_16)
DA:1,0
DA:6,0
DA:7,0
DA:8,0
DA:9,0
DA:10,0
DA:14,0
DA:40,0
DA:42,0
DA:43,0
DA:47,0
DA:52,0
DA:53,0
DA:56,0
DA:59,0
DA:60,0
DA:61,0
DA:63,0
DA:76,0
DA:80,0
DA:84,0
DA:85,0
DA:88,0
DA:89,0
DA:90,0
DA:93,0
DA:97,0
DA:102,0
LF:28
LH:0
BRDA:52,0,0,0
BRDA:52,0,1,0
BRDA:60,1,0,0
BRDA:60,1,1,0
BRDA:73,2,0,0
BRDA:73,2,1,0
BRDA:84,3,0,0
BRDA:84,3,1,0
BRDA:89,4,0,0
BRDA:89,4,1,0
BRDA:114,5,0,0
BRDA:114,5,1,0
BRDA:42,6,0,0
BRDA:42,6,1,0
BRDA:42,7,0,0
BRDA:42,7,1,0
BRDA:42,8,0,0
BRDA:42,8,1,0
BRDA:42,9,0,0
BRDA:42,9,1,0
BRF:20
BRH:0
end_of_record
TN:
SF:src/features/auth/dtos/login.dto.ts
FNF:0
FNH:0
DA:1,0
DA:3,0
DA:5,0
DA:9,0
LF:4
LH:0
BRF:0
BRH:0
end_of_record
TN:
SF:src/features/auth/dtos/signup.dto.ts
FNF:0
FNH:0
DA:1,0
DA:14,0
DA:16,0
DA:20,0
DA:24,0
DA:29,0
DA:34,0
DA:39,0
DA:42,0
DA:46,0
DA:50,0
DA:56,0
LF:12
LH:0
BRF:0
BRH:0
end_of_record
TN:
SF:src/features/city-expense/city-expense-admin.controller.ts
FN:17,(anonymous_4)
FN:20,(anonymous_5)
FN:25,(anonymous_6)
FN:29,(anonymous_7)
FNF:4
FNH:0
FNDA:0,(anonymous_4)
FNDA:0,(anonymous_5)
FNDA:0,(anonymous_6)
FNDA:0,(anonymous_7)
DA:1,0
DA:2,0
DA:3,0
DA:5,0
DA:16,0
DA:17,0
DA:20,0
DA:23,0
DA:24,0
DA:25,0
DA:27,0
DA:29,0
LF:12
LH:0
BRDA:23,0,0,0
BRDA:23,0,1,0
BRDA:32,1,0,0
BRDA:32,1,1,0
BRDA:22,2,0,0
BRDA:22,2,1,0
BRDA:22,3,0,0
BRDA:22,3,1,0
BRDA:17,4,0,0
BRDA:17,4,1,0
BRDA:17,5,0,0
BRDA:17,5,1,0
BRF:12
BRH:0
end_of_record
TN:
SF:src/features/city-expense/city-expense-admin.module.ts
FNF:0
FNH:0
DA:1,0
DA:2,0
DA:3,0
DA:4,0
DA:5,0
DA:12,0
LF:6
LH:0
BRF:0
BRH:0
end_of_record
TN:
SF:src/features/city-expense/city-expense.controller.ts
FN:7,(anonymous_4)
FN:16,(anonymous_5)
FN:35,(anonymous_6)
FN:40,(anonymous_7)
FN:44,(anonymous_8)
FNF:5
FNH:0
FNDA:0,(anonymous_4)
FNDA:0,(anonymous_5)
FNDA:0,(anonymous_6)
FNDA:0,(anonymous_7)
FNDA:0,(anonymous_8)
DA:1,0
DA:2,0
DA:3,0
DA:6,0
DA:7,0
DA:16,0
DA:17,0
DA:18,0
DA:35,0
DA:36,0
DA:40,0
DA:42,0
DA:44,0
LF:13
LH:0
BRDA:36,0,0,0
BRDA:36,0,1,0
BRDA:37,1,0,0
BRDA:37,1,1,0
BRDA:16,2,0,0
BRDA:16,2,1,0
BRDA:16,3,0,0
BRDA:16,3,1,0
BRDA:7,4,0,0
BRDA:7,4,1,0
BRDA:7,5,0,0
BRDA:7,5,1,0
BRF:12
BRH:0
end_of_record
TN:
SF:src/features/health/health.controller.ts
FN:9,(anonymous_4)
FN:12,(anonymous_5)
FNF:2
FNH:2
FNDA:2,(anonymous_4)
FNDA:2,(anonymous_5)
DA:1,1
DA:2,1
DA:3,1
DA:4,1
DA:8,1
DA:9,2
DA:12,1
DA:13,2
LF:8
LH:8
BRDA:15,0,0,1
BRDA:15,0,1,1
BRDA:9,1,0,1
BRDA:9,1,1,0
BRDA:9,2,0,1
BRDA:9,2,1,1
BRF:6
BRH:5
end_of_record
TN:
SF:src/features/health/health.module.ts
FNF:0
FNH:0
DA:1,0
DA:2,0
DA:3,0
DA:9,0
LF:4
LH:0
BRF:0
BRH:0
end_of_record
TN:
SF:src/features/offer-comparison/offer-comparison.controller.ts
FN:14,(anonymous_4)
FN:20,(anonymous_5)
FNF:2
FNH:0
FNDA:0,(anonymous_4)
FNDA:0,(anonymous_5)
DA:1,0
DA:2,0
DA:3,0
DA:4,0
DA:5,0
DA:6,0
DA:7,0
DA:11,0
DA:12,0
DA:14,0
DA:20,0
DA:24,0
DA:25,0
LF:13
LH:0
BRDA:24,0,0,0
BRDA:24,0,1,0
BRDA:22,1,0,0
BRDA:22,1,1,0
BRDA:22,2,0,0
BRDA:22,2,1,0
BRDA:14,3,0,0
BRDA:14,3,1,0
BRDA:14,4,0,0
BRDA:14,4,1,0
BRF:10
BRH:0
end_of_record
TN:
SF:src/features/offer-comparison/offer-comparison.module.ts
FNF:0
FNH:0
DA:1,0
DA:2,0
DA:3,0
DA:4,0
DA:5,0
DA:6,0
DA:7,0
DA:8,0
DA:9,0
DA:10,0
DA:11,0
DA:27,0
LF:12
LH:0
BRF:0
BRH:0
end_of_record
TN:
SF:src/features/offer-comparison/offer-comparison.service.ts
FN:74,(anonymous_4)
FN:85,(anonymous_5)
FN:91,(anonymous_6)
FN:147,(anonymous_7)
FN:165,(anonymous_8)
FN:192,(anonymous_9)
FN:209,(anonymous_10)
FN:215,(anonymous_11)
FN:226,(anonymous_12)
FN:229,(anonymous_13)
FN:230,(anonymous_14)
FN:239,(anonymous_15)
FN:246,(anonymous_16)
FN:249,(anonymous_17)
FN:320,(anonymous_18)
FN:326,(anonymous_19)
FN:331,(anonymous_20)
FN:334,(anonymous_21)
FN:335,(anonymous_22)
FN:354,(anonymous_23)
FN:360,(anonymous_24)
FN:374,(anonymous_25)
FN:381,(anonymous_26)
FN:413,(anonymous_27)
FNF:24
FNH:21
FNDA:18,(anonymous_4)
FNDA:3,(anonymous_5)
FNDA:14,(anonymous_6)
FNDA:6,(anonymous_7)
FNDA:11,(anonymous_8)
FNDA:11,(anonymous_9)
FNDA:11,(anonymous_10)
FNDA:11,(anonymous_11)
FNDA:11,(anonymous_12)
FNDA:11,(anonymous_13)
FNDA:11,(anonymous_14)
FNDA:11,(anonymous_15)
FNDA:9,(anonymous_16)
FNDA:15,(anonymous_17)
FNDA:9,(anonymous_18)
FNDA:9,(anonymous_19)
FNDA:0,(anonymous_20)
FNDA:0,(anonymous_21)
FNDA:0,(anonymous_22)
FNDA:5,(anonymous_23)
FNDA:11,(anonymous_24)
FNDA:11,(anonymous_25)
FNDA:11,(anonymous_26)
FNDA:5,(anonymous_27)
DA:1,1
DA:2,1
DA:3,1
DA:4,1
DA:6,1
DA:7,1
DA:9,1
DA:10,1
DA:11,1
DA:20,1
DA:63,1
DA:66,1
DA:71,1
DA:72,18
DA:75,18
DA:76,18
DA:77,18
DA:78,18
DA:79,18
DA:80,18
DA:86,3
DA:92,14
DA:94,14
DA:95,0
DA:98,14
DA:99,22
DA:100,2
DA:103,20
DA:104,20
DA:105,20
DA:106,1
DA:109,19
DA:114,1
DA:118,18
DA:119,1
DA:121,17
DA:122,1
DA:124,16
DA:128,1
DA:132,7
DA:133,1
DA:138,6
DA:139,1
DA:142,5
DA:151,6
DA:152,6
DA:154,6
DA:155,6
DA:157,5
DA:159,5
DA:160,5
DA:163,5
DA:164,5
DA:166,11
DA:167,11
DA:169,11
DA:174,11
DA:185,11
DA:186,11
DA:191,5
DA:192,5
DA:193,11
DA:209,5
DA:210,11
DA:214,5
DA:215,11
DA:224,5
DA:225,5
DA:226,11
DA:229,11
DA:230,11
DA:231,5
DA:236,5
DA:237,5
DA:238,5
DA:239,11
DA:240,5
DA:242,4
DA:245,4
DA:246,4
DA:247,9
DA:248,9
DA:249,15
DA:251,9
DA:252,0
DA:257,9
DA:259,9
DA:303,4
DA:305,4
DA:313,2
DA:314,2
DA:321,9
DA:322,0
DA:326,9
DA:327,9
DA:329,9
DA:330,9
DA:331,0
DA:332,0
DA:333,0
DA:334,0
DA:335,0
DA:336,0
DA:337,0
DA:341,9
DA:360,11
DA:374,5
DA:375,11
DA:376,11
DA:377,0
DA:381,11
DA:387,11
DA:388,0
DA:404,11
DA:412,5
DA:413,5
DA:417,5
DA:441,5
DA:448,5
LF:119
LH:107
BRDA:85,0,0,3
BRDA:94,1,0,0
BRDA:94,1,1,14
BRDA:99,2,0,2
BRDA:99,2,1,20
BRDA:99,3,0,22
BRDA:99,3,1,22
BRDA:99,3,2,22
BRDA:103,4,0,0
BRDA:103,5,0,0
BRDA:103,6,0,0
BRDA:103,7,0,20
BRDA:103,7,1,0
BRDA:105,8,0,1
BRDA:105,8,1,19
BRDA:109,9,0,1
BRDA:109,9,1,18
BRDA:110,10,0,19
BRDA:110,10,1,19
BRDA:110,10,2,18
BRDA:110,10,3,18
BRDA:110,10,4,18
BRDA:110,10,5,18
BRDA:118,11,0,1
BRDA:118,11,1,17
BRDA:118,12,0,18
BRDA:118,12,1,18
BRDA:118,12,2,18
BRDA:121,13,0,1
BRDA:121,13,1,16
BRDA:121,14,0,17
BRDA:121,14,1,17
BRDA:121,14,2,17
BRDA:124,15,0,1
BRDA:124,15,1,15
BRDA:125,16,0,16
BRDA:125,16,1,16
BRDA:132,17,0,1
BRDA:132,17,1,6
BRDA:138,18,0,1
BRDA:138,18,1,5
BRDA:152,19,0,6
BRDA:152,19,1,0
BRDA:155,20,0,1
BRDA:155,20,1,5
BRDA:159,21,0,5
BRDA:159,21,1,5
BRDA:160,22,0,0
BRDA:160,22,1,5
BRDA:160,23,0,5
BRDA:160,23,1,5
BRDA:166,24,0,0
BRDA:166,24,1,11
BRDA:186,25,0,11
BRDA:186,25,1,0
BRDA:251,26,0,0
BRDA:251,26,1,9
BRDA:287,27,0,9
BRDA:287,27,1,0
BRDA:287,27,2,0
BRDA:288,28,0,9
BRDA:288,28,1,0
BRDA:288,28,2,0
BRDA:289,29,0,9
BRDA:289,29,1,0
BRDA:289,29,2,0
BRDA:290,30,0,9
BRDA:290,30,1,0
BRDA:290,30,2,0
BRDA:291,31,0,9
BRDA:291,31,1,0
BRDA:291,31,2,0
BRDA:292,32,0,9
BRDA:292,32,1,0
BRDA:292,33,0,0
BRDA:292,33,1,0
BRDA:321,34,0,0
BRDA:321,34,1,9
BRDA:321,35,0,9
BRDA:321,35,1,9
BRDA:326,36,0,9
BRDA:326,36,1,0
BRDA:330,37,0,0
BRDA:330,37,1,9
BRDA:331,38,0,0
BRDA:331,38,1,0
BRDA:336,39,0,0
BRDA:336,39,1,0
BRDA:376,40,0,0
BRDA:376,40,1,11
BRDA:387,41,0,0
BRDA:387,41,1,11
BRDA:413,42,0,5
BRDA:413,42,1,0
BRDA:420,43,0,5
BRDA:420,43,1,0
BRDA:441,44,0,5
BRDA:441,44,1,0
BRDA:75,45,0,1
BRDA:75,45,1,0
BRDA:75,46,0,1
BRDA:75,46,1,1
BRDA:75,47,0,1
BRDA:75,47,1,0
BRDA:75,48,0,1
BRDA:75,48,1,1
BRDA:77,49,0,1
BRDA:77,49,1,0
BRDA:77,50,0,1
BRDA:77,50,1,1
BRDA:78,51,0,1
BRDA:78,51,1,0
BRDA:78,52,0,1
BRDA:78,52,1,1
BRF:114
BRH:75
end_of_record
TN:
SF:src/features/offer-comparison/offers.service.ts
FN:14,(anonymous_4)
FN:19,(anonymous_5)
FN:20,(anonymous_6)
FNF:3
FNH:0
FNDA:0,(anonymous_4)
FNDA:0,(anonymous_5)
FNDA:0,(anonymous_6)
DA:1,1
DA:2,1
DA:3,1
DA:4,1
DA:13,1
DA:16,0
DA:20,0
DA:24,0
LF:8
LH:5
BRDA:16,0,0,1
BRDA:16,0,1,0
BRDA:16,1,0,1
BRDA:16,1,1,1
BRF:4
BRH:3
end_of_record
TN:
SF:src/features/offer-comparison/dtos/offer-comparison-response.dto.ts
FNF:0
FNH:0
DA:3,0
DA:14,0
DA:24,0
DA:30,0
DA:36,0
DA:76,0
DA:85,0
LF:7
LH:0
BRF:0
BRH:0
end_of_record
TN:
SF:src/features/salary-ask/salary-ask.controller.ts
FN:9,(anonymous_4)
FN:13,(anonymous_5)
FN:18,(anonymous_6)
FNF:3
FNH:0
FNDA:0,(anonymous_4)
FNDA:0,(anonymous_5)
FNDA:0,(anonymous_6)
DA:1,0
DA:2,0
DA:4,0
DA:5,0
DA:8,0
DA:9,0
DA:13,0
DA:14,0
DA:18,0
DA:21,0
LF:10
LH:0
BRDA:19,0,0,0
BRDA:19,0,1,0
BRDA:19,1,0,0
BRDA:19,1,1,0
BRDA:20,2,0,0
BRDA:20,2,1,0
BRDA:20,3,0,0
BRDA:20,3,1,0
BRDA:9,4,0,0
BRDA:9,4,1,0
BRDA:9,5,0,0
BRDA:9,5,1,0
BRF:12
BRH:0
end_of_record
TN:
SF:src/features/salary-ask/salary-ask.module.ts
FNF:0
FNH:0
DA:1,0
DA:2,0
DA:3,0
DA:4,0
DA:5,0
DA:6,0
DA:13,0
LF:7
LH:0
BRF:0
BRH:0
end_of_record
TN:
SF:src/features/salary-ask/salary-ask.service.ts
FN:53,scaleFallback
FN:63,assignBadge
FN:82,(anonymous_6)
FN:88,(anonymous_7)
FN:89,(anonymous_8)
FN:92,(anonymous_9)
FN:98,(anonymous_10)
FN:113,(anonymous_11)
FN:118,(anonymous_12)
FN:127,(anonymous_13)
FN:130,(anonymous_14)
FN:169,(anonymous_15)
FN:170,(anonymous_16)
FN:189,(anonymous_17)
FNF:14
FNH:12
FNDA:1,scaleFallback
FNDA:374,assignBadge
FNDA:11,(anonymous_6)
FNDA:0,(anonymous_7)
FNDA:0,(anonymous_8)
FNDA:11,(anonymous_9)
FNDA:11,(anonymous_10)
FNDA:374,(anonymous_11)
FNDA:374,(anonymous_12)
FNDA:374,(anonymous_13)
FNDA:374,(anonymous_14)
FNDA:342,(anonymous_15)
FNDA:374,(anonymous_16)
FNDA:11,(anonymous_17)
DA:1,1
DA:2,1
DA:4,1
DA:5,1
DA:14,1
DA:30,1
DA:31,1
DA:32,1
DA:36,1
DA:51,1
DA:54,1
DA:55,1
DA:69,374
DA:70,363
DA:71,363
DA:72,352
DA:73,22
DA:74,11
DA:75,0
DA:79,1
DA:80,11
DA:83,11
DA:84,11
DA:85,11
DA:89,0
DA:93,11
DA:94,11
DA:95,11
DA:99,11
DA:100,11
DA:102,11
DA:103,11
DA:104,11
DA:105,0
DA:109,11
DA:111,11
DA:113,374
DA:115,11
DA:117,11
DA:118,11
DA:119,374
DA:120,374
DA:123,11
DA:124,11
DA:126,11
DA:127,374
DA:130,11
DA:131,374
DA:132,374
DA:133,374
DA:135,374
DA:136,374
DA:137,374
DA:138,374
DA:140,374
DA:155,374
DA:169,342
DA:170,11
DA:171,374
DA:172,373
DA:177,11
DA:178,1
DA:179,1
DA:180,10
DA:181,1
DA:182,1
DA:186,9
DA:189,11
DA:191,11
DA:195,11
DA:199,11
DA:215,11
DA:216,11
LF:73
LH:70
BRDA:54,0,0,0
BRDA:54,0,1,1
BRDA:55,1,0,1
BRDA:55,1,1,0
BRDA:69,2,0,11
BRDA:69,2,1,363
BRDA:71,3,0,11
BRDA:71,3,1,352
BRDA:72,4,0,330
BRDA:72,4,1,22
BRDA:73,5,0,11
BRDA:73,5,1,11
BRDA:74,6,0,11
BRDA:74,6,1,0
BRDA:93,7,0,11
BRDA:93,7,1,11
BRDA:94,8,0,0
BRDA:94,8,1,11
BRDA:94,9,0,11
BRDA:94,9,1,11
BRDA:99,10,0,11
BRDA:99,10,1,11
BRDA:100,11,0,0
BRDA:100,11,1,11
BRDA:100,12,0,11
BRDA:100,12,1,11
BRDA:104,13,0,0
BRDA:104,13,1,11
BRDA:104,14,0,11
BRDA:104,14,1,0
BRDA:120,15,0,66
BRDA:120,15,1,308
BRDA:124,16,0,11
BRDA:124,16,1,1
BRDA:131,17,0,374
BRDA:131,17,1,308
BRDA:136,18,0,373
BRDA:136,18,1,1
BRDA:137,19,0,374
BRDA:137,19,1,0
BRDA:138,20,0,374
BRDA:138,20,1,1
BRDA:140,21,0,373
BRDA:140,21,1,1
BRDA:171,22,0,1
BRDA:171,22,1,373
BRDA:177,23,0,1
BRDA:177,23,1,10
BRDA:180,24,0,1
BRDA:180,24,1,9
BRDA:180,25,0,10
BRDA:180,25,1,9
BRDA:182,26,0,1
BRDA:182,26,1,0
BRDA:191,27,0,11
BRDA:191,27,1,0
BRDA:195,28,0,11
BRDA:195,28,1,0
BRDA:83,29,0,1
BRDA:83,29,1,0
BRDA:83,30,0,1
BRDA:83,30,1,1
BRDA:83,31,0,1
BRDA:83,31,1,0
BRDA:83,32,0,1
BRDA:83,32,1,1
BRF:66
BRH:53
end_of_record
TN:
SF:src/features/salary-ask/dtos/salary-ask-request.dto.ts
FN:35,(anonymous_2)
FNF:1
FNH:1
FNDA:4,(anonymous_2)
DA:1,1
DA:14,1
DA:17,1
DA:22,1
DA:27,1
DA:32,5
DA:35,4
DA:40,5
LF:8
LH:8
BRF:0
BRH:0
end_of_record
TN:
SF:src/features/salary-ask/dtos/salary-ask-response.dto.ts
FNF:0
FNH:0
DA:1,0
DA:22,0
DA:35,0
LF:3
LH:0
BRF:0
BRH:0
end_of_record
TN:
SF:src/features/salary-comparison/salary-comparison.controller.ts
FN:15,(anonymous_4)
FN:22,(anonymous_5)
FN:29,(anonymous_6)
FNF:3
FNH:2
FNDA:2,(anonymous_4)
FNDA:0,(anonymous_5)
FNDA:1,(anonymous_6)
DA:1,1
DA:2,1
DA:3,1
DA:4,1
DA:5,1
DA:7,1
DA:8,1
DA:12,1
DA:13,2
DA:16,2
DA:17,2
DA:22,1
DA:23,0
DA:24,0
DA:25,0
DA:29,1
DA:33,1
DA:34,1
LF:18
LH:15
BRDA:33,0,0,1
BRDA:33,0,1,0
BRDA:22,1,0,1
BRDA:22,1,1,0
BRDA:22,2,0,1
BRDA:22,2,1,1
BRDA:31,3,0,1
BRDA:31,3,1,0
BRDA:31,4,0,1
BRDA:31,4,1,1
BRDA:16,5,0,1
BRDA:16,5,1,0
BRDA:16,6,0,1
BRDA:16,6,1,1
BRF:14
BRH:10
end_of_record
TN:
SF:src/features/salary-comparison/salary-comparison.module.ts
FNF:0
FNH:0
DA:1,0
DA:2,0
DA:3,0
DA:4,0
DA:5,0
DA:6,0
DA:7,0
DA:8,0
DA:20,0
LF:9
LH:0
BRF:0
BRH:0
end_of_record
TN:
SF:src/features/salary-comparison/salary-comparison.service.ts
FN:24,(anonymous_4)
FN:31,(anonymous_5)
FN:49,(anonymous_6)
FN:65,(anonymous_7)
FN:82,(anonymous_8)
FN:89,(anonymous_9)
FN:92,(anonymous_10)
FN:96,(anonymous_11)
FN:136,(anonymous_12)
FNF:9
FNH:0
FNDA:0,(anonymous_4)
FNDA:0,(anonymous_5)
FNDA:0,(anonymous_6)
FNDA:0,(anonymous_7)
FNDA:0,(anonymous_8)
FNDA:0,(anonymous_9)
FNDA:0,(anonymous_10)
FNDA:0,(anonymous_11)
FNDA:0,(anonymous_12)
DA:1,1
DA:2,1
DA:3,1
DA:4,1
DA:6,1
DA:7,1
DA:8,1
DA:18,1
DA:21,1
DA:22,0
DA:25,0
DA:26,0
DA:27,0
DA:28,0
DA:35,0
DA:36,0
DA:38,0
DA:39,0
DA:41,0
DA:43,0
DA:44,0
DA:47,0
DA:48,0
DA:50,0
DA:51,0
DA:53,0
DA:58,0
DA:59,0
DA:64,0
DA:65,0
DA:66,0
DA:82,0
DA:83,0
DA:87,0
DA:88,0
DA:89,0
DA:92,0
DA:93,0
DA:96,0
DA:97,0
DA:99,0
DA:100,0
DA:118,0
DA:119,0
DA:123,0
DA:136,0
DA:143,0
DA:145,0
DA:153,0
DA:154,0
LF:50
LH:9
BRDA:36,0,0,0
BRDA:36,0,1,0
BRDA:39,1,0,0
BRDA:39,1,1,0
BRDA:43,2,0,0
BRDA:43,2,1,0
BRDA:44,3,0,0
BRDA:44,3,1,0
BRDA:44,4,0,0
BRDA:44,4,1,0
BRDA:50,5,0,0
BRDA:50,5,1,0
BRDA:59,6,0,0
BRDA:59,6,1,0
BRDA:99,7,0,0
BRDA:99,7,1,0
BRDA:119,8,0,0
BRDA:119,8,1,0
BRDA:125,9,0,0
BRDA:125,9,1,0
BRDA:126,10,0,0
BRDA:126,10,1,0
BRDA:127,11,0,0
BRDA:127,11,1,0
BRDA:130,12,0,0
BRDA:130,12,1,0
BRDA:131,13,0,0
BRDA:131,13,1,0
BRDA:132,14,0,0
BRDA:132,14,1,0
BRDA:133,15,0,0
BRDA:133,15,1,0
BRDA:134,16,0,0
BRDA:134,16,1,0
BRDA:136,17,0,0
BRDA:136,17,1,0
BRDA:25,18,0,1
BRDA:25,18,1,0
BRDA:25,19,0,1
BRDA:25,19,1,1
BRDA:25,20,0,1
BRDA:25,20,1,0
BRDA:25,21,0,1
BRDA:25,21,1,1
BRDA:27,22,0,1
BRDA:27,22,1,0
BRDA:27,23,0,1
BRDA:27,23,1,1
BRF:48
BRH:9
end_of_record
TN:
SF:src/features/salary-comparison/dtos/salary-comparison-request.dto.ts
FN:60,(anonymous_2)
FN:67,(anonymous_3)
FNF:2
FNH:0
FNDA:0,(anonymous_2)
FNDA:0,(anonymous_3)
DA:1,1
DA:19,1
DA:22,1
DA:26,1
DA:30,1
DA:35,1
DA:38,1
DA:42,1
DA:45,1
DA:49,1
DA:52,1
DA:55,1
DA:60,0
DA:61,1
DA:65,1
DA:67,0
DA:72,1
LF:17
LH:15
BRF:0
BRH:0
end_of_record
TN:
SF:src/features/salary-comparison/dtos/salary-comparison-response.dto.ts
FNF:0
FNH:0
DA:3,0
DA:32,0
DA:41,0
DA:46,0
DA:56,0
LF:5
LH:0
BRF:0
BRH:0
end_of_record
TN:
SF:src/shared/decorators/current-user.decorator.ts
FN:6,(anonymous_0)
FNF:1
FNH:0
FNDA:0,(anonymous_0)
DA:1,1
DA:5,1
DA:7,0
LF:3
LH:2
BRF:0
BRH:0
end_of_record
TN:
SF:src/shared/decorators/is-statutory-or-positive-int.decorator.ts
FN:7,IsStatutoryOrPositiveInt
FN:8,(anonymous_1)
FN:18,(anonymous_2)
FNF:3
FNH:0
FNDA:0,IsStatutoryOrPositiveInt
FNDA:0,(anonymous_1)
FNDA:0,(anonymous_2)
DA:1,0
DA:7,0
DA:8,0
DA:9,0
DA:19,0
DA:20,0
LF:6
LH:0
BRDA:19,0,0,0
BRDA:19,0,1,0
BRDA:21,1,0,0
BRDA:21,1,1,0
BRDA:21,1,2,0
BRF:5
BRH:0
end_of_record
TN:
SF:src/shared/decorators/public.decorator.ts
FN:6,(anonymous_0)
FNF:1
FNH:1
FNDA:2,(anonymous_0)
DA:1,2
DA:3,2
DA:6,2
LF:3
LH:3
BRF:0
BRH:0
end_of_record
TN:
SF:src/shared/dtos/offer-input.dto.ts
FN:61,(anonymous_2)
FN:68,(anonymous_3)
FNF:2
FNH:2
FNDA:4,(anonymous_2)
FNDA:4,(anonymous_3)
DA:1,1
DA:19,1
DA:22,1
DA:26,1
DA:31,1
DA:36,1
DA:39,1
DA:43,1
DA:46,1
DA:50,1
DA:53,1
DA:56,1
DA:61,4
DA:62,1
DA:66,4
DA:68,4
DA:73,4
LF:17
LH:17
BRF:0
BRH:0
end_of_record
TN:
SF:src/shared/dtos/statutory-or-positive-int.validator.ts
FN:5,(anonymous_1)
FN:10,(anonymous_2)
FNF:2
FNH:0
FNDA:0,(anonymous_1)
FNDA:0,(anonymous_2)
DA:1,0
DA:4,0
DA:6,0
DA:7,0
DA:11,0
LF:5
LH:0
BRDA:6,0,0,0
BRDA:6,0,1,0
BRDA:7,1,0,0
BRDA:7,1,1,0
BRDA:7,1,2,0
BRF:5
BRH:0
end_of_record
TN:
SF:src/shared/filters/ai-exception.filter.ts
FN:12,(anonymous_1)
FNF:1
FNH:0
FNDA:0,(anonymous_1)
DA:1,0
DA:8,0
DA:11,0
DA:13,0
DA:14,0
DA:15,0
LF:6
LH:0
BRF:0
BRH:0
end_of_record
TN:
SF:src/shared/guards/admin.guard.ts
FN:7,(anonymous_2)
FN:9,(anonymous_3)
FNF:2
FNH:0
FNDA:0,(anonymous_2)
FNDA:0,(anonymous_3)
DA:1,0
DA:2,0
DA:6,0
DA:7,0
DA:10,0
DA:11,0
DA:12,0
DA:13,0
LF:8
LH:0
BRDA:11,0,0,0
BRDA:11,0,1,0
BRDA:7,1,0,0
BRDA:7,1,1,0
BRDA:7,2,0,0
BRDA:7,2,1,0
BRF:6
BRH:0
end_of_record
TN:
SF:src/shared/guards/ai-throttler.guard.ts
FN:9,(anonymous_1)
FN:13,(anonymous_2)
FNF:2
FNH:0
FNDA:0,(anonymous_1)
FNDA:0,(anonymous_2)
DA:1,0
DA:2,0
DA:8,0
DA:10,0
DA:14,0
LF:5
LH:0
BRDA:10,0,0,0
BRDA:10,0,1,0
BRDA:10,0,2,0
BRF:3
BRH:0
end_of_record
TN:
SF:src/shared/guards/jwt-auth.guard.ts
FN:16,(anonymous_2)
FN:22,(anonymous_3)
FN:44,(anonymous_4)
FNF:3
FNH:0
FNDA:0,(anonymous_2)
FNDA:0,(anonymous_3)
FNDA:0,(anonymous_4)
DA:1,0
DA:7,0
DA:8,0
DA:9,0
DA:12,0
DA:15,0
DA:17,0
DA:18,0
DA:19,0
DA:23,0
DA:27,0
DA:29,0
DA:30,0
DA:31,0
DA:33,0
DA:34,0
DA:38,0
DA:41,0
DA:45,0
DA:46,0
DA:47,0
LF:21
LH:0
BRDA:27,0,0,0
BRDA:27,0,1,0
BRDA:31,1,0,0
BRDA:31,1,1,0
BRDA:45,2,0,0
BRDA:45,2,1,0
BRDA:47,3,0,0
BRDA:47,3,1,0
BRDA:47,4,0,0
BRDA:47,4,1,0
BRDA:17,5,0,0
BRDA:17,5,1,0
BRDA:17,6,0,0
BRDA:17,6,1,0
BRDA:17,7,0,0
BRDA:17,7,1,0
BRDA:17,8,0,0
BRDA:17,8,1,0
BRDA:18,9,0,0
BRDA:18,9,1,0
BRDA:18,10,0,0
BRDA:18,10,1,0
BRF:22
BRH:0
end_of_record
TN:
SF:src/shared/interceptors/logging.interceptor.ts
FN:26,(anonymous_1)
FN:32,(anonymous_2)
FNF:2
FNH:0
FNDA:0,(anonymous_1)
FNDA:0,(anonymous_2)
DA:1,0
DA:7,0
DA:9,0
DA:11,0
DA:17,0
DA:25,0
DA:27,0
DA:28,0
DA:29,0
DA:31,0
DA:33,0
DA:34,0
DA:35,0
LF:13
LH:0
BRDA:28,0,0,0
BRDA:28,0,1,0
BRF:2
BRH:0
end_of_record
TN:
SF:src/shared/schemas/city-expense.schema.ts
FNF:0
FNH:0
DA:1,4
DA:6,4
DA:18,4
DA:19,4
DA:20,4
DA:21,4
DA:22,4
DA:23,4
DA:24,4
DA:25,4
DA:26,4
DA:27,4
DA:28,4
DA:29,4
DA:33,4
LF:15
LH:15
BRDA:27,0,0,4
BRDA:27,0,1,0
BRDA:27,1,0,4
BRDA:27,1,1,4
BRF:4
BRH:3
end_of_record
TN:
SF:src/shared/schemas/company.schema.ts
FNF:0
FNH:0
DA:1,1
DA:5,1
DA:6,1
DA:7,1
DA:8,1
DA:9,1
DA:10,1
DA:11,1
DA:12,1
DA:13,1
DA:14,1
DA:17,1
DA:20,1
DA:21,1
DA:22,1
DA:23,1
DA:24,1
DA:27,1
DA:30,1
DA:31,1
DA:32,1
DA:33,1
DA:34,1
DA:35,1
DA:38,1
DA:41,1
DA:42,1
DA:43,1
DA:44,1
DA:45,1
DA:46,1
DA:49,1
DA:52,1
DA:53,1
DA:54,1
DA:55,1
DA:56,1
DA:57,1
DA:58,1
DA:59,1
DA:63,1
LF:41
LH:41
BRDA:14,0,0,1
BRDA:14,0,1,0
BRDA:14,1,0,1
BRDA:14,1,1,1
BRDA:58,2,0,1
BRDA:58,2,1,0
BRDA:58,3,0,1
BRDA:58,3,1,1
BRF:8
BRH:6
end_of_record
TN:
SF:src/shared/schemas/offer.schema.ts
FNF:0
FNH:0
DA:1,1
DA:2,1
DA:5,1
DA:7,1
DA:10,1
DA:13,1
DA:17,1
LF:7
LH:7
BRDA:7,0,0,1
BRDA:7,0,1,0
BRDA:7,1,0,1
BRDA:7,1,1,1
BRDA:10,2,0,0
BRDA:10,2,1,1
BRDA:10,3,0,1
BRDA:10,3,1,0
BRDA:13,4,0,0
BRDA:13,4,1,1
BRDA:13,5,0,1
BRDA:13,5,1,0
BRF:12
BRH:7
end_of_record
TN:
SF:src/shared/schemas/user.schema.ts
FNF:0
FNH:0
DA:1,2
DA:5,2
DA:7,2
DA:10,2
DA:13,2
DA:17,2
DA:21,2
DA:25,2
DA:29,2
DA:32,2
DA:35,2
DA:39,2
DA:43,2
LF:13
LH:13
BRF:0
BRH:0
end_of_record
