TN:
SF:src/core/ai/ai-client.interface.ts
FNF:0
FNH:0
DA:1,13
DA:6,13
DA:7,13
DA:11,13
LF:4
LH:4
BRF:0
BRH:0
end_of_record
TN:
SF:src/core/ai/ai-parse.error.ts
FN:2,(anonymous_0)
FNF:1
FNH:1
FNDA:41,(anonymous_0)
DA:1,18
DA:3,41
DA:4,41
LF:3
LH:3
BRF:0
BRH:0
end_of_record
TN:
SF:src/core/ai/ai-response-parser.ts
FN:6,(anonymous_0)
FNF:1
FNH:1
FNDA:33,(anonymous_0)
DA:1,5
DA:3,5
DA:7,33
DA:14,33
DA:15,33
DA:17,9
DA:22,24
DA:23,7
DA:26,17
LF:9
LH:9
BRDA:22,0,0,7
BRDA:22,0,1,17
BRDA:22,1,0,24
BRDA:22,1,1,23
BRDA:22,1,2,21
BRF:5
BRH:5
end_of_record
TN:
SF:src/core/ai/ai-retry.util.ts
FN:4,(anonymous_0)
FN:5,(anonymous_1)
FN:8,retryDelay
FNF:3
FNH:3
FNDA:1,(anonymous_0)
FNDA:1,(anonymous_1)
FNDA:8,retryDelay
DA:1,3
DA:2,3
DA:4,3
DA:5,1
DA:8,3
DA:9,8
DA:10,8
LF:7
LH:7
BRDA:9,0,0,8
BRDA:9,0,1,4
BRDA:10,1,0,2
BRDA:10,1,1,6
BRDA:10,2,0,6
BRDA:10,2,1,1
BRF:6
BRH:6
end_of_record
TN:
SF:src/core/ai/claude-ai-client.ts
FN:15,(anonymous_2)
FN:22,(anonymous_3)
FN:61,(anonymous_4)
FN:72,(anonymous_5)
FNF:4
FNH:2
FNDA:8,(anonymous_2)
FNDA:2,(anonymous_3)
FNDA:0,(anonymous_4)
FNDA:0,(anonymous_5)
DA:1,1
DA:2,1
DA:3,1
DA:4,1
DA:5,1
DA:7,1
DA:10,1
DA:11,8
DA:15,8
DA:16,8
DA:18,8
DA:19,8
DA:23,2
DA:24,0
DA:29,2
DA:36,2
DA:38,2
DA:40,2
DA:41,2
DA:42,2
DA:52,0
DA:55,2
DA:56,0
DA:57,0
DA:58,0
DA:59,0
DA:61,0
DA:62,0
DA:68,2
DA:71,2
DA:72,1
DA:73,1
DA:78,1
DA:86,1
DA:87,1
DA:88,1
DA:89,1
DA:90,1
DA:91,1
DA:93,1
DA:99,1
DA:101,1
LF:42
LH:34
BRDA:23,0,0,0
BRDA:23,0,1,2
BRDA:52,1,0,0
BRDA:52,1,1,0
BRDA:55,2,0,0
BRDA:55,2,1,2
BRDA:56,3,0,0
BRDA:56,3,1,0
BRDA:71,4,0,1
BRDA:71,4,1,1
BRDA:74,5,0,0
BRDA:74,5,1,1
BRDA:88,6,0,1
BRDA:88,6,1,1
BRDA:89,7,0,1
BRDA:89,7,1,1
BRDA:99,8,0,1
BRDA:99,8,1,0
BRDA:15,9,0,1
BRDA:15,9,1,0
BRDA:15,10,0,1
BRDA:15,10,1,1
BRF:22
BRH:13
end_of_record
TN:
SF:src/core/ai/gemini-ai-client.ts
FN:14,isQuotaExhausted
FN:25,(anonymous_3)
FN:32,(anonymous_4)
FN:62,(anonymous_5)
FN:91,(anonymous_6)
FNF:5
FNH:2
FNDA:0,isQuotaExhausted
FNDA:10,(anonymous_3)
FNDA:10,(anonymous_4)
FNDA:0,(anonymous_5)
FNDA:0,(anonymous_6)
DA:1,1
DA:2,1
DA:3,1
DA:4,1
DA:5,1
DA:6,1
DA:9,1
DA:15,0
DA:16,0
DA:20,1
DA:21,10
DA:25,10
DA:26,10
DA:28,10
DA:29,10
DA:33,10
DA:34,1
DA:39,9
DA:40,9
DA:46,9
DA:48,9
DA:50,9
DA:51,9
DA:52,9
DA:58,1
DA:61,8
DA:62,0
DA:65,0
DA:66,0
DA:74,0
DA:75,0
DA:76,0
DA:77,0
DA:81,0
DA:87,8
DA:90,8
DA:91,1
DA:92,1
DA:97,7
DA:106,7
DA:107,7
DA:108,7
DA:109,7
DA:110,7
DA:111,7
DA:113,7
DA:120,7
DA:122,7
LF:48
LH:38
BRDA:16,0,0,0
BRDA:16,0,1,0
BRDA:33,1,0,1
BRDA:33,1,1,9
BRDA:58,2,0,1
BRDA:58,2,1,0
BRDA:61,3,0,0
BRDA:61,3,1,8
BRDA:65,4,0,0
BRDA:65,4,1,0
BRDA:74,5,0,0
BRDA:74,5,1,0
BRDA:90,6,0,1
BRDA:90,6,1,7
BRDA:93,7,0,1
BRDA:93,7,1,0
BRDA:108,8,0,7
BRDA:108,8,1,7
BRDA:109,9,0,7
BRDA:109,9,1,7
BRDA:110,10,0,7
BRDA:110,10,1,7
BRDA:120,11,0,7
BRDA:120,11,1,1
BRDA:25,12,0,1
BRDA:25,12,1,0
BRDA:25,13,0,1
BRDA:25,13,1,1
BRF:28
BRH:18
end_of_record
TN:
SF:src/core/ai/google-ai-client.ts
FN:14,(anonymous_2)
FN:22,(anonymous_3)
FNF:2
FNH:2
FNDA:8,(anonymous_2)
FNDA:8,(anonymous_3)
DA:1,1
DA:2,1
DA:3,1
DA:4,1
DA:5,1
DA:8,1
DA:9,8
DA:14,8
DA:15,8
DA:17,8
DA:18,8
DA:19,8
DA:23,8
DA:24,1
DA:29,7
DA:30,7
DA:32,7
DA:34,7
DA:35,7
DA:40,1
DA:43,6
DA:44,6
DA:45,6
DA:46,6
DA:47,6
DA:48,6
DA:50,6
DA:56,6
DA:57,6
LF:29
LH:29
BRDA:23,0,0,1
BRDA:23,0,1,7
BRDA:40,1,0,1
BRDA:40,1,1,0
BRDA:45,2,0,6
BRDA:45,2,1,6
BRDA:46,3,0,6
BRDA:46,3,1,6
BRDA:47,4,0,6
BRDA:47,4,1,6
BRDA:56,5,0,6
BRDA:56,5,1,1
BRDA:14,6,0,1
BRDA:14,6,1,0
BRDA:14,7,0,1
BRDA:14,7,1,1
BRF:16
BRH:14
end_of_record
TN:
SF:src/core/ai/ollama-ai-client.ts
FN:12,(anonymous_2)
FN:21,(anonymous_3)
FNF:2
FNH:2
FNDA:6,(anonymous_2)
FNDA:8,(anonymous_3)
DA:1,1
DA:2,1
DA:3,1
DA:4,1
DA:7,1
DA:8,6
DA:12,6
DA:13,6
DA:14,6
DA:18,6
DA:22,8
DA:24,8
DA:25,8
DA:39,2
DA:42,6
DA:43,2
DA:48,4
DA:54,4
DA:55,4
DA:56,4
DA:57,4
DA:58,4
DA:60,4
DA:66,4
DA:68,4
LF:25
LH:25
BRDA:39,0,0,2
BRDA:39,0,1,0
BRDA:42,1,0,2
BRDA:42,1,1,4
BRDA:55,2,0,4
BRDA:55,2,1,3
BRDA:56,3,0,4
BRDA:56,3,1,3
BRDA:66,4,0,4
BRDA:66,4,1,1
BRDA:12,5,0,1
BRDA:12,5,1,0
BRDA:12,6,0,1
BRDA:12,6,1,1
BRF:14
BRH:12
end_of_record
TN:
SF:src/core/city-expense/city-expense-cache.service.ts
FN:6,(anonymous_4)
FN:14,(anonymous_5)
FN:16,(anonymous_6)
FN:21,(anonymous_7)
FN:34,(anonymous_8)
FN:42,(anonymous_9)
FNF:6
FNH:5
FNDA:5,(anonymous_4)
FNDA:5,(anonymous_5)
FNDA:0,(anonymous_6)
FNDA:3,(anonymous_7)
FNDA:1,(anonymous_8)
FNDA:1,(anonymous_9)
DA:1,11
DA:5,11
DA:6,11
DA:7,5
DA:8,11
DA:11,11
DA:12,5
DA:14,5
DA:17,0
DA:18,0
DA:22,3
DA:23,3
DA:24,3
DA:25,1
DA:26,1
DA:27,1
DA:29,0
DA:30,0
DA:35,1
DA:36,1
DA:38,0
DA:43,1
DA:44,1
DA:46,0
LF:24
LH:18
BRDA:24,0,0,2
BRDA:24,0,1,1
BRF:2
BRH:2
end_of_record
TN:
SF:src/core/city-expense/city-expense-fetch.service.ts
FN:18,(anonymous_4)
FN:20,(anonymous_5)
FN:60,(anonymous_6)
FNF:3
FNH:3
FNDA:5,(anonymous_4)
FNDA:5,(anonymous_5)
FNDA:126,(anonymous_6)
DA:1,10
DA:2,10
DA:4,10
DA:6,10
DA:11,10
DA:17,10
DA:18,5
DA:21,5
DA:23,5
DA:25,5
DA:26,0
DA:29,5
DA:31,5
DA:32,20
DA:33,20
DA:34,0
DA:37,20
DA:38,128
DA:39,128
DA:40,0
DA:42,128
DA:43,2
DA:47,18
DA:48,0
DA:53,3
DA:57,3
DA:58,3
DA:59,18
DA:60,126
DA:61,18
DA:63,18
DA:75,3
LF:32
LH:28
BRDA:25,0,0,0
BRDA:25,0,1,5
BRDA:25,1,0,5
BRDA:25,1,1,5
BRDA:33,2,0,0
BRDA:33,2,1,20
BRDA:33,3,0,20
BRDA:33,3,1,20
BRDA:39,4,0,0
BRDA:39,4,1,128
BRDA:39,5,0,128
BRDA:39,5,1,128
BRDA:42,6,0,2
BRDA:42,6,1,126
BRDA:42,7,0,128
BRDA:42,7,1,128
BRDA:42,7,2,127
BRDA:47,8,0,0
BRDA:47,8,1,18
BRDA:47,9,0,18
BRDA:47,9,1,18
BRDA:47,9,2,18
BRDA:47,9,3,18
BRDA:53,10,0,2
BRDA:53,10,1,1
BRDA:53,11,0,3
BRDA:53,11,1,3
BRDA:61,12,0,17
BRDA:61,12,1,1
BRF:29
BRH:25
end_of_record
TN:
SF:src/core/city-expense/city-expense.service.ts
FN:23,escapeRegex
FN:28,(anonymous_5)
FN:39,(anonymous_6)
FN:46,(anonymous_7)
FN:51,(anonymous_8)
FN:58,(anonymous_9)
FN:82,(anonymous_10)
FN:85,(anonymous_11)
FN:118,(anonymous_12)
FN:126,(anonymous_13)
FN:132,(anonymous_14)
FN:133,(anonymous_15)
FN:136,(anonymous_16)
FN:139,(anonymous_17)
FN:144,(anonymous_18)
FN:150,(anonymous_19)
FN:151,(anonymous_20)
FN:154,(anonymous_21)
FN:155,(anonymous_22)
FN:163,(anonymous_23)
FN:164,(anonymous_24)
FN:169,(anonymous_25)
FN:192,(anonymous_26)
FN:210,(anonymous_27)
FN:217,(anonymous_28)
FN:234,(anonymous_29)
FNF:26
FNH:21
FNDA:11,escapeRegex
FNDA:1,(anonymous_5)
FNDA:17,(anonymous_6)
FNDA:0,(anonymous_7)
FNDA:2,(anonymous_8)
FNDA:0,(anonymous_9)
FNDA:0,(anonymous_10)
FNDA:0,(anonymous_11)
FNDA:2,(anonymous_12)
FNDA:1,(anonymous_13)
FNDA:3,(anonymous_14)
FNDA:4,(anonymous_15)
FNDA:2,(anonymous_16)
FNDA:2,(anonymous_17)
FNDA:2,(anonymous_18)
FNDA:1,(anonymous_19)
FNDA:2,(anonymous_20)
FNDA:1,(anonymous_21)
FNDA:0,(anonymous_22)
FNDA:1,(anonymous_23)
FNDA:1,(anonymous_24)
FNDA:10,(anonymous_25)
FNDA:1,(anonymous_26)
FNDA:1,(anonymous_27)
FNDA:6,(anonymous_28)
FNDA:9,(anonymous_29)
DA:1,9
DA:7,9
DA:8,9
DA:9,9
DA:15,9
DA:16,9
DA:18,9
DA:20,9
DA:21,9
DA:24,11
DA:27,9
DA:29,1
DA:30,1
DA:35,9
DA:36,17
DA:41,17
DA:42,17
DA:43,17
DA:47,0
DA:48,0
DA:52,2
DA:53,1
DA:54,1
DA:59,0
DA:61,0
DA:62,0
DA:66,0
DA:67,0
DA:68,0
DA:69,0
DA:70,0
DA:72,0
DA:74,0
DA:76,0
DA:80,17
DA:83,0
DA:85,0
DA:86,0
DA:88,0
DA:89,0
DA:98,0
DA:99,0
DA:100,0
DA:101,0
DA:102,0
DA:103,0
DA:104,0
DA:106,0
DA:108,0
DA:112,0
DA:113,0
DA:119,2
DA:123,2
DA:127,1
DA:131,1
DA:132,3
DA:133,4
DA:139,2
DA:140,2
DA:142,1
DA:144,2
DA:150,1
DA:151,2
DA:153,1
DA:155,1
DA:156,0
DA:157,0
DA:162,1
DA:163,1
DA:164,1
DA:166,1
DA:175,10
DA:176,10
DA:179,5
DA:186,5
DA:187,3
DA:188,3
DA:190,3
DA:191,3
DA:192,2
DA:193,1
DA:197,3
DA:201,2
DA:202,2
DA:203,2
DA:204,1
DA:206,1
DA:213,1
DA:214,1
DA:220,6
DA:221,4
DA:230,4
DA:231,4
DA:240,9
DA:241,1
DA:243,8
DA:245,0
DA:246,0
DA:248,1
DA:249,1
DA:251,0
DA:252,0
DA:254,6
DA:255,6
DA:257,0
DA:258,0
DA:261,1
DA:262,1
DA:266,9
LF:109
LH:72
BRDA:52,0,0,1
BRDA:52,0,1,1
BRDA:69,1,0,0
BRDA:69,1,1,0
BRDA:86,2,0,0
BRDA:86,2,1,0
BRDA:98,3,0,0
BRDA:98,3,1,0
BRDA:140,4,0,1
BRDA:140,4,1,1
BRDA:163,5,0,1
BRDA:163,5,1,0
BRDA:171,6,0,6
BRDA:172,7,0,6
BRDA:176,8,0,5
BRDA:176,8,1,5
BRDA:176,9,0,10
BRDA:176,9,1,5
BRDA:186,10,0,3
BRDA:186,10,1,2
BRDA:186,11,0,5
BRDA:186,11,1,3
BRDA:191,12,0,2
BRDA:191,12,1,1
BRDA:240,13,0,1
BRDA:240,13,1,8
BRDA:243,14,0,0
BRDA:243,14,1,1
BRDA:243,14,2,0
BRDA:243,14,3,6
BRDA:243,14,4,0
BRDA:243,14,5,1
BRDA:243,14,6,1
BRDA:41,15,0,9
BRDA:41,15,1,0
BRDA:41,16,0,9
BRDA:41,16,1,9
BRDA:41,17,0,9
BRDA:41,17,1,0
BRDA:41,18,0,9
BRDA:41,18,1,9
BRDA:42,19,0,9
BRDA:42,19,1,0
BRDA:42,20,0,9
BRDA:42,20,1,9
BRF:45
BRH:32
end_of_record
TN:
SF:src/core/compensation/compensation.service.ts
FN:104,(anonymous_1)
FN:125,(anonymous_2)
FN:130,(anonymous_3)
FN:136,(anonymous_4)
FN:155,(anonymous_5)
FN:245,(anonymous_6)
FN:258,(anonymous_7)
FN:276,(anonymous_8)
FNF:8
FNH:7
FNDA:29,(anonymous_1)
FNDA:4,(anonymous_2)
FNDA:3,(anonymous_3)
FNDA:2,(anonymous_4)
FNDA:25,(anonymous_5)
FNDA:0,(anonymous_6)
FNDA:7,(anonymous_7)
FNDA:5,(anonymous_8)
DA:1,7
DA:4,7
DA:14,7
DA:15,7
DA:16,7
DA:17,7
DA:18,7
DA:19,7
DA:102,7
DA:105,29
DA:106,29
DA:107,29
DA:109,29
DA:110,137
DA:111,137
DA:112,137
DA:113,137
DA:114,137
DA:115,137
DA:118,29
DA:119,2
DA:122,29
DA:126,4
DA:127,4
DA:131,3
DA:132,3
DA:133,3
DA:137,2
DA:138,2
DA:161,25
DA:162,25
DA:165,25
DA:169,25
DA:170,25
DA:173,25
DA:174,25
DA:177,25
DA:180,25
DA:183,25
DA:190,25
DA:195,25
DA:198,25
DA:201,25
DA:202,25
DA:205,25
DA:206,25
DA:207,25
DA:209,25
DA:246,0
DA:247,0
DA:248,0
DA:249,0
DA:250,0
DA:251,0
DA:252,0
DA:253,0
DA:254,0
DA:255,0
DA:260,7
DA:261,7
DA:263,7
DA:265,7
DA:266,1
DA:269,7
DA:270,7
DA:271,7
DA:273,7
DA:277,5
DA:279,5
DA:280,1
DA:283,4
DA:284,1
DA:290,3
DA:291,0
DA:297,3
DA:298,1
DA:304,2
LF:77
LH:66
BRDA:111,0,0,0
BRDA:111,0,1,137
BRDA:115,1,0,29
BRDA:115,1,1,108
BRDA:118,2,0,2
BRDA:118,2,1,27
BRDA:177,3,0,22
BRDA:177,3,1,3
BRDA:190,4,0,6
BRDA:190,4,1,19
BRDA:265,5,0,1
BRDA:265,5,1,6
BRDA:279,6,0,1
BRDA:279,6,1,4
BRDA:283,7,0,1
BRDA:283,7,1,3
BRDA:290,8,0,0
BRDA:290,8,1,3
BRDA:297,9,0,1
BRDA:297,9,1,2
BRF:20
BRH:18
end_of_record
TN:
SF:src/core/data/cached-data-source.ts
FN:73,(anonymous_4)
FN:77,(anonymous_5)
FN:84,(anonymous_6)
FN:104,(anonymous_7)
FN:121,(anonymous_8)
FN:137,(anonymous_9)
FN:143,(anonymous_10)
FN:147,escapeRegex
FNF:8
FNH:6
FNDA:11,(anonymous_4)
FNDA:4,(anonymous_5)
FNDA:3,(anonymous_6)
FNDA:4,(anonymous_7)
FNDA:5,(anonymous_8)
FNDA:0,(anonymous_9)
FNDA:0,(anonymous_10)
FNDA:10,escapeRegex
DA:2,1
DA:3,1
DA:4,1
DA:13,1
DA:72,1
DA:74,11
DA:78,4
DA:79,4
DA:80,4
DA:81,3
DA:85,3
DA:86,3
DA:93,3
DA:95,2
DA:109,4
DA:110,4
DA:117,4
DA:119,3
DA:120,3
DA:122,5
DA:127,3
DA:129,1
DA:138,0
DA:143,0
DA:148,10
LF:25
LH:23
BRDA:78,0,0,0
BRDA:78,0,1,4
BRDA:80,1,0,1
BRDA:80,1,1,3
BRDA:80,2,0,4
BRDA:80,2,1,3
BRDA:81,3,0,3
BRDA:81,3,1,1
BRDA:93,4,0,1
BRDA:93,4,1,2
BRDA:97,5,0,2
BRDA:97,5,1,0
BRDA:98,6,0,2
BRDA:98,6,1,0
BRDA:100,7,0,2
BRDA:100,7,1,2
BRDA:117,8,0,1
BRDA:117,8,1,3
BRDA:120,9,0,3
BRDA:120,9,1,0
BRDA:122,10,0,5
BRDA:122,10,1,5
BRDA:122,10,2,3
BRDA:127,11,0,2
BRDA:127,11,1,1
BRDA:74,12,0,1
BRDA:74,12,1,0
BRDA:74,13,0,1
BRDA:74,13,1,1
BRF:29
BRH:24
end_of_record
TN:
SF:src/core/data/company-ai-profile.service.ts
FN:21,isQuotaExhausted
FN:31,(anonymous_5)
FN:37,(anonymous_6)
FN:39,(anonymous_7)
FN:40,(anonymous_8)
FN:48,(anonymous_9)
FN:59,(anonymous_10)
FN:70,(anonymous_11)
FN:86,(anonymous_12)
FN:88,(anonymous_13)
FN:128,(anonymous_14)
FN:147,(anonymous_15)
FN:157,(anonymous_16)
FN:207,(anonymous_17)
FN:216,(anonymous_18)
FNF:15
FNH:10
FNDA:2,isQuotaExhausted
FNDA:6,(anonymous_5)
FNDA:1,(anonymous_6)
FNDA:1,(anonymous_7)
FNDA:1,(anonymous_8)
FNDA:1,(anonymous_9)
FNDA:0,(anonymous_10)
FNDA:0,(anonymous_11)
FNDA:0,(anonymous_12)
FNDA:0,(anonymous_13)
FNDA:0,(anonymous_14)
FNDA:5,(anonymous_15)
FNDA:7,(anonymous_16)
FNDA:5,(anonymous_17)
FNDA:3,(anonymous_18)
DA:1,1
DA:2,1
DA:3,1
DA:4,1
DA:6,1
DA:7,1
DA:9,1
DA:11,1
DA:12,1
DA:17,1
DA:19,1
DA:22,2
DA:26,1
DA:27,6
DA:28,6
DA:29,6
DA:32,6
DA:33,6
DA:34,6
DA:38,1
DA:39,1
DA:40,1
DA:41,1
DA:42,1
DA:44,1
DA:49,1
DA:50,1
DA:51,0
DA:53,1
DA:54,1
DA:60,0
DA:61,0
DA:62,0
DA:63,0
DA:64,0
DA:71,0
DA:76,0
DA:77,0
DA:78,0
DA:81,0
DA:86,0
DA:88,0
DA:89,0
DA:91,0
DA:96,0
DA:97,0
DA:98,0
DA:99,0
DA:101,0
DA:102,0
DA:103,0
DA:104,0
DA:105,0
DA:107,0
DA:108,0
DA:113,0
DA:115,0
DA:116,0
DA:118,0
DA:119,0
DA:123,0
DA:129,0
DA:130,0
DA:148,5
DA:149,5
DA:150,5
DA:151,5
DA:157,5
DA:158,7
DA:161,7
DA:164,5
DA:167,5
DA:168,5
DA:169,0
DA:170,0
DA:172,5
DA:173,5
DA:174,5
DA:175,3
DA:179,3
DA:180,3
DA:182,2
DA:183,1
DA:188,1
DA:190,1
DA:194,4
DA:195,1
DA:199,5
DA:203,0
DA:210,5
DA:212,5
DA:213,3
DA:220,3
DA:221,3
DA:223,0
LF:95
LH:57
BRDA:22,0,0,2
BRDA:22,0,1,0
BRDA:38,1,0,0
BRDA:38,1,1,1
BRDA:97,2,0,0
BRDA:97,2,1,0
BRDA:107,3,0,0
BRDA:107,3,1,0
BRDA:116,4,0,0
BRDA:116,4,1,0
BRDA:118,5,0,0
BRDA:118,5,1,0
BRDA:158,6,0,2
BRDA:158,6,1,5
BRDA:161,7,0,7
BRDA:161,7,1,2
BRDA:168,8,0,0
BRDA:168,8,1,5
BRDA:182,9,0,1
BRDA:182,9,1,1
BRDA:191,10,0,1
BRDA:191,10,1,0
BRDA:194,11,0,1
BRDA:194,11,1,3
BRDA:223,12,0,0
BRDA:223,12,1,0
BRDA:32,13,0,1
BRDA:32,13,1,0
BRDA:32,14,0,1
BRDA:32,14,1,1
BRDA:32,15,0,1
BRDA:32,15,1,0
BRDA:32,16,0,1
BRDA:32,16,1,1
BRF:34
BRH:18
end_of_record
TN:
SF:src/core/data/company-fetch.service.ts
FN:41,(anonymous_4)
FN:43,(anonymous_5)
FN:50,(anonymous_6)
FNF:3
FNH:3
FNDA:4,(anonymous_4)
FNDA:4,(anonymous_5)
FNDA:3,(anonymous_6)
DA:1,2
DA:3,2
DA:4,2
DA:5,2
DA:6,2
DA:38,2
DA:39,4
DA:41,4
DA:44,4
DA:46,4
DA:47,3
DA:51,3
DA:52,3
DA:54,2
LF:14
LH:14
BRDA:54,0,0,2
BRDA:54,0,1,0
BRF:2
BRH:1
end_of_record
TN:
SF:src/core/data/data-source.interface.ts
FNF:0
FNH:0
DA:1,6
LF:1
LH:1
BRF:0
BRH:0
end_of_record
TN:
SF:src/core/data/live-data-source.ts
FN:5,(anonymous_0)
FN:9,(anonymous_1)
FN:17,(anonymous_2)
FN:21,(anonymous_3)
FNF:4
FNH:3
FNDA:1,(anonymous_0)
FNDA:1,(anonymous_1)
FNDA:1,(anonymous_2)
FNDA:0,(anonymous_3)
DA:1,1
DA:4,1
DA:6,1
DA:14,1
DA:18,1
DA:22,0
LF:6
LH:5
BRF:0
BRH:0
end_of_record
TN:
SF:src/features/auth/auth.controller.ts
FN:10,(anonymous_4)
FN:13,(anonymous_5)
FN:19,(anonymous_6)
FNF:3
FNH:3
FNDA:1,(anonymous_4)
FNDA:1,(anonymous_5)
FNDA:1,(anonymous_6)
DA:1,1
DA:2,1
DA:3,1
DA:4,1
DA:5,1
DA:9,1
DA:10,1
DA:13,1
DA:14,1
DA:19,1
DA:20,1
LF:11
LH:11
BRDA:13,0,0,1
BRDA:13,0,1,0
BRDA:13,1,0,1
BRDA:13,1,1,1
BRDA:19,2,0,1
BRDA:19,2,1,0
BRDA:19,3,0,1
BRDA:19,3,1,1
BRDA:10,4,0,1
BRDA:10,4,1,0
BRDA:10,5,0,1
BRDA:10,5,1,1
BRF:12
BRH:9
end_of_record
TN:
SF:src/features/auth/auth.service.ts
FN:41,(anonymous_13)
FN:46,(anonymous_14)
FN:79,(anonymous_15)
FN:96,(anonymous_16)
FNF:4
FNH:4
FNDA:6,(anonymous_13)
FNDA:3,(anonymous_14)
FNDA:3,(anonymous_15)
FNDA:3,(anonymous_16)
DA:1,2
DA:6,2
DA:7,2
DA:8,2
DA:9,2
DA:10,2
DA:14,2
DA:40,2
DA:42,6
DA:43,6
DA:47,3
DA:52,3
DA:53,1
DA:56,2
DA:59,2
DA:60,2
DA:61,2
DA:63,2
DA:76,2
DA:80,3
DA:84,3
DA:85,1
DA:88,2
DA:89,2
DA:90,1
DA:93,1
DA:97,3
DA:102,3
LF:28
LH:28
BRDA:52,0,0,1
BRDA:52,0,1,2
BRDA:60,1,0,1
BRDA:60,1,1,1
BRDA:73,2,0,2
BRDA:73,2,1,2
BRDA:84,3,0,1
BRDA:84,3,1,2
BRDA:89,4,0,1
BRDA:89,4,1,1
BRDA:114,5,0,3
BRDA:114,5,1,0
BRDA:42,6,0,2
BRDA:42,6,1,0
BRDA:42,7,0,2
BRDA:42,7,1,2
BRDA:42,8,0,2
BRDA:42,8,1,0
BRDA:42,9,0,2
BRDA:42,9,1,2
BRF:20
BRH:17
end_of_record
TN:
SF:src/features/auth/dtos/login.dto.ts
FNF:0
FNH:0
DA:1,1
DA:3,1
DA:5,1
DA:9,1
LF:4
LH:4
BRF:0
BRH:0
end_of_record
TN:
SF:src/features/auth/dtos/signup.dto.ts
FNF:0
FNH:0
DA:1,1
DA:14,1
DA:16,1
DA:20,1
DA:24,1
DA:29,1
DA:34,1
DA:39,1
DA:42,1
DA:46,1
DA:50,1
DA:56,1
LF:12
LH:12
BRF:0
BRH:0
end_of_record
TN:
SF:src/features/city-expense/city-expense-admin.controller.ts
FN:17,(anonymous_4)
FN:20,(anonymous_5)
FN:25,(anonymous_6)
FN:29,(anonymous_7)
FNF:4
FNH:4
FNDA:4,(anonymous_4)
FNDA:4,(anonymous_5)
FNDA:9,(anonymous_6)
FNDA:9,(anonymous_7)
DA:1,1
DA:2,1
DA:3,1
DA:5,1
DA:16,1
DA:17,4
DA:20,1
DA:23,4
DA:24,4
DA:25,9
DA:27,4
DA:29,9
LF:12
LH:12
BRDA:23,0,0,3
BRDA:23,0,1,1
BRDA:32,1,0,9
BRDA:32,1,1,1
BRDA:22,2,0,1
BRDA:22,2,1,0
BRDA:22,3,0,1
BRDA:22,3,1,1
BRDA:17,4,0,1
BRDA:17,4,1,0
BRDA:17,5,0,1
BRDA:17,5,1,1
BRF:12
BRH:10
end_of_record
TN:
SF:src/features/city-expense/city-expense.controller.ts
FN:7,(anonymous_4)
FN:16,(anonymous_5)
FN:35,(anonymous_6)
FN:40,(anonymous_7)
FN:44,(anonymous_8)
FNF:5
FNH:5
FNDA:7,(anonymous_4)
FNDA:2,(anonymous_5)
FNDA:5,(anonymous_6)
FNDA:4,(anonymous_7)
FNDA:5,(anonymous_8)
DA:1,1
DA:2,1
DA:3,1
DA:6,1
DA:7,7
DA:16,1
DA:17,2
DA:18,2
DA:35,1
DA:36,5
DA:40,5
DA:42,5
DA:44,5
LF:13
LH:13
BRDA:36,0,0,3
BRDA:36,0,1,2
BRDA:37,1,0,1
BRDA:37,1,1,2
BRDA:16,2,0,1
BRDA:16,2,1,0
BRDA:16,3,0,1
BRDA:16,3,1,1
BRDA:7,4,0,1
BRDA:7,4,1,0
BRDA:7,5,0,1
BRDA:7,5,1,1
BRF:12
BRH:10
end_of_record
TN:
SF:src/features/health/health.controller.ts
FN:18,(anonymous_4)
FN:24,(anonymous_5)
FNF:2
FNH:2
FNDA:4,(anonymous_4)
FNDA:4,(anonymous_5)
DA:1,1
DA:2,1
DA:4,1
DA:5,1
DA:6,1
DA:17,1
DA:19,4
DA:20,4
DA:24,1
DA:25,4
DA:27,4
DA:28,4
DA:29,4
DA:30,2
DA:35,4
DA:42,4
DA:43,3
DA:46,1
LF:18
LH:18
BRDA:36,0,0,1
BRDA:36,0,1,3
BRDA:36,1,0,4
BRDA:36,1,1,2
BRDA:37,2,0,2
BRDA:37,2,1,2
BRDA:38,3,0,2
BRDA:38,3,1,2
BRDA:42,4,0,3
BRDA:42,4,1,1
BRDA:42,5,0,4
BRDA:42,5,1,2
BRDA:24,6,0,1
BRDA:24,6,1,0
BRDA:24,7,0,1
BRDA:24,7,1,1
BRDA:19,8,0,1
BRDA:19,8,1,0
BRDA:19,9,0,1
BRDA:19,9,1,1
BRF:20
BRH:18
end_of_record
TN:
SF:src/features/offer-comparison/offer-comparison.controller.ts
FN:14,(anonymous_4)
FN:20,(anonymous_5)
FNF:2
FNH:2
FNDA:1,(anonymous_4)
FNDA:2,(anonymous_5)
DA:1,1
DA:2,1
DA:3,1
DA:4,1
DA:5,1
DA:6,1
DA:7,1
DA:11,1
DA:12,1
DA:14,1
DA:20,1
DA:24,2
DA:25,2
LF:13
LH:13
BRDA:24,0,0,2
BRDA:24,0,1,0
BRDA:22,1,0,1
BRDA:22,1,1,0
BRDA:22,2,0,1
BRDA:22,2,1,1
BRDA:14,3,0,1
BRDA:14,3,1,0
BRDA:14,4,0,1
BRDA:14,4,1,1
BRF:10
BRH:7
end_of_record
TN:
SF:src/features/offer-comparison/offer-comparison.service.ts
FN:74,(anonymous_4)
FN:85,(anonymous_5)
FN:91,(anonymous_6)
FN:109,(anonymous_7)
FN:127,(anonymous_8)
FN:154,(anonymous_9)
FN:171,(anonymous_10)
FN:177,(anonymous_11)
FN:188,(anonymous_12)
FN:191,(anonymous_13)
FN:192,(anonymous_14)
FN:201,(anonymous_15)
FN:208,(anonymous_16)
FN:211,(anonymous_17)
FN:282,(anonymous_18)
FN:288,(anonymous_19)
FN:293,(anonymous_20)
FN:296,(anonymous_21)
FN:297,(anonymous_22)
FN:316,(anonymous_23)
FN:322,(anonymous_24)
FN:336,(anonymous_25)
FN:343,(anonymous_26)
FN:375,(anonymous_27)
FNF:24
FNH:21
FNDA:18,(anonymous_4)
FNDA:3,(anonymous_5)
FNDA:14,(anonymous_6)
FNDA:6,(anonymous_7)
FNDA:11,(anonymous_8)
FNDA:11,(anonymous_9)
FNDA:11,(anonymous_10)
FNDA:11,(anonymous_11)
FNDA:11,(anonymous_12)
FNDA:11,(anonymous_13)
FNDA:11,(anonymous_14)
FNDA:11,(anonymous_15)
FNDA:9,(anonymous_16)
FNDA:15,(anonymous_17)
FNDA:9,(anonymous_18)
FNDA:9,(anonymous_19)
FNDA:0,(anonymous_20)
FNDA:0,(anonymous_21)
FNDA:0,(anonymous_22)
FNDA:5,(anonymous_23)
FNDA:11,(anonymous_24)
FNDA:11,(anonymous_25)
FNDA:11,(anonymous_26)
FNDA:5,(anonymous_27)
DA:1,2
DA:2,2
DA:3,2
DA:4,2
DA:6,2
DA:7,2
DA:9,2
DA:10,2
DA:11,2
DA:20,2
DA:21,2
DA:22,2
DA:68,2
DA:71,2
DA:72,18
DA:75,18
DA:76,18
DA:77,18
DA:78,18
DA:79,18
DA:80,18
DA:86,3
DA:92,14
DA:93,14
DA:95,6
DA:96,1
DA:101,5
DA:103,9
DA:113,6
DA:114,6
DA:116,6
DA:117,6
DA:119,5
DA:121,5
DA:122,5
DA:125,5
DA:126,5
DA:128,11
DA:129,11
DA:131,11
DA:136,11
DA:147,11
DA:148,11
DA:153,5
DA:154,5
DA:155,11
DA:171,5
DA:172,11
DA:176,5
DA:177,11
DA:186,5
DA:187,5
DA:188,11
DA:191,11
DA:192,11
DA:193,5
DA:198,5
DA:199,5
DA:200,5
DA:201,11
DA:202,5
DA:204,4
DA:207,4
DA:208,4
DA:209,9
DA:210,9
DA:211,15
DA:213,9
DA:214,0
DA:219,9
DA:221,9
DA:265,4
DA:267,4
DA:275,2
DA:276,2
DA:283,9
DA:284,0
DA:288,9
DA:289,9
DA:291,9
DA:292,9
DA:293,0
DA:294,0
DA:295,0
DA:296,0
DA:297,0
DA:298,0
DA:299,0
DA:303,9
DA:322,11
DA:336,5
DA:337,11
DA:338,11
DA:339,0
DA:343,11
DA:349,11
DA:350,0
DA:366,11
DA:374,5
DA:375,5
DA:379,5
DA:403,5
DA:410,5
LF:103
LH:92
BRDA:85,0,0,3
BRDA:95,1,0,1
BRDA:95,1,1,5
BRDA:103,2,0,9
BRDA:103,2,1,0
BRDA:114,3,0,6
BRDA:114,3,1,0
BRDA:117,4,0,1
BRDA:117,4,1,5
BRDA:121,5,0,5
BRDA:121,5,1,5
BRDA:122,6,0,0
BRDA:122,6,1,5
BRDA:122,7,0,5
BRDA:122,7,1,5
BRDA:128,8,0,0
BRDA:128,8,1,11
BRDA:148,9,0,11
BRDA:148,9,1,0
BRDA:213,10,0,0
BRDA:213,10,1,9
BRDA:249,11,0,9
BRDA:249,11,1,0
BRDA:249,11,2,0
BRDA:250,12,0,9
BRDA:250,12,1,0
BRDA:250,12,2,0
BRDA:251,13,0,9
BRDA:251,13,1,0
BRDA:251,13,2,0
BRDA:252,14,0,9
BRDA:252,14,1,0
BRDA:252,14,2,0
BRDA:253,15,0,9
BRDA:253,15,1,0
BRDA:253,15,2,0
BRDA:254,16,0,9
BRDA:254,16,1,0
BRDA:254,17,0,0
BRDA:254,17,1,0
BRDA:283,18,0,0
BRDA:283,18,1,9
BRDA:283,19,0,9
BRDA:283,19,1,9
BRDA:288,20,0,9
BRDA:288,20,1,0
BRDA:292,21,0,0
BRDA:292,21,1,9
BRDA:293,22,0,0
BRDA:293,22,1,0
BRDA:298,23,0,0
BRDA:298,23,1,0
BRDA:338,24,0,0
BRDA:338,24,1,11
BRDA:349,25,0,0
BRDA:349,25,1,11
BRDA:375,26,0,5
BRDA:375,26,1,0
BRDA:382,27,0,5
BRDA:382,27,1,0
BRDA:403,28,0,5
BRDA:403,28,1,0
BRDA:75,29,0,2
BRDA:75,29,1,0
BRDA:75,30,0,2
BRDA:75,30,1,2
BRDA:75,31,0,2
BRDA:75,31,1,0
BRDA:75,32,0,2
BRDA:75,32,1,2
BRDA:77,33,0,2
BRDA:77,33,1,0
BRDA:77,34,0,2
BRDA:77,34,1,2
BRDA:78,35,0,2
BRDA:78,35,1,0
BRDA:78,36,0,2
BRDA:78,36,1,2
BRF:78
BRH:43
end_of_record
TN:
SF:src/features/offer-comparison/offers.service.ts
FN:14,(anonymous_4)
FN:19,(anonymous_5)
FN:20,(anonymous_6)
FNF:3
FNH:3
FNDA:3,(anonymous_4)
FNDA:3,(anonymous_5)
FNDA:4,(anonymous_6)
DA:1,3
DA:2,3
DA:3,3
DA:4,3
DA:13,3
DA:16,3
DA:20,4
DA:24,3
LF:8
LH:8
BRDA:16,0,0,3
BRDA:16,0,1,0
BRDA:16,1,0,3
BRDA:16,1,1,3
BRF:4
BRH:3
end_of_record
TN:
SF:src/features/offer-comparison/dtos/offer-comparison-response.dto.ts
FNF:0
FNH:0
DA:3,0
DA:14,0
DA:24,0
DA:30,0
DA:36,0
DA:76,0
DA:85,0
LF:7
LH:0
BRF:0
BRH:0
end_of_record
TN:
SF:src/features/salary-ask/salary-ask.controller.ts
FN:9,(anonymous_4)
FN:13,(anonymous_5)
FN:18,(anonymous_6)
FNF:3
FNH:3
FNDA:1,(anonymous_4)
FNDA:1,(anonymous_5)
FNDA:1,(anonymous_6)
DA:1,1
DA:2,1
DA:4,1
DA:5,1
DA:8,1
DA:9,1
DA:13,1
DA:14,1
DA:18,1
DA:21,1
LF:10
LH:10
BRDA:19,0,0,1
BRDA:19,0,1,0
BRDA:19,1,0,1
BRDA:19,1,1,1
BRDA:20,2,0,1
BRDA:20,2,1,0
BRDA:20,3,0,1
BRDA:20,3,1,1
BRDA:9,4,0,1
BRDA:9,4,1,0
BRDA:9,5,0,1
BRDA:9,5,1,1
BRF:12
BRH:9
end_of_record
TN:
SF:src/features/salary-ask/salary-ask.service.ts
FN:53,scaleFallback
FN:63,assignBadge
FN:82,(anonymous_6)
FN:88,(anonymous_7)
FN:89,(anonymous_8)
FN:92,(anonymous_9)
FN:98,(anonymous_10)
FN:113,(anonymous_11)
FN:118,(anonymous_12)
FN:127,(anonymous_13)
FN:130,(anonymous_14)
FN:169,(anonymous_15)
FN:170,(anonymous_16)
FN:189,(anonymous_17)
FNF:14
FNH:12
FNDA:1,scaleFallback
FNDA:374,assignBadge
FNDA:11,(anonymous_6)
FNDA:0,(anonymous_7)
FNDA:0,(anonymous_8)
FNDA:11,(anonymous_9)
FNDA:11,(anonymous_10)
FNDA:374,(anonymous_11)
FNDA:374,(anonymous_12)
FNDA:374,(anonymous_13)
FNDA:374,(anonymous_14)
FNDA:342,(anonymous_15)
FNDA:374,(anonymous_16)
FNDA:11,(anonymous_17)
DA:1,2
DA:2,2
DA:4,2
DA:5,2
DA:14,2
DA:30,2
DA:31,2
DA:32,2
DA:36,2
DA:51,2
DA:54,1
DA:55,1
DA:69,374
DA:70,363
DA:71,363
DA:72,352
DA:73,22
DA:74,11
DA:75,0
DA:79,2
DA:80,11
DA:83,11
DA:84,11
DA:85,11
DA:89,0
DA:93,11
DA:94,11
DA:95,11
DA:99,11
DA:100,11
DA:102,11
DA:103,11
DA:104,11
DA:105,0
DA:109,11
DA:111,11
DA:113,374
DA:115,11
DA:117,11
DA:118,11
DA:119,374
DA:120,374
DA:123,11
DA:124,11
DA:126,11
DA:127,374
DA:130,11
DA:131,374
DA:132,374
DA:133,374
DA:135,374
DA:136,374
DA:137,374
DA:138,374
DA:140,374
DA:155,374
DA:169,342
DA:170,11
DA:171,374
DA:172,373
DA:177,11
DA:178,1
DA:179,1
DA:180,10
DA:181,1
DA:182,1
DA:186,9
DA:189,11
DA:191,11
DA:195,11
DA:199,11
DA:215,11
DA:216,11
LF:73
LH:70
BRDA:54,0,0,0
BRDA:54,0,1,1
BRDA:55,1,0,1
BRDA:55,1,1,0
BRDA:69,2,0,11
BRDA:69,2,1,363
BRDA:71,3,0,11
BRDA:71,3,1,352
BRDA:72,4,0,330
BRDA:72,4,1,22
BRDA:73,5,0,11
BRDA:73,5,1,11
BRDA:74,6,0,11
BRDA:74,6,1,0
BRDA:93,7,0,11
BRDA:93,7,1,11
BRDA:94,8,0,0
BRDA:94,8,1,11
BRDA:94,9,0,11
BRDA:94,9,1,11
BRDA:99,10,0,11
BRDA:99,10,1,11
BRDA:100,11,0,0
BRDA:100,11,1,11
BRDA:100,12,0,11
BRDA:100,12,1,11
BRDA:104,13,0,0
BRDA:104,13,1,11
BRDA:104,14,0,11
BRDA:104,14,1,0
BRDA:120,15,0,66
BRDA:120,15,1,308
BRDA:124,16,0,11
BRDA:124,16,1,1
BRDA:131,17,0,374
BRDA:131,17,1,308
BRDA:136,18,0,373
BRDA:136,18,1,1
BRDA:137,19,0,374
BRDA:137,19,1,0
BRDA:138,20,0,374
BRDA:138,20,1,1
BRDA:140,21,0,373
BRDA:140,21,1,1
BRDA:171,22,0,1
BRDA:171,22,1,373
BRDA:177,23,0,1
BRDA:177,23,1,10
BRDA:180,24,0,1
BRDA:180,24,1,9
BRDA:180,25,0,10
BRDA:180,25,1,9
BRDA:182,26,0,1
BRDA:182,26,1,0
BRDA:191,27,0,11
BRDA:191,27,1,0
BRDA:195,28,0,11
BRDA:195,28,1,0
BRDA:83,29,0,2
BRDA:83,29,1,0
BRDA:83,30,0,2
BRDA:83,30,1,2
BRDA:83,31,0,2
BRDA:83,31,1,0
BRDA:83,32,0,2
BRDA:83,32,1,2
BRF:66
BRH:53
end_of_record
TN:
SF:src/features/salary-ask/dtos/salary-ask-request.dto.ts
FN:35,(anonymous_2)
FNF:1
FNH:1
FNDA:4,(anonymous_2)
DA:1,2
DA:14,2
DA:17,2
DA:22,2
DA:27,2
DA:32,5
DA:35,4
DA:40,5
LF:8
LH:8
BRF:0
BRH:0
end_of_record
TN:
SF:src/features/salary-ask/dtos/salary-ask-response.dto.ts
FNF:0
FNH:0
DA:1,0
DA:22,0
DA:35,0
LF:3
LH:0
BRF:0
BRH:0
end_of_record
TN:
SF:src/features/salary-comparison/salary-comparison.controller.ts
FN:15,(anonymous_4)
FN:22,(anonymous_5)
FN:29,(anonymous_6)
FNF:3
FNH:2
FNDA:2,(anonymous_4)
FNDA:0,(anonymous_5)
FNDA:1,(anonymous_6)
DA:1,1
DA:2,1
DA:3,1
DA:4,1
DA:5,1
DA:7,1
DA:8,1
DA:12,1
DA:13,2
DA:16,2
DA:17,2
DA:22,1
DA:23,0
DA:24,0
DA:25,0
DA:29,1
DA:33,1
DA:34,1
LF:18
LH:15
BRDA:33,0,0,1
BRDA:33,0,1,0
BRDA:22,1,0,1
BRDA:22,1,1,0
BRDA:22,2,0,1
BRDA:22,2,1,1
BRDA:31,3,0,1
BRDA:31,3,1,0
BRDA:31,4,0,1
BRDA:31,4,1,1
BRDA:16,5,0,1
BRDA:16,5,1,0
BRDA:16,6,0,1
BRDA:16,6,1,1
BRF:14
BRH:10
end_of_record
TN:
SF:src/features/salary-comparison/salary-comparison.service.ts
FN:24,(anonymous_4)
FN:31,(anonymous_5)
FN:49,(anonymous_6)
FN:65,(anonymous_7)
FN:82,(anonymous_8)
FN:89,(anonymous_9)
FN:92,(anonymous_10)
FN:96,(anonymous_11)
FN:136,(anonymous_12)
FNF:9
FNH:9
FNDA:7,(anonymous_4)
FNDA:7,(anonymous_5)
FNDA:8,(anonymous_6)
FNDA:8,(anonymous_7)
FNDA:8,(anonymous_8)
FNDA:8,(anonymous_9)
FNDA:8,(anonymous_10)
FNDA:8,(anonymous_11)
FNDA:2,(anonymous_12)
DA:1,2
DA:2,2
DA:3,2
DA:4,2
DA:6,2
DA:7,2
DA:8,2
DA:18,2
DA:21,2
DA:22,7
DA:25,7
DA:26,7
DA:27,7
DA:28,7
DA:35,7
DA:36,7
DA:38,7
DA:39,7
DA:41,6
DA:43,6
DA:44,6
DA:47,6
DA:48,6
DA:50,8
DA:51,8
DA:53,8
DA:58,8
DA:59,8
DA:64,6
DA:65,6
DA:66,8
DA:82,6
DA:83,8
DA:87,6
DA:88,6
DA:89,8
DA:92,8
DA:93,6
DA:96,6
DA:97,8
DA:99,8
DA:100,7
DA:118,1
DA:119,1
DA:123,1
DA:136,2
DA:143,6
DA:145,6
DA:153,1
DA:154,1
LF:50
LH:50
BRDA:36,0,0,7
BRDA:36,0,1,0
BRDA:39,1,0,1
BRDA:39,1,1,6
BRDA:43,2,0,6
BRDA:43,2,1,2
BRDA:44,3,0,2
BRDA:44,3,1,4
BRDA:44,4,0,4
BRDA:44,4,1,2
BRDA:50,5,0,1
BRDA:50,5,1,7
BRDA:59,6,0,8
BRDA:59,6,1,0
BRDA:99,7,0,7
BRDA:99,7,1,1
BRDA:119,8,0,1
BRDA:119,8,1,0
BRDA:125,9,0,1
BRDA:125,9,1,0
BRDA:126,10,0,1
BRDA:126,10,1,0
BRDA:127,11,0,1
BRDA:127,11,1,0
BRDA:130,12,0,1
BRDA:130,12,1,0
BRDA:131,13,0,1
BRDA:131,13,1,0
BRDA:132,14,0,1
BRDA:132,14,1,0
BRDA:133,15,0,1
BRDA:133,15,1,0
BRDA:134,16,0,1
BRDA:134,16,1,0
BRDA:136,17,0,1
BRDA:136,17,1,0
BRDA:25,18,0,2
BRDA:25,18,1,0
BRDA:25,19,0,2
BRDA:25,19,1,2
BRDA:25,20,0,2
BRDA:25,20,1,0
BRDA:25,21,0,2
BRDA:25,21,1,2
BRDA:27,22,0,2
BRDA:27,22,1,0
BRDA:27,23,0,2
BRDA:27,23,1,2
BRF:48
BRH:33
end_of_record
TN:
SF:src/features/salary-comparison/dtos/salary-comparison-request.dto.ts
FN:60,(anonymous_2)
FN:67,(anonymous_3)
FNF:2
FNH:0
FNDA:0,(anonymous_2)
FNDA:0,(anonymous_3)
DA:1,1
DA:19,1
DA:22,1
DA:26,1
DA:30,1
DA:35,1
DA:38,1
DA:42,1
DA:45,1
DA:49,1
DA:52,1
DA:55,1
DA:60,0
DA:61,1
DA:65,1
DA:67,0
DA:72,1
LF:17
LH:15
BRF:0
BRH:0
end_of_record
TN:
SF:src/features/salary-comparison/dtos/salary-comparison-response.dto.ts
FNF:0
FNH:0
DA:3,0
DA:32,0
DA:41,0
DA:46,0
DA:56,0
LF:5
LH:0
BRF:0
BRH:0
end_of_record
TN:
SF:src/shared/decorators/current-user.decorator.ts
FN:6,(anonymous_0)
FNF:1
FNH:0
FNDA:0,(anonymous_0)
DA:1,2
DA:5,2
DA:7,0
LF:3
LH:2
BRF:0
BRH:0
end_of_record
TN:
SF:src/shared/decorators/is-statutory-or-positive-int.decorator.ts
FN:7,IsStatutoryOrPositiveInt
FN:8,(anonymous_1)
FN:18,(anonymous_2)
FNF:3
FNH:0
FNDA:0,IsStatutoryOrPositiveInt
FNDA:0,(anonymous_1)
FNDA:0,(anonymous_2)
DA:1,0
DA:7,0
DA:8,0
DA:9,0
DA:19,0
DA:20,0
LF:6
LH:0
BRDA:19,0,0,0
BRDA:19,0,1,0
BRDA:21,1,0,0
BRDA:21,1,1,0
BRDA:21,1,2,0
BRF:5
BRH:0
end_of_record
TN:
SF:src/shared/decorators/public.decorator.ts
FN:6,(anonymous_0)
FNF:1
FNH:1
FNDA:5,(anonymous_0)
DA:1,6
DA:3,6
DA:6,6
LF:3
LH:3
BRF:0
BRH:0
end_of_record
TN:
SF:src/shared/dtos/offer-input.dto.ts
FN:23,(anonymous_2)
FN:62,(anonymous_3)
FN:69,(anonymous_4)
FNF:3
FNH:3
FNDA:22,(anonymous_2)
FNDA:4,(anonymous_3)
FNDA:4,(anonymous_4)
DA:1,2
DA:19,2
DA:22,2
DA:23,22
DA:27,2
DA:32,2
DA:37,2
DA:40,2
DA:44,2
DA:47,2
DA:51,2
DA:54,2
DA:57,2
DA:62,4
DA:63,2
DA:67,4
DA:69,4
DA:74,4
LF:18
LH:18
BRDA:23,0,0,22
BRDA:23,0,1,0
BRF:2
BRH:1
end_of_record
TN:
SF:src/shared/dtos/statutory-or-positive-int.validator.ts
FN:5,(anonymous_1)
FN:10,(anonymous_2)
FNF:2
FNH:2
FNDA:10,(anonymous_1)
FNDA:1,(anonymous_2)
DA:1,1
DA:4,1
DA:6,10
DA:7,9
DA:11,1
LF:5
LH:5
BRDA:6,0,0,1
BRDA:6,0,1,9
BRDA:7,1,0,9
BRDA:7,1,1,5
BRDA:7,1,2,4
BRF:5
BRH:5
end_of_record
TN:
SF:src/shared/filters/ai-exception.filter.ts
FN:15,(anonymous_1)
FNF:1
FNH:1
FNDA:1,(anonymous_1)
DA:1,1
DA:9,1
DA:12,1
DA:13,1
DA:16,1
DA:17,1
DA:18,1
DA:19,1
LF:8
LH:8
BRF:0
BRH:0
end_of_record
TN:
SF:src/shared/guards/admin.guard.ts
FN:7,(anonymous_2)
FN:9,(anonymous_3)
FNF:2
FNH:2
FNDA:4,(anonymous_2)
FNDA:4,(anonymous_3)
DA:1,2
DA:2,2
DA:6,2
DA:7,4
DA:10,4
DA:11,4
DA:12,3
DA:13,3
LF:8
LH:8
BRDA:11,0,0,1
BRDA:11,0,1,3
BRDA:7,1,0,2
BRDA:7,1,1,0
BRDA:7,2,0,2
BRDA:7,2,1,2
BRF:6
BRH:5
end_of_record
TN:
SF:src/shared/guards/ai-throttler.guard.ts
FN:9,(anonymous_1)
FN:13,(anonymous_2)
FNF:2
FNH:0
FNDA:0,(anonymous_1)
FNDA:0,(anonymous_2)
DA:1,1
DA:2,1
DA:8,1
DA:10,0
DA:14,0
LF:5
LH:3
BRDA:10,0,0,0
BRDA:10,0,1,0
BRDA:10,0,2,0
BRF:3
BRH:0
end_of_record
TN:
SF:src/shared/guards/jwt-auth.guard.ts
FN:16,(anonymous_2)
FN:22,(anonymous_3)
FN:44,(anonymous_4)
FNF:3
FNH:3
FNDA:5,(anonymous_2)
FNDA:5,(anonymous_3)
FNDA:4,(anonymous_4)
DA:1,1
DA:7,1
DA:8,1
DA:9,1
DA:12,1
DA:15,1
DA:17,5
DA:18,5
DA:19,5
DA:23,5
DA:27,5
DA:29,4
DA:30,4
DA:31,4
DA:33,2
DA:34,2
DA:38,1
DA:41,1
DA:45,4
DA:46,4
DA:47,4
LF:21
LH:21
BRDA:27,0,0,1
BRDA:27,0,1,4
BRDA:31,1,0,2
BRDA:31,1,1,2
BRDA:45,2,0,4
BRDA:45,2,1,0
BRDA:47,3,0,2
BRDA:47,3,1,2
BRDA:47,4,0,4
BRDA:47,4,1,2
BRDA:17,5,0,1
BRDA:17,5,1,0
BRDA:17,6,0,1
BRDA:17,6,1,1
BRDA:17,7,0,1
BRDA:17,7,1,0
BRDA:17,8,0,1
BRDA:17,8,1,1
BRDA:18,9,0,1
BRDA:18,9,1,0
BRDA:18,10,0,1
BRDA:18,10,1,1
BRF:22
BRH:18
end_of_record
TN:
SF:src/shared/interceptors/logging.interceptor.ts
FN:30,(anonymous_1)
FN:44,(anonymous_2)
FN:48,(anonymous_3)
FNF:3
FNH:3
FNDA:4,(anonymous_1)
FNDA:2,(anonymous_2)
FNDA:4,(anonymous_3)
DA:1,1
DA:9,1
DA:11,1
DA:13,1
DA:19,1
DA:27,1
DA:28,4
DA:31,4
DA:32,4
DA:33,4
DA:34,4
DA:36,4
DA:42,4
DA:45,2
DA:49,4
DA:50,4
DA:51,4
DA:53,4
DA:54,4
DA:56,4
DA:57,4
DA:58,1
DA:59,3
DA:60,1
DA:62,2
LF:25
LH:25
BRDA:32,0,0,4
BRDA:32,0,1,1
BRDA:45,1,0,1
BRDA:45,1,1,1
BRDA:50,2,0,4
BRDA:50,2,1,2
BRDA:57,3,0,1
BRDA:57,3,1,3
BRDA:59,4,0,1
BRDA:59,4,1,2
BRF:10
BRH:10
end_of_record
TN:
SF:src/shared/prompts/prompt-registry.ts
FN:6,buildOfferComparisonUserPrompt
FN:43,buildCompanyProfileUserPrompt
FN:78,buildCompanyFetchUserPrompt
FN:135,buildCityExpenseUserPrompt
FNF:4
FNH:4
FNDA:5,buildOfferComparisonUserPrompt
FNDA:5,buildCompanyProfileUserPrompt
FNDA:4,buildCompanyFetchUserPrompt
FNDA:5,buildCityExpenseUserPrompt
DA:1,12
DA:6,12
DA:14,5
DA:37,12
DA:43,12
DA:48,5
DA:71,12
DA:78,12
DA:79,4
DA:127,12
DA:135,12
DA:136,5
LF:12
LH:12
BRDA:51,0,0,5
BRDA:51,0,1,0
BRDA:54,1,0,5
BRDA:54,1,1,0
BRF:4
BRH:2
end_of_record
TN:
SF:src/shared/schemas/ai-validation.schemas.ts
FN:21,(anonymous_0)
FN:62,(anonymous_1)
FNF:2
FNH:2
FNDA:28,(anonymous_0)
FNDA:2,(anonymous_1)
DA:1,4
DA:3,4
DA:22,28
DA:23,28
DA:29,4
DA:44,4
DA:57,4
DA:62,2
DA:67,4
DA:75,4
DA:83,4
LF:11
LH:11
BRDA:22,0,0,28
BRDA:22,0,1,0
BRDA:22,1,0,28
BRDA:22,1,1,0
BRDA:22,2,0,28
BRDA:22,2,1,0
BRF:6
BRH:3
end_of_record
TN:
SF:src/shared/schemas/city-expense.schema.ts
FNF:0
FNH:0
DA:1,9
DA:6,9
DA:18,9
DA:19,9
DA:20,9
DA:21,9
DA:22,9
DA:23,9
DA:24,9
DA:25,9
DA:26,9
DA:27,9
DA:28,9
DA:29,9
DA:33,9
LF:15
LH:15
BRDA:27,0,0,9
BRDA:27,0,1,0
BRDA:27,1,0,9
BRDA:27,1,1,9
BRF:4
BRH:3
end_of_record
TN:
SF:src/shared/schemas/company.schema.ts
FNF:0
FNH:0
DA:1,2
DA:5,2
DA:6,2
DA:7,2
DA:8,2
DA:9,2
DA:10,2
DA:11,2
DA:12,2
DA:13,2
DA:14,2
DA:17,2
DA:20,2
DA:21,2
DA:22,2
DA:23,2
DA:24,2
DA:27,2
DA:30,2
DA:31,2
DA:32,2
DA:33,2
DA:34,2
DA:35,2
DA:38,2
DA:41,2
DA:42,2
DA:43,2
DA:44,2
DA:45,2
DA:46,2
DA:49,2
DA:52,2
DA:53,2
DA:54,2
DA:55,2
DA:56,2
DA:57,2
DA:58,2
DA:59,2
DA:63,2
LF:41
LH:41
BRDA:14,0,0,2
BRDA:14,0,1,0
BRDA:14,1,0,2
BRDA:14,1,1,2
BRDA:58,2,0,2
BRDA:58,2,1,0
BRDA:58,3,0,2
BRDA:58,3,1,2
BRF:8
BRH:6
end_of_record
TN:
SF:src/shared/schemas/offer.schema.ts
FNF:0
FNH:0
DA:1,3
DA:2,3
DA:5,3
DA:7,3
DA:10,3
DA:13,3
DA:17,3
LF:7
LH:7
BRDA:7,0,0,3
BRDA:7,0,1,0
BRDA:7,1,0,3
BRDA:7,1,1,3
BRDA:10,2,0,0
BRDA:10,2,1,3
BRDA:10,3,0,3
BRDA:10,3,1,0
BRDA:13,4,0,0
BRDA:13,4,1,3
BRDA:13,5,0,3
BRDA:13,5,1,0
BRF:12
BRH:7
end_of_record
TN:
SF:src/shared/schemas/user.schema.ts
FNF:0
FNH:0
DA:1,6
DA:5,6
DA:7,6
DA:10,6
DA:13,6
DA:17,6
DA:21,6
DA:25,6
DA:29,6
DA:32,6
DA:35,6
DA:39,6
DA:43,6
LF:13
LH:13
BRF:0
BRH:0
end_of_record
